[2023-03-07T15:34:51.274+0000] {taskinstance.py:1083} INFO - Dependencies all met for <TaskInstance: http_request_dag.server_node manual__2023-03-07T15:34:49.460162+00:00 [queued]>
[2023-03-07T15:34:51.282+0000] {taskinstance.py:1083} INFO - Dependencies all met for <TaskInstance: http_request_dag.server_node manual__2023-03-07T15:34:49.460162+00:00 [queued]>
[2023-03-07T15:34:51.283+0000] {taskinstance.py:1279} INFO - 
--------------------------------------------------------------------------------
[2023-03-07T15:34:51.283+0000] {taskinstance.py:1280} INFO - Starting attempt 1 of 2
[2023-03-07T15:34:51.284+0000] {taskinstance.py:1281} INFO - 
--------------------------------------------------------------------------------
[2023-03-07T15:34:51.294+0000] {taskinstance.py:1300} INFO - Executing <Task(SimpleHttpOperator): server_node> on 2023-03-07 15:34:49.460162+00:00
[2023-03-07T15:34:51.302+0000] {standard_task_runner.py:55} INFO - Started process 6926 to run task
[2023-03-07T15:34:51.308+0000] {standard_task_runner.py:82} INFO - Running: ['***', 'tasks', 'run', 'http_request_dag', 'server_node', 'manual__2023-03-07T15:34:49.460162+00:00', '--job-id', '160', '--raw', '--subdir', 'DAGS_FOLDER/httpDag.py', '--cfg-path', '/tmp/tmp5sxo4bk3']
[2023-03-07T15:34:51.309+0000] {standard_task_runner.py:83} INFO - Job 160: Subtask server_node
[2023-03-07T15:34:51.421+0000] {task_command.py:388} INFO - Running <TaskInstance: http_request_dag.server_node manual__2023-03-07T15:34:49.460162+00:00 [running]> on host 8e82f4110add
[2023-03-07T15:34:51.498+0000] {taskinstance.py:1509} INFO - Exporting the following env vars:
AIRFLOW_CTX_DAG_OWNER=***
AIRFLOW_CTX_DAG_ID=http_request_dag
AIRFLOW_CTX_TASK_ID=server_node
AIRFLOW_CTX_EXECUTION_DATE=2023-03-07T15:34:49.460162+00:00
AIRFLOW_CTX_TRY_NUMBER=1
AIRFLOW_CTX_DAG_RUN_ID=manual__2023-03-07T15:34:49.460162+00:00
[2023-03-07T15:34:51.502+0000] {http.py:123} INFO - Calling HTTP method
[2023-03-07T15:34:51.525+0000] {base.py:73} INFO - Using connection ID 'nome_conexao_pokemon_2' for task execution.
[2023-03-07T15:34:51.967+0000] {taskinstance.py:1323} INFO - Marking task as SUCCESS. dag_id=http_request_dag, task_id=server_node, execution_date=20230307T153449, start_date=20230307T153451, end_date=20230307T153451
[2023-03-07T15:34:52.061+0000] {local_task_job.py:208} INFO - Task exited with return code 0
[2023-03-07T15:34:52.107+0000] {taskinstance.py:2578} INFO - 1 downstream tasks scheduled from follow-on schedule check
