[2023-03-07T13:43:36.029+0000] {processor.py:153} INFO - Started process (PID=48) to work on /home/airflow/.local/lib/python3.7/site-packages/airflow/example_dags/example_latest_only.py
[2023-03-07T13:43:36.043+0000] {processor.py:743} INFO - Processing file /home/airflow/.local/lib/python3.7/site-packages/airflow/example_dags/example_latest_only.py for tasks to queue
[2023-03-07T13:43:36.050+0000] {logging_mixin.py:137} INFO - [2023-03-07T13:43:36.049+0000] {dagbag.py:538} INFO - Filling up the DagBag from /home/airflow/.local/lib/python3.7/site-packages/airflow/example_dags/example_latest_only.py
[2023-03-07T13:43:36.218+0000] {processor.py:753} INFO - DAG(s) dict_keys(['latest_only']) retrieved from /home/airflow/.local/lib/python3.7/site-packages/airflow/example_dags/example_latest_only.py
[2023-03-07T13:43:36.429+0000] {logging_mixin.py:137} INFO - [2023-03-07T13:43:36.428+0000] {dag.py:2690} INFO - Sync 1 DAGs
[2023-03-07T13:43:36.604+0000] {logging_mixin.py:137} INFO - [2023-03-07T13:43:36.603+0000] {dag.py:3441} INFO - Setting next_dagrun for latest_only to 2023-03-07T09:43:36.603218+00:00, run_after=2023-03-07T13:43:36.603218+00:00
[2023-03-07T13:43:36.909+0000] {processor.py:175} INFO - Processing /home/airflow/.local/lib/python3.7/site-packages/airflow/example_dags/example_latest_only.py took 0.893 seconds
[2023-03-07T13:44:07.244+0000] {processor.py:153} INFO - Started process (PID=98) to work on /home/airflow/.local/lib/python3.7/site-packages/airflow/example_dags/example_latest_only.py
[2023-03-07T13:44:07.246+0000] {processor.py:743} INFO - Processing file /home/airflow/.local/lib/python3.7/site-packages/airflow/example_dags/example_latest_only.py for tasks to queue
[2023-03-07T13:44:07.247+0000] {logging_mixin.py:137} INFO - [2023-03-07T13:44:07.247+0000] {dagbag.py:538} INFO - Filling up the DagBag from /home/airflow/.local/lib/python3.7/site-packages/airflow/example_dags/example_latest_only.py
[2023-03-07T13:44:07.272+0000] {processor.py:753} INFO - DAG(s) dict_keys(['latest_only']) retrieved from /home/airflow/.local/lib/python3.7/site-packages/airflow/example_dags/example_latest_only.py
[2023-03-07T13:44:07.313+0000] {logging_mixin.py:137} INFO - [2023-03-07T13:44:07.313+0000] {dag.py:2690} INFO - Sync 1 DAGs
[2023-03-07T13:44:07.346+0000] {logging_mixin.py:137} INFO - [2023-03-07T13:44:07.346+0000] {dag.py:3441} INFO - Setting next_dagrun for latest_only to 2023-03-07T09:44:07.345549+00:00, run_after=2023-03-07T13:44:07.345549+00:00
[2023-03-07T13:44:07.364+0000] {processor.py:175} INFO - Processing /home/airflow/.local/lib/python3.7/site-packages/airflow/example_dags/example_latest_only.py took 0.124 seconds
[2023-03-07T13:44:42.527+0000] {processor.py:153} INFO - Started process (PID=161) to work on /home/airflow/.local/lib/python3.7/site-packages/airflow/example_dags/example_latest_only.py
[2023-03-07T13:44:42.545+0000] {processor.py:743} INFO - Processing file /home/airflow/.local/lib/python3.7/site-packages/airflow/example_dags/example_latest_only.py for tasks to queue
[2023-03-07T13:44:42.549+0000] {logging_mixin.py:137} INFO - [2023-03-07T13:44:42.548+0000] {dagbag.py:538} INFO - Filling up the DagBag from /home/airflow/.local/lib/python3.7/site-packages/airflow/example_dags/example_latest_only.py
[2023-03-07T13:44:42.607+0000] {processor.py:753} INFO - DAG(s) dict_keys(['latest_only']) retrieved from /home/airflow/.local/lib/python3.7/site-packages/airflow/example_dags/example_latest_only.py
[2023-03-07T13:44:42.776+0000] {logging_mixin.py:137} INFO - [2023-03-07T13:44:42.775+0000] {dag.py:2690} INFO - Sync 1 DAGs
[2023-03-07T13:44:42.961+0000] {logging_mixin.py:137} INFO - [2023-03-07T13:44:42.961+0000] {dag.py:3441} INFO - Setting next_dagrun for latest_only to 2023-03-07T09:44:42.960054+00:00, run_after=2023-03-07T13:44:42.960054+00:00
[2023-03-07T13:44:43.104+0000] {processor.py:175} INFO - Processing /home/airflow/.local/lib/python3.7/site-packages/airflow/example_dags/example_latest_only.py took 0.613 seconds
[2023-03-07T13:45:39.115+0000] {processor.py:153} INFO - Started process (PID=232) to work on /home/airflow/.local/lib/python3.7/site-packages/airflow/example_dags/example_latest_only.py
[2023-03-07T13:45:39.128+0000] {processor.py:743} INFO - Processing file /home/airflow/.local/lib/python3.7/site-packages/airflow/example_dags/example_latest_only.py for tasks to queue
[2023-03-07T13:45:39.144+0000] {logging_mixin.py:137} INFO - [2023-03-07T13:45:39.141+0000] {dagbag.py:538} INFO - Filling up the DagBag from /home/airflow/.local/lib/python3.7/site-packages/airflow/example_dags/example_latest_only.py
[2023-03-07T13:45:39.244+0000] {processor.py:753} INFO - DAG(s) dict_keys(['latest_only']) retrieved from /home/airflow/.local/lib/python3.7/site-packages/airflow/example_dags/example_latest_only.py
[2023-03-07T13:45:39.460+0000] {logging_mixin.py:137} INFO - [2023-03-07T13:45:39.456+0000] {dag.py:2690} INFO - Sync 1 DAGs
[2023-03-07T13:45:39.642+0000] {logging_mixin.py:137} INFO - [2023-03-07T13:45:39.642+0000] {dag.py:3441} INFO - Setting next_dagrun for latest_only to 2023-03-07T09:45:39.641094+00:00, run_after=2023-03-07T13:45:39.641094+00:00
[2023-03-07T13:45:39.821+0000] {processor.py:175} INFO - Processing /home/airflow/.local/lib/python3.7/site-packages/airflow/example_dags/example_latest_only.py took 0.729 seconds
[2023-03-07T13:46:14.203+0000] {processor.py:153} INFO - Started process (PID=295) to work on /home/airflow/.local/lib/python3.7/site-packages/airflow/example_dags/example_latest_only.py
[2023-03-07T13:46:14.482+0000] {processor.py:743} INFO - Processing file /home/airflow/.local/lib/python3.7/site-packages/airflow/example_dags/example_latest_only.py for tasks to queue
[2023-03-07T13:46:14.525+0000] {logging_mixin.py:137} INFO - [2023-03-07T13:46:14.514+0000] {dagbag.py:538} INFO - Filling up the DagBag from /home/airflow/.local/lib/python3.7/site-packages/airflow/example_dags/example_latest_only.py
[2023-03-07T13:46:15.120+0000] {processor.py:753} INFO - DAG(s) dict_keys(['latest_only']) retrieved from /home/airflow/.local/lib/python3.7/site-packages/airflow/example_dags/example_latest_only.py
[2023-03-07T13:46:15.483+0000] {logging_mixin.py:137} INFO - [2023-03-07T13:46:15.482+0000] {dag.py:2690} INFO - Sync 1 DAGs
[2023-03-07T13:46:15.631+0000] {logging_mixin.py:137} INFO - [2023-03-07T13:46:15.631+0000] {dag.py:3441} INFO - Setting next_dagrun for latest_only to 2023-03-07T09:46:15.628046+00:00, run_after=2023-03-07T13:46:15.628046+00:00
[2023-03-07T13:46:15.776+0000] {processor.py:175} INFO - Processing /home/airflow/.local/lib/python3.7/site-packages/airflow/example_dags/example_latest_only.py took 1.600 seconds
