[2023-03-07T13:43:38.057+0000] {processor.py:153} INFO - Started process (PID=53) to work on /home/airflow/.local/lib/python3.7/site-packages/airflow/example_dags/example_trigger_target_dag.py
[2023-03-07T13:43:38.066+0000] {processor.py:743} INFO - Processing file /home/airflow/.local/lib/python3.7/site-packages/airflow/example_dags/example_trigger_target_dag.py for tasks to queue
[2023-03-07T13:43:38.072+0000] {logging_mixin.py:137} INFO - [2023-03-07T13:43:38.072+0000] {dagbag.py:538} INFO - Filling up the DagBag from /home/airflow/.local/lib/python3.7/site-packages/airflow/example_dags/example_trigger_target_dag.py
[2023-03-07T13:43:38.205+0000] {processor.py:753} INFO - DAG(s) dict_keys(['example_trigger_target_dag']) retrieved from /home/airflow/.local/lib/python3.7/site-packages/airflow/example_dags/example_trigger_target_dag.py
[2023-03-07T13:43:38.336+0000] {logging_mixin.py:137} INFO - [2023-03-07T13:43:38.334+0000] {dag.py:2690} INFO - Sync 1 DAGs
[2023-03-07T13:43:38.567+0000] {logging_mixin.py:137} INFO - [2023-03-07T13:43:38.567+0000] {dag.py:3441} INFO - Setting next_dagrun for example_trigger_target_dag to None, run_after=None
[2023-03-07T13:43:38.722+0000] {processor.py:175} INFO - Processing /home/airflow/.local/lib/python3.7/site-packages/airflow/example_dags/example_trigger_target_dag.py took 0.690 seconds
[2023-03-07T13:44:09.379+0000] {processor.py:153} INFO - Started process (PID=103) to work on /home/airflow/.local/lib/python3.7/site-packages/airflow/example_dags/example_trigger_target_dag.py
[2023-03-07T13:44:09.381+0000] {processor.py:743} INFO - Processing file /home/airflow/.local/lib/python3.7/site-packages/airflow/example_dags/example_trigger_target_dag.py for tasks to queue
[2023-03-07T13:44:09.385+0000] {logging_mixin.py:137} INFO - [2023-03-07T13:44:09.385+0000] {dagbag.py:538} INFO - Filling up the DagBag from /home/airflow/.local/lib/python3.7/site-packages/airflow/example_dags/example_trigger_target_dag.py
[2023-03-07T13:44:09.463+0000] {processor.py:753} INFO - DAG(s) dict_keys(['example_trigger_target_dag']) retrieved from /home/airflow/.local/lib/python3.7/site-packages/airflow/example_dags/example_trigger_target_dag.py
[2023-03-07T13:44:09.543+0000] {logging_mixin.py:137} INFO - [2023-03-07T13:44:09.539+0000] {dag.py:2690} INFO - Sync 1 DAGs
[2023-03-07T13:44:09.722+0000] {logging_mixin.py:137} INFO - [2023-03-07T13:44:09.721+0000] {dag.py:3441} INFO - Setting next_dagrun for example_trigger_target_dag to None, run_after=None
[2023-03-07T13:44:09.831+0000] {processor.py:175} INFO - Processing /home/airflow/.local/lib/python3.7/site-packages/airflow/example_dags/example_trigger_target_dag.py took 0.463 seconds
[2023-03-07T13:44:48.218+0000] {processor.py:153} INFO - Started process (PID=173) to work on /home/airflow/.local/lib/python3.7/site-packages/airflow/example_dags/example_trigger_target_dag.py
[2023-03-07T13:44:48.221+0000] {processor.py:743} INFO - Processing file /home/airflow/.local/lib/python3.7/site-packages/airflow/example_dags/example_trigger_target_dag.py for tasks to queue
[2023-03-07T13:44:48.240+0000] {logging_mixin.py:137} INFO - [2023-03-07T13:44:48.240+0000] {dagbag.py:538} INFO - Filling up the DagBag from /home/airflow/.local/lib/python3.7/site-packages/airflow/example_dags/example_trigger_target_dag.py
[2023-03-07T13:44:48.315+0000] {processor.py:753} INFO - DAG(s) dict_keys(['example_trigger_target_dag']) retrieved from /home/airflow/.local/lib/python3.7/site-packages/airflow/example_dags/example_trigger_target_dag.py
[2023-03-07T13:44:48.411+0000] {logging_mixin.py:137} INFO - [2023-03-07T13:44:48.410+0000] {dag.py:2690} INFO - Sync 1 DAGs
[2023-03-07T13:44:48.478+0000] {logging_mixin.py:137} INFO - [2023-03-07T13:44:48.478+0000] {dag.py:3441} INFO - Setting next_dagrun for example_trigger_target_dag to None, run_after=None
[2023-03-07T13:44:48.609+0000] {processor.py:175} INFO - Processing /home/airflow/.local/lib/python3.7/site-packages/airflow/example_dags/example_trigger_target_dag.py took 0.456 seconds
[2023-03-07T13:45:42.418+0000] {processor.py:153} INFO - Started process (PID=237) to work on /home/airflow/.local/lib/python3.7/site-packages/airflow/example_dags/example_trigger_target_dag.py
[2023-03-07T13:45:42.508+0000] {processor.py:743} INFO - Processing file /home/airflow/.local/lib/python3.7/site-packages/airflow/example_dags/example_trigger_target_dag.py for tasks to queue
[2023-03-07T13:45:42.516+0000] {logging_mixin.py:137} INFO - [2023-03-07T13:45:42.516+0000] {dagbag.py:538} INFO - Filling up the DagBag from /home/airflow/.local/lib/python3.7/site-packages/airflow/example_dags/example_trigger_target_dag.py
[2023-03-07T13:45:42.857+0000] {processor.py:753} INFO - DAG(s) dict_keys(['example_trigger_target_dag']) retrieved from /home/airflow/.local/lib/python3.7/site-packages/airflow/example_dags/example_trigger_target_dag.py
[2023-03-07T13:45:43.082+0000] {logging_mixin.py:137} INFO - [2023-03-07T13:45:43.082+0000] {dag.py:2690} INFO - Sync 1 DAGs
[2023-03-07T13:45:43.154+0000] {logging_mixin.py:137} INFO - [2023-03-07T13:45:43.154+0000] {dag.py:3441} INFO - Setting next_dagrun for example_trigger_target_dag to None, run_after=None
[2023-03-07T13:45:43.272+0000] {processor.py:175} INFO - Processing /home/airflow/.local/lib/python3.7/site-packages/airflow/example_dags/example_trigger_target_dag.py took 0.884 seconds
[2023-03-07T13:46:18.115+0000] {processor.py:153} INFO - Started process (PID=300) to work on /home/airflow/.local/lib/python3.7/site-packages/airflow/example_dags/example_trigger_target_dag.py
[2023-03-07T13:46:18.127+0000] {processor.py:743} INFO - Processing file /home/airflow/.local/lib/python3.7/site-packages/airflow/example_dags/example_trigger_target_dag.py for tasks to queue
[2023-03-07T13:46:18.134+0000] {logging_mixin.py:137} INFO - [2023-03-07T13:46:18.133+0000] {dagbag.py:538} INFO - Filling up the DagBag from /home/airflow/.local/lib/python3.7/site-packages/airflow/example_dags/example_trigger_target_dag.py
[2023-03-07T13:46:18.257+0000] {processor.py:753} INFO - DAG(s) dict_keys(['example_trigger_target_dag']) retrieved from /home/airflow/.local/lib/python3.7/site-packages/airflow/example_dags/example_trigger_target_dag.py
[2023-03-07T13:46:18.420+0000] {logging_mixin.py:137} INFO - [2023-03-07T13:46:18.419+0000] {dag.py:2690} INFO - Sync 1 DAGs
[2023-03-07T13:46:18.493+0000] {logging_mixin.py:137} INFO - [2023-03-07T13:46:18.493+0000] {dag.py:3441} INFO - Setting next_dagrun for example_trigger_target_dag to None, run_after=None
[2023-03-07T13:46:18.558+0000] {processor.py:175} INFO - Processing /home/airflow/.local/lib/python3.7/site-packages/airflow/example_dags/example_trigger_target_dag.py took 0.466 seconds
