[2023-03-07T13:43:35.709+0000] {processor.py:153} INFO - Started process (PID=47) to work on /home/airflow/.local/lib/python3.7/site-packages/airflow/example_dags/example_subdag_operator.py
[2023-03-07T13:43:35.713+0000] {processor.py:743} INFO - Processing file /home/airflow/.local/lib/python3.7/site-packages/airflow/example_dags/example_subdag_operator.py for tasks to queue
[2023-03-07T13:43:35.718+0000] {logging_mixin.py:137} INFO - [2023-03-07T13:43:35.717+0000] {dagbag.py:538} INFO - Filling up the DagBag from /home/airflow/.local/lib/python3.7/site-packages/airflow/example_dags/example_subdag_operator.py
[2023-03-07T13:43:35.968+0000] {processor.py:753} INFO - DAG(s) dict_keys(['example_subdag_operator.section-1', 'example_subdag_operator.section-2', 'example_subdag_operator']) retrieved from /home/airflow/.local/lib/python3.7/site-packages/airflow/example_dags/example_subdag_operator.py
[2023-03-07T13:43:35.996+0000] {logging_mixin.py:137} INFO - [2023-03-07T13:43:35.996+0000] {dag.py:2690} INFO - Sync 3 DAGs
[2023-03-07T13:43:36.134+0000] {logging_mixin.py:137} INFO - [2023-03-07T13:43:36.134+0000] {dag.py:3441} INFO - Setting next_dagrun for example_subdag_operator to 2022-01-01T00:00:00+00:00, run_after=2022-01-01T00:00:00+00:00
[2023-03-07T13:43:36.166+0000] {logging_mixin.py:137} INFO - [2023-03-07T13:43:36.165+0000] {dag.py:3441} INFO - Setting next_dagrun for example_subdag_operator.section-1 to None, run_after=None
[2023-03-07T13:43:36.186+0000] {logging_mixin.py:137} INFO - [2023-03-07T13:43:36.186+0000] {dag.py:3441} INFO - Setting next_dagrun for example_subdag_operator.section-2 to None, run_after=None
[2023-03-07T13:43:36.249+0000] {logging_mixin.py:137} INFO - [2023-03-07T13:43:36.249+0000] {dag.py:2690} INFO - Sync 2 DAGs
[2023-03-07T13:43:36.291+0000] {logging_mixin.py:137} INFO - [2023-03-07T13:43:36.291+0000] {dag.py:3441} INFO - Setting next_dagrun for example_subdag_operator.section-1 to None, run_after=None
[2023-03-07T13:43:36.294+0000] {logging_mixin.py:137} INFO - [2023-03-07T13:43:36.294+0000] {dag.py:3441} INFO - Setting next_dagrun for example_subdag_operator.section-2 to None, run_after=None
[2023-03-07T13:43:36.377+0000] {processor.py:175} INFO - Processing /home/airflow/.local/lib/python3.7/site-packages/airflow/example_dags/example_subdag_operator.py took 0.673 seconds
[2023-03-07T13:44:07.241+0000] {processor.py:153} INFO - Started process (PID=97) to work on /home/airflow/.local/lib/python3.7/site-packages/airflow/example_dags/example_subdag_operator.py
[2023-03-07T13:44:07.243+0000] {processor.py:743} INFO - Processing file /home/airflow/.local/lib/python3.7/site-packages/airflow/example_dags/example_subdag_operator.py for tasks to queue
[2023-03-07T13:44:07.245+0000] {logging_mixin.py:137} INFO - [2023-03-07T13:44:07.245+0000] {dagbag.py:538} INFO - Filling up the DagBag from /home/airflow/.local/lib/python3.7/site-packages/airflow/example_dags/example_subdag_operator.py
[2023-03-07T13:44:07.305+0000] {processor.py:753} INFO - DAG(s) dict_keys(['example_subdag_operator.section-1', 'example_subdag_operator.section-2', 'example_subdag_operator']) retrieved from /home/airflow/.local/lib/python3.7/site-packages/airflow/example_dags/example_subdag_operator.py
[2023-03-07T13:44:07.326+0000] {logging_mixin.py:137} INFO - [2023-03-07T13:44:07.326+0000] {dag.py:2690} INFO - Sync 3 DAGs
[2023-03-07T13:44:07.354+0000] {logging_mixin.py:137} INFO - [2023-03-07T13:44:07.353+0000] {dag.py:3441} INFO - Setting next_dagrun for example_subdag_operator to 2022-01-01T00:00:00+00:00, run_after=2022-01-01T00:00:00+00:00
[2023-03-07T13:44:07.357+0000] {logging_mixin.py:137} INFO - [2023-03-07T13:44:07.357+0000] {dag.py:3441} INFO - Setting next_dagrun for example_subdag_operator.section-1 to None, run_after=None
[2023-03-07T13:44:07.360+0000] {logging_mixin.py:137} INFO - [2023-03-07T13:44:07.359+0000] {dag.py:3441} INFO - Setting next_dagrun for example_subdag_operator.section-2 to None, run_after=None
[2023-03-07T13:44:07.372+0000] {logging_mixin.py:137} INFO - [2023-03-07T13:44:07.372+0000] {dag.py:2690} INFO - Sync 2 DAGs
[2023-03-07T13:44:07.379+0000] {logging_mixin.py:137} INFO - [2023-03-07T13:44:07.378+0000] {dag.py:3441} INFO - Setting next_dagrun for example_subdag_operator.section-1 to None, run_after=None
[2023-03-07T13:44:07.380+0000] {logging_mixin.py:137} INFO - [2023-03-07T13:44:07.380+0000] {dag.py:3441} INFO - Setting next_dagrun for example_subdag_operator.section-2 to None, run_after=None
[2023-03-07T13:44:07.387+0000] {processor.py:175} INFO - Processing /home/airflow/.local/lib/python3.7/site-packages/airflow/example_dags/example_subdag_operator.py took 0.153 seconds
[2023-03-07T13:44:42.309+0000] {processor.py:153} INFO - Started process (PID=160) to work on /home/airflow/.local/lib/python3.7/site-packages/airflow/example_dags/example_subdag_operator.py
[2023-03-07T13:44:42.336+0000] {processor.py:743} INFO - Processing file /home/airflow/.local/lib/python3.7/site-packages/airflow/example_dags/example_subdag_operator.py for tasks to queue
[2023-03-07T13:44:42.379+0000] {logging_mixin.py:137} INFO - [2023-03-07T13:44:42.365+0000] {dagbag.py:538} INFO - Filling up the DagBag from /home/airflow/.local/lib/python3.7/site-packages/airflow/example_dags/example_subdag_operator.py
[2023-03-07T13:44:42.652+0000] {processor.py:753} INFO - DAG(s) dict_keys(['example_subdag_operator.section-1', 'example_subdag_operator.section-2', 'example_subdag_operator']) retrieved from /home/airflow/.local/lib/python3.7/site-packages/airflow/example_dags/example_subdag_operator.py
[2023-03-07T13:44:42.834+0000] {logging_mixin.py:137} INFO - [2023-03-07T13:44:42.832+0000] {dag.py:2690} INFO - Sync 3 DAGs
[2023-03-07T13:44:42.918+0000] {logging_mixin.py:137} INFO - [2023-03-07T13:44:42.917+0000] {dag.py:3441} INFO - Setting next_dagrun for example_subdag_operator to 2022-01-01T00:00:00+00:00, run_after=2022-01-01T00:00:00+00:00
[2023-03-07T13:44:42.995+0000] {logging_mixin.py:137} INFO - [2023-03-07T13:44:42.995+0000] {dag.py:3441} INFO - Setting next_dagrun for example_subdag_operator.section-1 to None, run_after=None
[2023-03-07T13:44:43.036+0000] {logging_mixin.py:137} INFO - [2023-03-07T13:44:43.036+0000] {dag.py:3441} INFO - Setting next_dagrun for example_subdag_operator.section-2 to None, run_after=None
[2023-03-07T13:44:43.105+0000] {logging_mixin.py:137} INFO - [2023-03-07T13:44:43.105+0000] {dag.py:2690} INFO - Sync 2 DAGs
[2023-03-07T13:44:43.153+0000] {logging_mixin.py:137} INFO - [2023-03-07T13:44:43.153+0000] {dag.py:3441} INFO - Setting next_dagrun for example_subdag_operator.section-1 to None, run_after=None
[2023-03-07T13:44:43.162+0000] {logging_mixin.py:137} INFO - [2023-03-07T13:44:43.161+0000] {dag.py:3441} INFO - Setting next_dagrun for example_subdag_operator.section-2 to None, run_after=None
[2023-03-07T13:44:43.276+0000] {processor.py:175} INFO - Processing /home/airflow/.local/lib/python3.7/site-packages/airflow/example_dags/example_subdag_operator.py took 1.118 seconds
[2023-03-07T13:45:37.731+0000] {processor.py:153} INFO - Started process (PID=228) to work on /home/airflow/.local/lib/python3.7/site-packages/airflow/example_dags/example_subdag_operator.py
[2023-03-07T13:45:37.742+0000] {processor.py:743} INFO - Processing file /home/airflow/.local/lib/python3.7/site-packages/airflow/example_dags/example_subdag_operator.py for tasks to queue
[2023-03-07T13:45:37.750+0000] {logging_mixin.py:137} INFO - [2023-03-07T13:45:37.749+0000] {dagbag.py:538} INFO - Filling up the DagBag from /home/airflow/.local/lib/python3.7/site-packages/airflow/example_dags/example_subdag_operator.py
[2023-03-07T13:45:38.422+0000] {processor.py:753} INFO - DAG(s) dict_keys(['example_subdag_operator.section-1', 'example_subdag_operator.section-2', 'example_subdag_operator']) retrieved from /home/airflow/.local/lib/python3.7/site-packages/airflow/example_dags/example_subdag_operator.py
[2023-03-07T13:45:38.510+0000] {logging_mixin.py:137} INFO - [2023-03-07T13:45:38.510+0000] {dag.py:2690} INFO - Sync 3 DAGs
[2023-03-07T13:45:38.624+0000] {logging_mixin.py:137} INFO - [2023-03-07T13:45:38.623+0000] {dag.py:3441} INFO - Setting next_dagrun for example_subdag_operator to 2022-01-01T00:00:00+00:00, run_after=2022-01-01T00:00:00+00:00
[2023-03-07T13:45:38.658+0000] {logging_mixin.py:137} INFO - [2023-03-07T13:45:38.658+0000] {dag.py:3441} INFO - Setting next_dagrun for example_subdag_operator.section-1 to None, run_after=None
[2023-03-07T13:45:38.663+0000] {logging_mixin.py:137} INFO - [2023-03-07T13:45:38.663+0000] {dag.py:3441} INFO - Setting next_dagrun for example_subdag_operator.section-2 to None, run_after=None
[2023-03-07T13:45:38.703+0000] {logging_mixin.py:137} INFO - [2023-03-07T13:45:38.702+0000] {dag.py:2690} INFO - Sync 2 DAGs
[2023-03-07T13:45:38.738+0000] {logging_mixin.py:137} INFO - [2023-03-07T13:45:38.737+0000] {dag.py:3441} INFO - Setting next_dagrun for example_subdag_operator.section-1 to None, run_after=None
[2023-03-07T13:45:38.762+0000] {logging_mixin.py:137} INFO - [2023-03-07T13:45:38.762+0000] {dag.py:3441} INFO - Setting next_dagrun for example_subdag_operator.section-2 to None, run_after=None
[2023-03-07T13:45:38.823+0000] {processor.py:175} INFO - Processing /home/airflow/.local/lib/python3.7/site-packages/airflow/example_dags/example_subdag_operator.py took 1.124 seconds
[2023-03-07T13:46:10.129+0000] {processor.py:153} INFO - Started process (PID=291) to work on /home/airflow/.local/lib/python3.7/site-packages/airflow/example_dags/example_subdag_operator.py
[2023-03-07T13:46:10.141+0000] {processor.py:743} INFO - Processing file /home/airflow/.local/lib/python3.7/site-packages/airflow/example_dags/example_subdag_operator.py for tasks to queue
[2023-03-07T13:46:10.148+0000] {logging_mixin.py:137} INFO - [2023-03-07T13:46:10.148+0000] {dagbag.py:538} INFO - Filling up the DagBag from /home/airflow/.local/lib/python3.7/site-packages/airflow/example_dags/example_subdag_operator.py
[2023-03-07T13:46:10.873+0000] {processor.py:753} INFO - DAG(s) dict_keys(['example_subdag_operator.section-1', 'example_subdag_operator.section-2', 'example_subdag_operator']) retrieved from /home/airflow/.local/lib/python3.7/site-packages/airflow/example_dags/example_subdag_operator.py
[2023-03-07T13:46:11.955+0000] {logging_mixin.py:137} INFO - [2023-03-07T13:46:11.951+0000] {dag.py:2690} INFO - Sync 3 DAGs
[2023-03-07T13:46:12.359+0000] {logging_mixin.py:137} INFO - [2023-03-07T13:46:12.326+0000] {dag.py:3441} INFO - Setting next_dagrun for example_subdag_operator to 2022-01-01T00:00:00+00:00, run_after=2022-01-01T00:00:00+00:00
[2023-03-07T13:46:12.389+0000] {logging_mixin.py:137} INFO - [2023-03-07T13:46:12.389+0000] {dag.py:3441} INFO - Setting next_dagrun for example_subdag_operator.section-1 to None, run_after=None
[2023-03-07T13:46:12.409+0000] {logging_mixin.py:137} INFO - [2023-03-07T13:46:12.409+0000] {dag.py:3441} INFO - Setting next_dagrun for example_subdag_operator.section-2 to None, run_after=None
[2023-03-07T13:46:12.681+0000] {logging_mixin.py:137} INFO - [2023-03-07T13:46:12.680+0000] {dag.py:2690} INFO - Sync 2 DAGs
[2023-03-07T13:46:12.753+0000] {logging_mixin.py:137} INFO - [2023-03-07T13:46:12.753+0000] {dag.py:3441} INFO - Setting next_dagrun for example_subdag_operator.section-1 to None, run_after=None
[2023-03-07T13:46:12.758+0000] {logging_mixin.py:137} INFO - [2023-03-07T13:46:12.758+0000] {dag.py:3441} INFO - Setting next_dagrun for example_subdag_operator.section-2 to None, run_after=None
[2023-03-07T13:46:12.905+0000] {processor.py:175} INFO - Processing /home/airflow/.local/lib/python3.7/site-packages/airflow/example_dags/example_subdag_operator.py took 2.797 seconds
