[2023-03-07T13:43:49.160+0000] {processor.py:153} INFO - Started process (PID=78) to work on /home/airflow/.local/lib/python3.7/site-packages/airflow/example_dags/example_latest_only_with_trigger.py
[2023-03-07T13:43:49.164+0000] {processor.py:743} INFO - Processing file /home/airflow/.local/lib/python3.7/site-packages/airflow/example_dags/example_latest_only_with_trigger.py for tasks to queue
[2023-03-07T13:43:49.173+0000] {logging_mixin.py:137} INFO - [2023-03-07T13:43:49.173+0000] {dagbag.py:538} INFO - Filling up the DagBag from /home/airflow/.local/lib/python3.7/site-packages/airflow/example_dags/example_latest_only_with_trigger.py
[2023-03-07T13:43:49.300+0000] {processor.py:753} INFO - DAG(s) dict_keys(['latest_only_with_trigger']) retrieved from /home/airflow/.local/lib/python3.7/site-packages/airflow/example_dags/example_latest_only_with_trigger.py
[2023-03-07T13:43:49.539+0000] {logging_mixin.py:137} INFO - [2023-03-07T13:43:49.521+0000] {dag.py:2690} INFO - Sync 1 DAGs
[2023-03-07T13:43:50.006+0000] {logging_mixin.py:137} INFO - [2023-03-07T13:43:50.005+0000] {dag.py:3441} INFO - Setting next_dagrun for latest_only_with_trigger to 2023-03-07T09:43:49.995816+00:00, run_after=2023-03-07T13:43:49.995816+00:00
[2023-03-07T13:43:50.296+0000] {processor.py:175} INFO - Processing /home/airflow/.local/lib/python3.7/site-packages/airflow/example_dags/example_latest_only_with_trigger.py took 1.154 seconds
[2023-03-07T13:44:21.684+0000] {processor.py:153} INFO - Started process (PID=140) to work on /home/airflow/.local/lib/python3.7/site-packages/airflow/example_dags/example_latest_only_with_trigger.py
[2023-03-07T13:44:21.687+0000] {processor.py:743} INFO - Processing file /home/airflow/.local/lib/python3.7/site-packages/airflow/example_dags/example_latest_only_with_trigger.py for tasks to queue
[2023-03-07T13:44:21.688+0000] {logging_mixin.py:137} INFO - [2023-03-07T13:44:21.688+0000] {dagbag.py:538} INFO - Filling up the DagBag from /home/airflow/.local/lib/python3.7/site-packages/airflow/example_dags/example_latest_only_with_trigger.py
[2023-03-07T13:44:21.715+0000] {processor.py:753} INFO - DAG(s) dict_keys(['latest_only_with_trigger']) retrieved from /home/airflow/.local/lib/python3.7/site-packages/airflow/example_dags/example_latest_only_with_trigger.py
[2023-03-07T13:44:21.817+0000] {logging_mixin.py:137} INFO - [2023-03-07T13:44:21.817+0000] {dag.py:2690} INFO - Sync 1 DAGs
[2023-03-07T13:44:21.862+0000] {logging_mixin.py:137} INFO - [2023-03-07T13:44:21.862+0000] {dag.py:3441} INFO - Setting next_dagrun for latest_only_with_trigger to 2023-03-07T09:44:21.862029+00:00, run_after=2023-03-07T13:44:21.862029+00:00
[2023-03-07T13:44:21.892+0000] {processor.py:175} INFO - Processing /home/airflow/.local/lib/python3.7/site-packages/airflow/example_dags/example_latest_only_with_trigger.py took 0.216 seconds
[2023-03-07T13:45:30.715+0000] {processor.py:153} INFO - Started process (PID=225) to work on /home/airflow/.local/lib/python3.7/site-packages/airflow/example_dags/example_latest_only_with_trigger.py
[2023-03-07T13:45:30.742+0000] {processor.py:743} INFO - Processing file /home/airflow/.local/lib/python3.7/site-packages/airflow/example_dags/example_latest_only_with_trigger.py for tasks to queue
[2023-03-07T13:45:30.751+0000] {logging_mixin.py:137} INFO - [2023-03-07T13:45:30.751+0000] {dagbag.py:538} INFO - Filling up the DagBag from /home/airflow/.local/lib/python3.7/site-packages/airflow/example_dags/example_latest_only_with_trigger.py
[2023-03-07T13:45:30.940+0000] {processor.py:753} INFO - DAG(s) dict_keys(['latest_only_with_trigger']) retrieved from /home/airflow/.local/lib/python3.7/site-packages/airflow/example_dags/example_latest_only_with_trigger.py
[2023-03-07T13:45:31.352+0000] {logging_mixin.py:137} INFO - [2023-03-07T13:45:31.350+0000] {dag.py:2690} INFO - Sync 1 DAGs
[2023-03-07T13:45:31.818+0000] {logging_mixin.py:137} INFO - [2023-03-07T13:45:31.815+0000] {dag.py:3441} INFO - Setting next_dagrun for latest_only_with_trigger to 2023-03-07T09:45:31.813731+00:00, run_after=2023-03-07T13:45:31.813731+00:00
[2023-03-07T13:45:32.671+0000] {processor.py:175} INFO - Processing /home/airflow/.local/lib/python3.7/site-packages/airflow/example_dags/example_latest_only_with_trigger.py took 1.982 seconds
[2023-03-07T13:46:03.768+0000] {processor.py:153} INFO - Started process (PID=279) to work on /home/airflow/.local/lib/python3.7/site-packages/airflow/example_dags/example_latest_only_with_trigger.py
[2023-03-07T13:46:03.935+0000] {processor.py:743} INFO - Processing file /home/airflow/.local/lib/python3.7/site-packages/airflow/example_dags/example_latest_only_with_trigger.py for tasks to queue
[2023-03-07T13:46:03.941+0000] {logging_mixin.py:137} INFO - [2023-03-07T13:46:03.941+0000] {dagbag.py:538} INFO - Filling up the DagBag from /home/airflow/.local/lib/python3.7/site-packages/airflow/example_dags/example_latest_only_with_trigger.py
[2023-03-07T13:46:04.069+0000] {processor.py:753} INFO - DAG(s) dict_keys(['latest_only_with_trigger']) retrieved from /home/airflow/.local/lib/python3.7/site-packages/airflow/example_dags/example_latest_only_with_trigger.py
[2023-03-07T13:46:04.336+0000] {logging_mixin.py:137} INFO - [2023-03-07T13:46:04.335+0000] {dag.py:2690} INFO - Sync 1 DAGs
[2023-03-07T13:46:04.446+0000] {logging_mixin.py:137} INFO - [2023-03-07T13:46:04.445+0000] {dag.py:3441} INFO - Setting next_dagrun for latest_only_with_trigger to 2023-03-07T09:46:04.444962+00:00, run_after=2023-03-07T13:46:04.444962+00:00
[2023-03-07T13:46:04.546+0000] {processor.py:175} INFO - Processing /home/airflow/.local/lib/python3.7/site-packages/airflow/example_dags/example_latest_only_with_trigger.py took 0.793 seconds
