[2023-03-07T13:43:45.380+0000] {processor.py:153} INFO - Started process (PID=67) to work on /home/airflow/.local/lib/python3.7/site-packages/airflow/example_dags/example_sensor_decorator.py
[2023-03-07T13:43:45.383+0000] {processor.py:743} INFO - Processing file /home/airflow/.local/lib/python3.7/site-packages/airflow/example_dags/example_sensor_decorator.py for tasks to queue
[2023-03-07T13:43:45.389+0000] {logging_mixin.py:137} INFO - [2023-03-07T13:43:45.388+0000] {dagbag.py:538} INFO - Filling up the DagBag from /home/airflow/.local/lib/python3.7/site-packages/airflow/example_dags/example_sensor_decorator.py
[2023-03-07T13:43:45.459+0000] {processor.py:753} INFO - DAG(s) dict_keys(['example_sensor_decorator']) retrieved from /home/airflow/.local/lib/python3.7/site-packages/airflow/example_dags/example_sensor_decorator.py
[2023-03-07T13:43:45.594+0000] {logging_mixin.py:137} INFO - [2023-03-07T13:43:45.593+0000] {dag.py:2690} INFO - Sync 1 DAGs
[2023-03-07T13:43:45.803+0000] {logging_mixin.py:137} INFO - [2023-03-07T13:43:45.803+0000] {dag.py:3441} INFO - Setting next_dagrun for example_sensor_decorator to None, run_after=None
[2023-03-07T13:43:45.999+0000] {processor.py:175} INFO - Processing /home/airflow/.local/lib/python3.7/site-packages/airflow/example_dags/example_sensor_decorator.py took 0.622 seconds
[2023-03-07T13:44:16.147+0000] {processor.py:153} INFO - Started process (PID=129) to work on /home/airflow/.local/lib/python3.7/site-packages/airflow/example_dags/example_sensor_decorator.py
[2023-03-07T13:44:16.150+0000] {processor.py:743} INFO - Processing file /home/airflow/.local/lib/python3.7/site-packages/airflow/example_dags/example_sensor_decorator.py for tasks to queue
[2023-03-07T13:44:16.151+0000] {logging_mixin.py:137} INFO - [2023-03-07T13:44:16.151+0000] {dagbag.py:538} INFO - Filling up the DagBag from /home/airflow/.local/lib/python3.7/site-packages/airflow/example_dags/example_sensor_decorator.py
[2023-03-07T13:44:16.176+0000] {processor.py:753} INFO - DAG(s) dict_keys(['example_sensor_decorator']) retrieved from /home/airflow/.local/lib/python3.7/site-packages/airflow/example_dags/example_sensor_decorator.py
[2023-03-07T13:44:16.219+0000] {logging_mixin.py:137} INFO - [2023-03-07T13:44:16.219+0000] {dag.py:2690} INFO - Sync 1 DAGs
[2023-03-07T13:44:16.239+0000] {logging_mixin.py:137} INFO - [2023-03-07T13:44:16.238+0000] {dag.py:3441} INFO - Setting next_dagrun for example_sensor_decorator to None, run_after=None
[2023-03-07T13:44:16.251+0000] {processor.py:175} INFO - Processing /home/airflow/.local/lib/python3.7/site-packages/airflow/example_dags/example_sensor_decorator.py took 0.108 seconds
[2023-03-07T13:45:20.686+0000] {processor.py:153} INFO - Started process (PID=204) to work on /home/airflow/.local/lib/python3.7/site-packages/airflow/example_dags/example_sensor_decorator.py
[2023-03-07T13:45:20.723+0000] {processor.py:743} INFO - Processing file /home/airflow/.local/lib/python3.7/site-packages/airflow/example_dags/example_sensor_decorator.py for tasks to queue
[2023-03-07T13:45:20.738+0000] {logging_mixin.py:137} INFO - [2023-03-07T13:45:20.737+0000] {dagbag.py:538} INFO - Filling up the DagBag from /home/airflow/.local/lib/python3.7/site-packages/airflow/example_dags/example_sensor_decorator.py
[2023-03-07T13:45:21.022+0000] {processor.py:753} INFO - DAG(s) dict_keys(['example_sensor_decorator']) retrieved from /home/airflow/.local/lib/python3.7/site-packages/airflow/example_dags/example_sensor_decorator.py
[2023-03-07T13:45:21.728+0000] {logging_mixin.py:137} INFO - [2023-03-07T13:45:21.726+0000] {dag.py:2690} INFO - Sync 1 DAGs
[2023-03-07T13:45:22.100+0000] {logging_mixin.py:137} INFO - [2023-03-07T13:45:22.100+0000] {dag.py:3441} INFO - Setting next_dagrun for example_sensor_decorator to None, run_after=None
[2023-03-07T13:45:22.436+0000] {processor.py:175} INFO - Processing /home/airflow/.local/lib/python3.7/site-packages/airflow/example_dags/example_sensor_decorator.py took 1.784 seconds
[2023-03-07T13:45:57.907+0000] {processor.py:153} INFO - Started process (PID=268) to work on /home/airflow/.local/lib/python3.7/site-packages/airflow/example_dags/example_sensor_decorator.py
[2023-03-07T13:45:57.943+0000] {processor.py:743} INFO - Processing file /home/airflow/.local/lib/python3.7/site-packages/airflow/example_dags/example_sensor_decorator.py for tasks to queue
[2023-03-07T13:45:57.950+0000] {logging_mixin.py:137} INFO - [2023-03-07T13:45:57.950+0000] {dagbag.py:538} INFO - Filling up the DagBag from /home/airflow/.local/lib/python3.7/site-packages/airflow/example_dags/example_sensor_decorator.py
[2023-03-07T13:45:58.050+0000] {processor.py:753} INFO - DAG(s) dict_keys(['example_sensor_decorator']) retrieved from /home/airflow/.local/lib/python3.7/site-packages/airflow/example_dags/example_sensor_decorator.py
[2023-03-07T13:45:58.151+0000] {logging_mixin.py:137} INFO - [2023-03-07T13:45:58.150+0000] {dag.py:2690} INFO - Sync 1 DAGs
[2023-03-07T13:45:58.221+0000] {logging_mixin.py:137} INFO - [2023-03-07T13:45:58.221+0000] {dag.py:3441} INFO - Setting next_dagrun for example_sensor_decorator to None, run_after=None
[2023-03-07T13:45:58.271+0000] {processor.py:175} INFO - Processing /home/airflow/.local/lib/python3.7/site-packages/airflow/example_dags/example_sensor_decorator.py took 0.371 seconds
[2023-03-07T13:46:32.723+0000] {processor.py:153} INFO - Started process (PID=328) to work on /home/airflow/.local/lib/python3.7/site-packages/airflow/example_dags/example_sensor_decorator.py
[2023-03-07T13:46:32.748+0000] {processor.py:743} INFO - Processing file /home/airflow/.local/lib/python3.7/site-packages/airflow/example_dags/example_sensor_decorator.py for tasks to queue
[2023-03-07T13:46:32.767+0000] {logging_mixin.py:137} INFO - [2023-03-07T13:46:32.766+0000] {dagbag.py:538} INFO - Filling up the DagBag from /home/airflow/.local/lib/python3.7/site-packages/airflow/example_dags/example_sensor_decorator.py
[2023-03-07T13:46:33.211+0000] {processor.py:753} INFO - DAG(s) dict_keys(['example_sensor_decorator']) retrieved from /home/airflow/.local/lib/python3.7/site-packages/airflow/example_dags/example_sensor_decorator.py
[2023-03-07T13:46:33.827+0000] {logging_mixin.py:137} INFO - [2023-03-07T13:46:33.825+0000] {dag.py:2690} INFO - Sync 1 DAGs
[2023-03-07T13:46:34.453+0000] {logging_mixin.py:137} INFO - [2023-03-07T13:46:34.451+0000] {dag.py:3441} INFO - Setting next_dagrun for example_sensor_decorator to None, run_after=None
[2023-03-07T13:46:34.675+0000] {processor.py:175} INFO - Processing /home/airflow/.local/lib/python3.7/site-packages/airflow/example_dags/example_sensor_decorator.py took 2.016 seconds
[2023-03-07T13:47:34.510+0000] {processor.py:153} INFO - Started process (PID=409) to work on /home/airflow/.local/lib/python3.7/site-packages/airflow/example_dags/example_sensor_decorator.py
[2023-03-07T13:47:34.630+0000] {processor.py:743} INFO - Processing file /home/airflow/.local/lib/python3.7/site-packages/airflow/example_dags/example_sensor_decorator.py for tasks to queue
[2023-03-07T13:47:34.718+0000] {logging_mixin.py:137} INFO - [2023-03-07T13:47:34.702+0000] {dagbag.py:538} INFO - Filling up the DagBag from /home/airflow/.local/lib/python3.7/site-packages/airflow/example_dags/example_sensor_decorator.py
[2023-03-07T13:47:36.439+0000] {processor.py:753} INFO - DAG(s) dict_keys(['example_sensor_decorator']) retrieved from /home/airflow/.local/lib/python3.7/site-packages/airflow/example_dags/example_sensor_decorator.py
[2023-03-07T13:47:39.704+0000] {logging_mixin.py:137} INFO - [2023-03-07T13:47:39.694+0000] {dag.py:2690} INFO - Sync 1 DAGs
[2023-03-07T13:47:44.774+0000] {logging_mixin.py:137} INFO - [2023-03-07T13:47:44.746+0000] {dag.py:3441} INFO - Setting next_dagrun for example_sensor_decorator to None, run_after=None
[2023-03-07T13:47:45.316+0000] {processor.py:175} INFO - Processing /home/airflow/.local/lib/python3.7/site-packages/airflow/example_dags/example_sensor_decorator.py took 10.842 seconds
[2023-03-07T13:48:36.903+0000] {processor.py:153} INFO - Started process (PID=484) to work on /home/airflow/.local/lib/python3.7/site-packages/airflow/example_dags/example_sensor_decorator.py
[2023-03-07T13:48:36.912+0000] {processor.py:743} INFO - Processing file /home/airflow/.local/lib/python3.7/site-packages/airflow/example_dags/example_sensor_decorator.py for tasks to queue
[2023-03-07T13:48:36.914+0000] {logging_mixin.py:137} INFO - [2023-03-07T13:48:36.914+0000] {dagbag.py:538} INFO - Filling up the DagBag from /home/airflow/.local/lib/python3.7/site-packages/airflow/example_dags/example_sensor_decorator.py
[2023-03-07T13:48:36.942+0000] {processor.py:753} INFO - DAG(s) dict_keys(['example_sensor_decorator']) retrieved from /home/airflow/.local/lib/python3.7/site-packages/airflow/example_dags/example_sensor_decorator.py
[2023-03-07T13:48:36.971+0000] {logging_mixin.py:137} INFO - [2023-03-07T13:48:36.971+0000] {dag.py:2690} INFO - Sync 1 DAGs
[2023-03-07T13:48:36.996+0000] {logging_mixin.py:137} INFO - [2023-03-07T13:48:36.996+0000] {dag.py:3441} INFO - Setting next_dagrun for example_sensor_decorator to None, run_after=None
[2023-03-07T13:48:37.015+0000] {processor.py:175} INFO - Processing /home/airflow/.local/lib/python3.7/site-packages/airflow/example_dags/example_sensor_decorator.py took 0.120 seconds
[2023-03-07T13:49:07.088+0000] {processor.py:153} INFO - Started process (PID=547) to work on /home/airflow/.local/lib/python3.7/site-packages/airflow/example_dags/example_sensor_decorator.py
[2023-03-07T13:49:07.089+0000] {processor.py:743} INFO - Processing file /home/airflow/.local/lib/python3.7/site-packages/airflow/example_dags/example_sensor_decorator.py for tasks to queue
[2023-03-07T13:49:07.090+0000] {logging_mixin.py:137} INFO - [2023-03-07T13:49:07.090+0000] {dagbag.py:538} INFO - Filling up the DagBag from /home/airflow/.local/lib/python3.7/site-packages/airflow/example_dags/example_sensor_decorator.py
[2023-03-07T13:49:07.105+0000] {processor.py:753} INFO - DAG(s) dict_keys(['example_sensor_decorator']) retrieved from /home/airflow/.local/lib/python3.7/site-packages/airflow/example_dags/example_sensor_decorator.py
[2023-03-07T13:49:07.123+0000] {logging_mixin.py:137} INFO - [2023-03-07T13:49:07.123+0000] {dag.py:2690} INFO - Sync 1 DAGs
[2023-03-07T13:49:07.138+0000] {logging_mixin.py:137} INFO - [2023-03-07T13:49:07.138+0000] {dag.py:3441} INFO - Setting next_dagrun for example_sensor_decorator to None, run_after=None
[2023-03-07T13:49:07.149+0000] {processor.py:175} INFO - Processing /home/airflow/.local/lib/python3.7/site-packages/airflow/example_dags/example_sensor_decorator.py took 0.065 seconds
[2023-03-07T13:49:37.481+0000] {processor.py:153} INFO - Started process (PID=622) to work on /home/airflow/.local/lib/python3.7/site-packages/airflow/example_dags/example_sensor_decorator.py
[2023-03-07T13:49:37.534+0000] {processor.py:743} INFO - Processing file /home/airflow/.local/lib/python3.7/site-packages/airflow/example_dags/example_sensor_decorator.py for tasks to queue
[2023-03-07T13:49:37.548+0000] {logging_mixin.py:137} INFO - [2023-03-07T13:49:37.548+0000] {dagbag.py:538} INFO - Filling up the DagBag from /home/airflow/.local/lib/python3.7/site-packages/airflow/example_dags/example_sensor_decorator.py
[2023-03-07T13:49:37.597+0000] {processor.py:753} INFO - DAG(s) dict_keys(['example_sensor_decorator']) retrieved from /home/airflow/.local/lib/python3.7/site-packages/airflow/example_dags/example_sensor_decorator.py
[2023-03-07T13:49:37.623+0000] {logging_mixin.py:137} INFO - [2023-03-07T13:49:37.623+0000] {dag.py:2690} INFO - Sync 1 DAGs
[2023-03-07T13:49:37.644+0000] {logging_mixin.py:137} INFO - [2023-03-07T13:49:37.644+0000] {dag.py:3441} INFO - Setting next_dagrun for example_sensor_decorator to None, run_after=None
[2023-03-07T13:49:37.661+0000] {processor.py:175} INFO - Processing /home/airflow/.local/lib/python3.7/site-packages/airflow/example_dags/example_sensor_decorator.py took 0.183 seconds
[2023-03-07T13:50:08.430+0000] {processor.py:153} INFO - Started process (PID=680) to work on /home/airflow/.local/lib/python3.7/site-packages/airflow/example_dags/example_sensor_decorator.py
[2023-03-07T13:50:08.450+0000] {processor.py:743} INFO - Processing file /home/airflow/.local/lib/python3.7/site-packages/airflow/example_dags/example_sensor_decorator.py for tasks to queue
[2023-03-07T13:50:08.452+0000] {logging_mixin.py:137} INFO - [2023-03-07T13:50:08.451+0000] {dagbag.py:538} INFO - Filling up the DagBag from /home/airflow/.local/lib/python3.7/site-packages/airflow/example_dags/example_sensor_decorator.py
[2023-03-07T13:50:08.469+0000] {processor.py:753} INFO - DAG(s) dict_keys(['example_sensor_decorator']) retrieved from /home/airflow/.local/lib/python3.7/site-packages/airflow/example_dags/example_sensor_decorator.py
[2023-03-07T13:50:08.489+0000] {logging_mixin.py:137} INFO - [2023-03-07T13:50:08.489+0000] {dag.py:2690} INFO - Sync 1 DAGs
[2023-03-07T13:50:08.506+0000] {logging_mixin.py:137} INFO - [2023-03-07T13:50:08.506+0000] {dag.py:3441} INFO - Setting next_dagrun for example_sensor_decorator to None, run_after=None
[2023-03-07T13:50:08.520+0000] {processor.py:175} INFO - Processing /home/airflow/.local/lib/python3.7/site-packages/airflow/example_dags/example_sensor_decorator.py took 0.093 seconds
[2023-03-07T13:50:38.792+0000] {processor.py:153} INFO - Started process (PID=754) to work on /home/airflow/.local/lib/python3.7/site-packages/airflow/example_dags/example_sensor_decorator.py
[2023-03-07T13:50:38.796+0000] {processor.py:743} INFO - Processing file /home/airflow/.local/lib/python3.7/site-packages/airflow/example_dags/example_sensor_decorator.py for tasks to queue
[2023-03-07T13:50:38.797+0000] {logging_mixin.py:137} INFO - [2023-03-07T13:50:38.797+0000] {dagbag.py:538} INFO - Filling up the DagBag from /home/airflow/.local/lib/python3.7/site-packages/airflow/example_dags/example_sensor_decorator.py
[2023-03-07T13:50:38.813+0000] {processor.py:753} INFO - DAG(s) dict_keys(['example_sensor_decorator']) retrieved from /home/airflow/.local/lib/python3.7/site-packages/airflow/example_dags/example_sensor_decorator.py
[2023-03-07T13:50:38.831+0000] {logging_mixin.py:137} INFO - [2023-03-07T13:50:38.831+0000] {dag.py:2690} INFO - Sync 1 DAGs
[2023-03-07T13:50:38.846+0000] {logging_mixin.py:137} INFO - [2023-03-07T13:50:38.846+0000] {dag.py:3441} INFO - Setting next_dagrun for example_sensor_decorator to None, run_after=None
[2023-03-07T13:50:38.866+0000] {processor.py:175} INFO - Processing /home/airflow/.local/lib/python3.7/site-packages/airflow/example_dags/example_sensor_decorator.py took 0.077 seconds
[2023-03-07T13:51:09.228+0000] {processor.py:153} INFO - Started process (PID=817) to work on /home/airflow/.local/lib/python3.7/site-packages/airflow/example_dags/example_sensor_decorator.py
[2023-03-07T13:51:09.231+0000] {processor.py:743} INFO - Processing file /home/airflow/.local/lib/python3.7/site-packages/airflow/example_dags/example_sensor_decorator.py for tasks to queue
[2023-03-07T13:51:09.232+0000] {logging_mixin.py:137} INFO - [2023-03-07T13:51:09.232+0000] {dagbag.py:538} INFO - Filling up the DagBag from /home/airflow/.local/lib/python3.7/site-packages/airflow/example_dags/example_sensor_decorator.py
[2023-03-07T13:51:09.251+0000] {processor.py:753} INFO - DAG(s) dict_keys(['example_sensor_decorator']) retrieved from /home/airflow/.local/lib/python3.7/site-packages/airflow/example_dags/example_sensor_decorator.py
[2023-03-07T13:51:09.271+0000] {logging_mixin.py:137} INFO - [2023-03-07T13:51:09.271+0000] {dag.py:2690} INFO - Sync 1 DAGs
[2023-03-07T13:51:09.289+0000] {logging_mixin.py:137} INFO - [2023-03-07T13:51:09.289+0000] {dag.py:3441} INFO - Setting next_dagrun for example_sensor_decorator to None, run_after=None
[2023-03-07T13:51:09.301+0000] {processor.py:175} INFO - Processing /home/airflow/.local/lib/python3.7/site-packages/airflow/example_dags/example_sensor_decorator.py took 0.076 seconds
[2023-03-07T13:51:39.440+0000] {processor.py:153} INFO - Started process (PID=893) to work on /home/airflow/.local/lib/python3.7/site-packages/airflow/example_dags/example_sensor_decorator.py
[2023-03-07T13:51:39.443+0000] {processor.py:743} INFO - Processing file /home/airflow/.local/lib/python3.7/site-packages/airflow/example_dags/example_sensor_decorator.py for tasks to queue
[2023-03-07T13:51:39.444+0000] {logging_mixin.py:137} INFO - [2023-03-07T13:51:39.444+0000] {dagbag.py:538} INFO - Filling up the DagBag from /home/airflow/.local/lib/python3.7/site-packages/airflow/example_dags/example_sensor_decorator.py
[2023-03-07T13:51:39.462+0000] {processor.py:753} INFO - DAG(s) dict_keys(['example_sensor_decorator']) retrieved from /home/airflow/.local/lib/python3.7/site-packages/airflow/example_dags/example_sensor_decorator.py
[2023-03-07T13:51:39.483+0000] {logging_mixin.py:137} INFO - [2023-03-07T13:51:39.483+0000] {dag.py:2690} INFO - Sync 1 DAGs
[2023-03-07T13:51:39.499+0000] {logging_mixin.py:137} INFO - [2023-03-07T13:51:39.499+0000] {dag.py:3441} INFO - Setting next_dagrun for example_sensor_decorator to None, run_after=None
[2023-03-07T13:51:39.513+0000] {processor.py:175} INFO - Processing /home/airflow/.local/lib/python3.7/site-packages/airflow/example_dags/example_sensor_decorator.py took 0.076 seconds
[2023-03-07T13:52:09.639+0000] {processor.py:153} INFO - Started process (PID=956) to work on /home/airflow/.local/lib/python3.7/site-packages/airflow/example_dags/example_sensor_decorator.py
[2023-03-07T13:52:09.641+0000] {processor.py:743} INFO - Processing file /home/airflow/.local/lib/python3.7/site-packages/airflow/example_dags/example_sensor_decorator.py for tasks to queue
[2023-03-07T13:52:09.642+0000] {logging_mixin.py:137} INFO - [2023-03-07T13:52:09.642+0000] {dagbag.py:538} INFO - Filling up the DagBag from /home/airflow/.local/lib/python3.7/site-packages/airflow/example_dags/example_sensor_decorator.py
[2023-03-07T13:52:09.658+0000] {processor.py:753} INFO - DAG(s) dict_keys(['example_sensor_decorator']) retrieved from /home/airflow/.local/lib/python3.7/site-packages/airflow/example_dags/example_sensor_decorator.py
[2023-03-07T13:52:09.688+0000] {logging_mixin.py:137} INFO - [2023-03-07T13:52:09.688+0000] {dag.py:2690} INFO - Sync 1 DAGs
[2023-03-07T13:52:09.710+0000] {logging_mixin.py:137} INFO - [2023-03-07T13:52:09.710+0000] {dag.py:3441} INFO - Setting next_dagrun for example_sensor_decorator to None, run_after=None
[2023-03-07T13:52:09.723+0000] {processor.py:175} INFO - Processing /home/airflow/.local/lib/python3.7/site-packages/airflow/example_dags/example_sensor_decorator.py took 0.087 seconds
