[2023-03-07T13:43:37.967+0000] {processor.py:153} INFO - Started process (PID=52) to work on /home/airflow/.local/lib/python3.7/site-packages/airflow/example_dags/example_local_kubernetes_executor.py
[2023-03-07T13:43:37.969+0000] {processor.py:743} INFO - Processing file /home/airflow/.local/lib/python3.7/site-packages/airflow/example_dags/example_local_kubernetes_executor.py for tasks to queue
[2023-03-07T13:43:37.985+0000] {logging_mixin.py:137} INFO - [2023-03-07T13:43:37.973+0000] {dagbag.py:538} INFO - Filling up the DagBag from /home/airflow/.local/lib/python3.7/site-packages/airflow/example_dags/example_local_kubernetes_executor.py
[2023-03-07T13:43:38.188+0000] {processor.py:753} INFO - DAG(s) dict_keys(['example_local_kubernetes_executor']) retrieved from /home/airflow/.local/lib/python3.7/site-packages/airflow/example_dags/example_local_kubernetes_executor.py
[2023-03-07T13:43:38.252+0000] {logging_mixin.py:137} INFO - [2023-03-07T13:43:38.251+0000] {dag.py:2690} INFO - Sync 1 DAGs
[2023-03-07T13:43:38.503+0000] {logging_mixin.py:137} INFO - [2023-03-07T13:43:38.502+0000] {dag.py:3441} INFO - Setting next_dagrun for example_local_kubernetes_executor to None, run_after=None
[2023-03-07T13:43:38.600+0000] {processor.py:175} INFO - Processing /home/airflow/.local/lib/python3.7/site-packages/airflow/example_dags/example_local_kubernetes_executor.py took 0.638 seconds
[2023-03-07T13:44:09.378+0000] {processor.py:153} INFO - Started process (PID=102) to work on /home/airflow/.local/lib/python3.7/site-packages/airflow/example_dags/example_local_kubernetes_executor.py
[2023-03-07T13:44:09.382+0000] {processor.py:743} INFO - Processing file /home/airflow/.local/lib/python3.7/site-packages/airflow/example_dags/example_local_kubernetes_executor.py for tasks to queue
[2023-03-07T13:44:09.385+0000] {logging_mixin.py:137} INFO - [2023-03-07T13:44:09.385+0000] {dagbag.py:538} INFO - Filling up the DagBag from /home/airflow/.local/lib/python3.7/site-packages/airflow/example_dags/example_local_kubernetes_executor.py
[2023-03-07T13:44:09.564+0000] {processor.py:753} INFO - DAG(s) dict_keys(['example_local_kubernetes_executor']) retrieved from /home/airflow/.local/lib/python3.7/site-packages/airflow/example_dags/example_local_kubernetes_executor.py
[2023-03-07T13:44:09.832+0000] {logging_mixin.py:137} INFO - [2023-03-07T13:44:09.832+0000] {dag.py:2690} INFO - Sync 1 DAGs
[2023-03-07T13:44:09.914+0000] {logging_mixin.py:137} INFO - [2023-03-07T13:44:09.914+0000] {dag.py:3441} INFO - Setting next_dagrun for example_local_kubernetes_executor to None, run_after=None
[2023-03-07T13:44:09.971+0000] {processor.py:175} INFO - Processing /home/airflow/.local/lib/python3.7/site-packages/airflow/example_dags/example_local_kubernetes_executor.py took 0.603 seconds
[2023-03-07T13:44:45.251+0000] {processor.py:153} INFO - Started process (PID=165) to work on /home/airflow/.local/lib/python3.7/site-packages/airflow/example_dags/example_local_kubernetes_executor.py
[2023-03-07T13:44:45.305+0000] {processor.py:743} INFO - Processing file /home/airflow/.local/lib/python3.7/site-packages/airflow/example_dags/example_local_kubernetes_executor.py for tasks to queue
[2023-03-07T13:44:45.332+0000] {logging_mixin.py:137} INFO - [2023-03-07T13:44:45.331+0000] {dagbag.py:538} INFO - Filling up the DagBag from /home/airflow/.local/lib/python3.7/site-packages/airflow/example_dags/example_local_kubernetes_executor.py
[2023-03-07T13:44:46.672+0000] {processor.py:753} INFO - DAG(s) dict_keys(['example_local_kubernetes_executor']) retrieved from /home/airflow/.local/lib/python3.7/site-packages/airflow/example_dags/example_local_kubernetes_executor.py
[2023-03-07T13:44:47.214+0000] {logging_mixin.py:137} INFO - [2023-03-07T13:44:47.198+0000] {dag.py:2690} INFO - Sync 1 DAGs
[2023-03-07T13:44:47.715+0000] {logging_mixin.py:137} INFO - [2023-03-07T13:44:47.714+0000] {dag.py:3441} INFO - Setting next_dagrun for example_local_kubernetes_executor to None, run_after=None
[2023-03-07T13:44:47.960+0000] {processor.py:175} INFO - Processing /home/airflow/.local/lib/python3.7/site-packages/airflow/example_dags/example_local_kubernetes_executor.py took 2.851 seconds
[2023-03-07T13:45:41.243+0000] {processor.py:153} INFO - Started process (PID=236) to work on /home/airflow/.local/lib/python3.7/site-packages/airflow/example_dags/example_local_kubernetes_executor.py
[2023-03-07T13:45:41.265+0000] {processor.py:743} INFO - Processing file /home/airflow/.local/lib/python3.7/site-packages/airflow/example_dags/example_local_kubernetes_executor.py for tasks to queue
[2023-03-07T13:45:41.274+0000] {logging_mixin.py:137} INFO - [2023-03-07T13:45:41.273+0000] {dagbag.py:538} INFO - Filling up the DagBag from /home/airflow/.local/lib/python3.7/site-packages/airflow/example_dags/example_local_kubernetes_executor.py
[2023-03-07T13:45:41.368+0000] {processor.py:753} INFO - DAG(s) dict_keys(['example_local_kubernetes_executor']) retrieved from /home/airflow/.local/lib/python3.7/site-packages/airflow/example_dags/example_local_kubernetes_executor.py
[2023-03-07T13:45:41.588+0000] {logging_mixin.py:137} INFO - [2023-03-07T13:45:41.588+0000] {dag.py:2690} INFO - Sync 1 DAGs
[2023-03-07T13:45:41.719+0000] {logging_mixin.py:137} INFO - [2023-03-07T13:45:41.718+0000] {dag.py:3441} INFO - Setting next_dagrun for example_local_kubernetes_executor to None, run_after=None
[2023-03-07T13:45:41.936+0000] {processor.py:175} INFO - Processing /home/airflow/.local/lib/python3.7/site-packages/airflow/example_dags/example_local_kubernetes_executor.py took 0.718 seconds
[2023-03-07T13:46:17.973+0000] {processor.py:153} INFO - Started process (PID=299) to work on /home/airflow/.local/lib/python3.7/site-packages/airflow/example_dags/example_local_kubernetes_executor.py
[2023-03-07T13:46:17.994+0000] {processor.py:743} INFO - Processing file /home/airflow/.local/lib/python3.7/site-packages/airflow/example_dags/example_local_kubernetes_executor.py for tasks to queue
[2023-03-07T13:46:18.001+0000] {logging_mixin.py:137} INFO - [2023-03-07T13:46:18.000+0000] {dagbag.py:538} INFO - Filling up the DagBag from /home/airflow/.local/lib/python3.7/site-packages/airflow/example_dags/example_local_kubernetes_executor.py
[2023-03-07T13:46:18.156+0000] {processor.py:753} INFO - DAG(s) dict_keys(['example_local_kubernetes_executor']) retrieved from /home/airflow/.local/lib/python3.7/site-packages/airflow/example_dags/example_local_kubernetes_executor.py
[2023-03-07T13:46:18.394+0000] {logging_mixin.py:137} INFO - [2023-03-07T13:46:18.393+0000] {dag.py:2690} INFO - Sync 1 DAGs
[2023-03-07T13:46:18.458+0000] {logging_mixin.py:137} INFO - [2023-03-07T13:46:18.458+0000] {dag.py:3441} INFO - Setting next_dagrun for example_local_kubernetes_executor to None, run_after=None
[2023-03-07T13:46:18.514+0000] {processor.py:175} INFO - Processing /home/airflow/.local/lib/python3.7/site-packages/airflow/example_dags/example_local_kubernetes_executor.py took 0.563 seconds
[2023-03-07T13:46:57.036+0000] {processor.py:153} INFO - Started process (PID=359) to work on /home/airflow/.local/lib/python3.7/site-packages/airflow/example_dags/example_local_kubernetes_executor.py
[2023-03-07T13:46:57.189+0000] {processor.py:743} INFO - Processing file /home/airflow/.local/lib/python3.7/site-packages/airflow/example_dags/example_local_kubernetes_executor.py for tasks to queue
[2023-03-07T13:46:57.201+0000] {logging_mixin.py:137} INFO - [2023-03-07T13:46:57.200+0000] {dagbag.py:538} INFO - Filling up the DagBag from /home/airflow/.local/lib/python3.7/site-packages/airflow/example_dags/example_local_kubernetes_executor.py
[2023-03-07T13:46:58.158+0000] {processor.py:753} INFO - DAG(s) dict_keys(['example_local_kubernetes_executor']) retrieved from /home/airflow/.local/lib/python3.7/site-packages/airflow/example_dags/example_local_kubernetes_executor.py
[2023-03-07T13:46:58.364+0000] {logging_mixin.py:137} INFO - [2023-03-07T13:46:58.364+0000] {dag.py:2690} INFO - Sync 1 DAGs
[2023-03-07T13:46:58.555+0000] {logging_mixin.py:137} INFO - [2023-03-07T13:46:58.555+0000] {dag.py:3441} INFO - Setting next_dagrun for example_local_kubernetes_executor to None, run_after=None
[2023-03-07T13:46:58.707+0000] {processor.py:175} INFO - Processing /home/airflow/.local/lib/python3.7/site-packages/airflow/example_dags/example_local_kubernetes_executor.py took 2.057 seconds
[2023-03-07T13:48:05.743+0000] {processor.py:153} INFO - Started process (PID=435) to work on /home/airflow/.local/lib/python3.7/site-packages/airflow/example_dags/example_local_kubernetes_executor.py
[2023-03-07T13:48:05.748+0000] {processor.py:743} INFO - Processing file /home/airflow/.local/lib/python3.7/site-packages/airflow/example_dags/example_local_kubernetes_executor.py for tasks to queue
[2023-03-07T13:48:05.751+0000] {logging_mixin.py:137} INFO - [2023-03-07T13:48:05.751+0000] {dagbag.py:538} INFO - Filling up the DagBag from /home/airflow/.local/lib/python3.7/site-packages/airflow/example_dags/example_local_kubernetes_executor.py
[2023-03-07T13:48:06.112+0000] {processor.py:753} INFO - DAG(s) dict_keys(['example_local_kubernetes_executor']) retrieved from /home/airflow/.local/lib/python3.7/site-packages/airflow/example_dags/example_local_kubernetes_executor.py
[2023-03-07T13:48:06.380+0000] {logging_mixin.py:137} INFO - [2023-03-07T13:48:06.380+0000] {dag.py:2690} INFO - Sync 1 DAGs
[2023-03-07T13:48:06.447+0000] {logging_mixin.py:137} INFO - [2023-03-07T13:48:06.447+0000] {dag.py:3441} INFO - Setting next_dagrun for example_local_kubernetes_executor to None, run_after=None
[2023-03-07T13:48:06.497+0000] {processor.py:175} INFO - Processing /home/airflow/.local/lib/python3.7/site-packages/airflow/example_dags/example_local_kubernetes_executor.py took 0.762 seconds
[2023-03-07T13:48:37.753+0000] {processor.py:153} INFO - Started process (PID=495) to work on /home/airflow/.local/lib/python3.7/site-packages/airflow/example_dags/example_local_kubernetes_executor.py
[2023-03-07T13:48:37.756+0000] {processor.py:743} INFO - Processing file /home/airflow/.local/lib/python3.7/site-packages/airflow/example_dags/example_local_kubernetes_executor.py for tasks to queue
[2023-03-07T13:48:37.757+0000] {logging_mixin.py:137} INFO - [2023-03-07T13:48:37.757+0000] {dagbag.py:538} INFO - Filling up the DagBag from /home/airflow/.local/lib/python3.7/site-packages/airflow/example_dags/example_local_kubernetes_executor.py
[2023-03-07T13:48:37.786+0000] {processor.py:753} INFO - DAG(s) dict_keys(['example_local_kubernetes_executor']) retrieved from /home/airflow/.local/lib/python3.7/site-packages/airflow/example_dags/example_local_kubernetes_executor.py
[2023-03-07T13:48:37.825+0000] {logging_mixin.py:137} INFO - [2023-03-07T13:48:37.825+0000] {dag.py:2690} INFO - Sync 1 DAGs
[2023-03-07T13:48:37.849+0000] {logging_mixin.py:137} INFO - [2023-03-07T13:48:37.848+0000] {dag.py:3441} INFO - Setting next_dagrun for example_local_kubernetes_executor to None, run_after=None
[2023-03-07T13:48:37.869+0000] {processor.py:175} INFO - Processing /home/airflow/.local/lib/python3.7/site-packages/airflow/example_dags/example_local_kubernetes_executor.py took 0.119 seconds
[2023-03-07T13:49:08.220+0000] {processor.py:153} INFO - Started process (PID=549) to work on /home/airflow/.local/lib/python3.7/site-packages/airflow/example_dags/example_local_kubernetes_executor.py
[2023-03-07T13:49:08.222+0000] {processor.py:743} INFO - Processing file /home/airflow/.local/lib/python3.7/site-packages/airflow/example_dags/example_local_kubernetes_executor.py for tasks to queue
[2023-03-07T13:49:08.223+0000] {logging_mixin.py:137} INFO - [2023-03-07T13:49:08.223+0000] {dagbag.py:538} INFO - Filling up the DagBag from /home/airflow/.local/lib/python3.7/site-packages/airflow/example_dags/example_local_kubernetes_executor.py
[2023-03-07T13:49:08.251+0000] {processor.py:753} INFO - DAG(s) dict_keys(['example_local_kubernetes_executor']) retrieved from /home/airflow/.local/lib/python3.7/site-packages/airflow/example_dags/example_local_kubernetes_executor.py
[2023-03-07T13:49:08.281+0000] {logging_mixin.py:137} INFO - [2023-03-07T13:49:08.281+0000] {dag.py:2690} INFO - Sync 1 DAGs
[2023-03-07T13:49:08.295+0000] {logging_mixin.py:137} INFO - [2023-03-07T13:49:08.295+0000] {dag.py:3441} INFO - Setting next_dagrun for example_local_kubernetes_executor to None, run_after=None
[2023-03-07T13:49:08.308+0000] {processor.py:175} INFO - Processing /home/airflow/.local/lib/python3.7/site-packages/airflow/example_dags/example_local_kubernetes_executor.py took 0.094 seconds
[2023-03-07T13:49:38.718+0000] {processor.py:153} INFO - Started process (PID=624) to work on /home/airflow/.local/lib/python3.7/site-packages/airflow/example_dags/example_local_kubernetes_executor.py
[2023-03-07T13:49:38.809+0000] {processor.py:743} INFO - Processing file /home/airflow/.local/lib/python3.7/site-packages/airflow/example_dags/example_local_kubernetes_executor.py for tasks to queue
[2023-03-07T13:49:38.810+0000] {logging_mixin.py:137} INFO - [2023-03-07T13:49:38.810+0000] {dagbag.py:538} INFO - Filling up the DagBag from /home/airflow/.local/lib/python3.7/site-packages/airflow/example_dags/example_local_kubernetes_executor.py
[2023-03-07T13:49:38.831+0000] {processor.py:753} INFO - DAG(s) dict_keys(['example_local_kubernetes_executor']) retrieved from /home/airflow/.local/lib/python3.7/site-packages/airflow/example_dags/example_local_kubernetes_executor.py
[2023-03-07T13:49:38.854+0000] {logging_mixin.py:137} INFO - [2023-03-07T13:49:38.854+0000] {dag.py:2690} INFO - Sync 1 DAGs
[2023-03-07T13:49:38.873+0000] {logging_mixin.py:137} INFO - [2023-03-07T13:49:38.873+0000] {dag.py:3441} INFO - Setting next_dagrun for example_local_kubernetes_executor to None, run_after=None
[2023-03-07T13:49:38.886+0000] {processor.py:175} INFO - Processing /home/airflow/.local/lib/python3.7/site-packages/airflow/example_dags/example_local_kubernetes_executor.py took 0.174 seconds
[2023-03-07T13:50:08.912+0000] {processor.py:153} INFO - Started process (PID=687) to work on /home/airflow/.local/lib/python3.7/site-packages/airflow/example_dags/example_local_kubernetes_executor.py
[2023-03-07T13:50:08.964+0000] {processor.py:743} INFO - Processing file /home/airflow/.local/lib/python3.7/site-packages/airflow/example_dags/example_local_kubernetes_executor.py for tasks to queue
[2023-03-07T13:50:08.965+0000] {logging_mixin.py:137} INFO - [2023-03-07T13:50:08.965+0000] {dagbag.py:538} INFO - Filling up the DagBag from /home/airflow/.local/lib/python3.7/site-packages/airflow/example_dags/example_local_kubernetes_executor.py
[2023-03-07T13:50:08.993+0000] {processor.py:753} INFO - DAG(s) dict_keys(['example_local_kubernetes_executor']) retrieved from /home/airflow/.local/lib/python3.7/site-packages/airflow/example_dags/example_local_kubernetes_executor.py
[2023-03-07T13:50:09.069+0000] {logging_mixin.py:137} INFO - [2023-03-07T13:50:09.069+0000] {dag.py:2690} INFO - Sync 1 DAGs
[2023-03-07T13:50:09.123+0000] {logging_mixin.py:137} INFO - [2023-03-07T13:50:09.123+0000] {dag.py:3441} INFO - Setting next_dagrun for example_local_kubernetes_executor to None, run_after=None
[2023-03-07T13:50:09.187+0000] {processor.py:175} INFO - Processing /home/airflow/.local/lib/python3.7/site-packages/airflow/example_dags/example_local_kubernetes_executor.py took 0.278 seconds
[2023-03-07T13:50:40.187+0000] {processor.py:153} INFO - Started process (PID=761) to work on /home/airflow/.local/lib/python3.7/site-packages/airflow/example_dags/example_local_kubernetes_executor.py
[2023-03-07T13:50:40.191+0000] {processor.py:743} INFO - Processing file /home/airflow/.local/lib/python3.7/site-packages/airflow/example_dags/example_local_kubernetes_executor.py for tasks to queue
[2023-03-07T13:50:40.192+0000] {logging_mixin.py:137} INFO - [2023-03-07T13:50:40.192+0000] {dagbag.py:538} INFO - Filling up the DagBag from /home/airflow/.local/lib/python3.7/site-packages/airflow/example_dags/example_local_kubernetes_executor.py
[2023-03-07T13:50:40.220+0000] {processor.py:753} INFO - DAG(s) dict_keys(['example_local_kubernetes_executor']) retrieved from /home/airflow/.local/lib/python3.7/site-packages/airflow/example_dags/example_local_kubernetes_executor.py
[2023-03-07T13:50:40.248+0000] {logging_mixin.py:137} INFO - [2023-03-07T13:50:40.248+0000] {dag.py:2690} INFO - Sync 1 DAGs
[2023-03-07T13:50:40.264+0000] {logging_mixin.py:137} INFO - [2023-03-07T13:50:40.264+0000] {dag.py:3441} INFO - Setting next_dagrun for example_local_kubernetes_executor to None, run_after=None
[2023-03-07T13:50:40.277+0000] {processor.py:175} INFO - Processing /home/airflow/.local/lib/python3.7/site-packages/airflow/example_dags/example_local_kubernetes_executor.py took 0.100 seconds
[2023-03-07T13:51:10.597+0000] {processor.py:153} INFO - Started process (PID=824) to work on /home/airflow/.local/lib/python3.7/site-packages/airflow/example_dags/example_local_kubernetes_executor.py
[2023-03-07T13:51:10.604+0000] {processor.py:743} INFO - Processing file /home/airflow/.local/lib/python3.7/site-packages/airflow/example_dags/example_local_kubernetes_executor.py for tasks to queue
[2023-03-07T13:51:10.609+0000] {logging_mixin.py:137} INFO - [2023-03-07T13:51:10.608+0000] {dagbag.py:538} INFO - Filling up the DagBag from /home/airflow/.local/lib/python3.7/site-packages/airflow/example_dags/example_local_kubernetes_executor.py
[2023-03-07T13:51:10.659+0000] {processor.py:753} INFO - DAG(s) dict_keys(['example_local_kubernetes_executor']) retrieved from /home/airflow/.local/lib/python3.7/site-packages/airflow/example_dags/example_local_kubernetes_executor.py
[2023-03-07T13:51:10.723+0000] {logging_mixin.py:137} INFO - [2023-03-07T13:51:10.723+0000] {dag.py:2690} INFO - Sync 1 DAGs
[2023-03-07T13:51:10.770+0000] {logging_mixin.py:137} INFO - [2023-03-07T13:51:10.770+0000] {dag.py:3441} INFO - Setting next_dagrun for example_local_kubernetes_executor to None, run_after=None
[2023-03-07T13:51:10.791+0000] {processor.py:175} INFO - Processing /home/airflow/.local/lib/python3.7/site-packages/airflow/example_dags/example_local_kubernetes_executor.py took 0.200 seconds
[2023-03-07T13:51:41.779+0000] {processor.py:153} INFO - Started process (PID=900) to work on /home/airflow/.local/lib/python3.7/site-packages/airflow/example_dags/example_local_kubernetes_executor.py
[2023-03-07T13:51:41.782+0000] {processor.py:743} INFO - Processing file /home/airflow/.local/lib/python3.7/site-packages/airflow/example_dags/example_local_kubernetes_executor.py for tasks to queue
[2023-03-07T13:51:41.784+0000] {logging_mixin.py:137} INFO - [2023-03-07T13:51:41.784+0000] {dagbag.py:538} INFO - Filling up the DagBag from /home/airflow/.local/lib/python3.7/site-packages/airflow/example_dags/example_local_kubernetes_executor.py
[2023-03-07T13:51:41.815+0000] {processor.py:753} INFO - DAG(s) dict_keys(['example_local_kubernetes_executor']) retrieved from /home/airflow/.local/lib/python3.7/site-packages/airflow/example_dags/example_local_kubernetes_executor.py
[2023-03-07T13:51:41.858+0000] {logging_mixin.py:137} INFO - [2023-03-07T13:51:41.858+0000] {dag.py:2690} INFO - Sync 1 DAGs
[2023-03-07T13:51:41.878+0000] {logging_mixin.py:137} INFO - [2023-03-07T13:51:41.878+0000] {dag.py:3441} INFO - Setting next_dagrun for example_local_kubernetes_executor to None, run_after=None
[2023-03-07T13:51:41.893+0000] {processor.py:175} INFO - Processing /home/airflow/.local/lib/python3.7/site-packages/airflow/example_dags/example_local_kubernetes_executor.py took 0.121 seconds
[2023-03-07T13:52:12.035+0000] {processor.py:153} INFO - Started process (PID=969) to work on /home/airflow/.local/lib/python3.7/site-packages/airflow/example_dags/example_local_kubernetes_executor.py
[2023-03-07T13:52:12.039+0000] {processor.py:743} INFO - Processing file /home/airflow/.local/lib/python3.7/site-packages/airflow/example_dags/example_local_kubernetes_executor.py for tasks to queue
[2023-03-07T13:52:12.041+0000] {logging_mixin.py:137} INFO - [2023-03-07T13:52:12.041+0000] {dagbag.py:538} INFO - Filling up the DagBag from /home/airflow/.local/lib/python3.7/site-packages/airflow/example_dags/example_local_kubernetes_executor.py
[2023-03-07T13:52:12.105+0000] {processor.py:753} INFO - DAG(s) dict_keys(['example_local_kubernetes_executor']) retrieved from /home/airflow/.local/lib/python3.7/site-packages/airflow/example_dags/example_local_kubernetes_executor.py
[2023-03-07T13:52:12.159+0000] {logging_mixin.py:137} INFO - [2023-03-07T13:52:12.159+0000] {dag.py:2690} INFO - Sync 1 DAGs
[2023-03-07T13:52:12.185+0000] {logging_mixin.py:137} INFO - [2023-03-07T13:52:12.185+0000] {dag.py:3441} INFO - Setting next_dagrun for example_local_kubernetes_executor to None, run_after=None
[2023-03-07T13:52:12.207+0000] {processor.py:175} INFO - Processing /home/airflow/.local/lib/python3.7/site-packages/airflow/example_dags/example_local_kubernetes_executor.py took 0.200 seconds
[2023-03-07T13:52:42.927+0000] {processor.py:153} INFO - Started process (PID=1038) to work on /home/airflow/.local/lib/python3.7/site-packages/airflow/example_dags/example_local_kubernetes_executor.py
[2023-03-07T13:52:42.930+0000] {processor.py:743} INFO - Processing file /home/airflow/.local/lib/python3.7/site-packages/airflow/example_dags/example_local_kubernetes_executor.py for tasks to queue
[2023-03-07T13:52:42.933+0000] {logging_mixin.py:137} INFO - [2023-03-07T13:52:42.933+0000] {dagbag.py:538} INFO - Filling up the DagBag from /home/airflow/.local/lib/python3.7/site-packages/airflow/example_dags/example_local_kubernetes_executor.py
[2023-03-07T13:52:42.985+0000] {processor.py:753} INFO - DAG(s) dict_keys(['example_local_kubernetes_executor']) retrieved from /home/airflow/.local/lib/python3.7/site-packages/airflow/example_dags/example_local_kubernetes_executor.py
[2023-03-07T13:52:43.034+0000] {logging_mixin.py:137} INFO - [2023-03-07T13:52:43.033+0000] {dag.py:2690} INFO - Sync 1 DAGs
[2023-03-07T13:52:43.070+0000] {logging_mixin.py:137} INFO - [2023-03-07T13:52:43.070+0000] {dag.py:3441} INFO - Setting next_dagrun for example_local_kubernetes_executor to None, run_after=None
[2023-03-07T13:52:43.094+0000] {processor.py:175} INFO - Processing /home/airflow/.local/lib/python3.7/site-packages/airflow/example_dags/example_local_kubernetes_executor.py took 0.180 seconds
[2023-03-07T13:53:13.210+0000] {processor.py:153} INFO - Started process (PID=1109) to work on /home/airflow/.local/lib/python3.7/site-packages/airflow/example_dags/example_local_kubernetes_executor.py
[2023-03-07T13:53:13.214+0000] {processor.py:743} INFO - Processing file /home/airflow/.local/lib/python3.7/site-packages/airflow/example_dags/example_local_kubernetes_executor.py for tasks to queue
[2023-03-07T13:53:13.216+0000] {logging_mixin.py:137} INFO - [2023-03-07T13:53:13.215+0000] {dagbag.py:538} INFO - Filling up the DagBag from /home/airflow/.local/lib/python3.7/site-packages/airflow/example_dags/example_local_kubernetes_executor.py
[2023-03-07T13:53:13.266+0000] {processor.py:753} INFO - DAG(s) dict_keys(['example_local_kubernetes_executor']) retrieved from /home/airflow/.local/lib/python3.7/site-packages/airflow/example_dags/example_local_kubernetes_executor.py
[2023-03-07T13:53:13.320+0000] {logging_mixin.py:137} INFO - [2023-03-07T13:53:13.320+0000] {dag.py:2690} INFO - Sync 1 DAGs
[2023-03-07T13:53:13.352+0000] {logging_mixin.py:137} INFO - [2023-03-07T13:53:13.351+0000] {dag.py:3441} INFO - Setting next_dagrun for example_local_kubernetes_executor to None, run_after=None
[2023-03-07T13:53:13.406+0000] {processor.py:175} INFO - Processing /home/airflow/.local/lib/python3.7/site-packages/airflow/example_dags/example_local_kubernetes_executor.py took 0.202 seconds
