[2023-03-07T13:43:37.433+0000] {processor.py:153} INFO - Started process (PID=50) to work on /home/airflow/.local/lib/python3.7/site-packages/airflow/example_dags/example_dynamic_task_mapping.py
[2023-03-07T13:43:37.437+0000] {processor.py:743} INFO - Processing file /home/airflow/.local/lib/python3.7/site-packages/airflow/example_dags/example_dynamic_task_mapping.py for tasks to queue
[2023-03-07T13:43:37.440+0000] {logging_mixin.py:137} INFO - [2023-03-07T13:43:37.440+0000] {dagbag.py:538} INFO - Filling up the DagBag from /home/airflow/.local/lib/python3.7/site-packages/airflow/example_dags/example_dynamic_task_mapping.py
[2023-03-07T13:43:37.501+0000] {processor.py:753} INFO - DAG(s) dict_keys(['example_dynamic_task_mapping']) retrieved from /home/airflow/.local/lib/python3.7/site-packages/airflow/example_dags/example_dynamic_task_mapping.py
[2023-03-07T13:43:37.569+0000] {logging_mixin.py:137} INFO - [2023-03-07T13:43:37.568+0000] {dag.py:2690} INFO - Sync 1 DAGs
[2023-03-07T13:43:37.661+0000] {logging_mixin.py:137} INFO - [2023-03-07T13:43:37.661+0000] {dag.py:3441} INFO - Setting next_dagrun for example_dynamic_task_mapping to 2022-03-04T00:00:00+00:00, run_after=2022-03-05T00:00:00+00:00
[2023-03-07T13:43:37.785+0000] {processor.py:175} INFO - Processing /home/airflow/.local/lib/python3.7/site-packages/airflow/example_dags/example_dynamic_task_mapping.py took 0.355 seconds
[2023-03-07T13:44:08.526+0000] {processor.py:153} INFO - Started process (PID=100) to work on /home/airflow/.local/lib/python3.7/site-packages/airflow/example_dags/example_dynamic_task_mapping.py
[2023-03-07T13:44:08.574+0000] {processor.py:743} INFO - Processing file /home/airflow/.local/lib/python3.7/site-packages/airflow/example_dags/example_dynamic_task_mapping.py for tasks to queue
[2023-03-07T13:44:08.590+0000] {logging_mixin.py:137} INFO - [2023-03-07T13:44:08.589+0000] {dagbag.py:538} INFO - Filling up the DagBag from /home/airflow/.local/lib/python3.7/site-packages/airflow/example_dags/example_dynamic_task_mapping.py
[2023-03-07T13:44:08.856+0000] {processor.py:753} INFO - DAG(s) dict_keys(['example_dynamic_task_mapping']) retrieved from /home/airflow/.local/lib/python3.7/site-packages/airflow/example_dags/example_dynamic_task_mapping.py
[2023-03-07T13:44:09.035+0000] {logging_mixin.py:137} INFO - [2023-03-07T13:44:09.034+0000] {dag.py:2690} INFO - Sync 1 DAGs
[2023-03-07T13:44:09.105+0000] {logging_mixin.py:137} INFO - [2023-03-07T13:44:09.104+0000] {dag.py:3441} INFO - Setting next_dagrun for example_dynamic_task_mapping to 2022-03-04T00:00:00+00:00, run_after=2022-03-05T00:00:00+00:00
[2023-03-07T13:44:09.194+0000] {processor.py:175} INFO - Processing /home/airflow/.local/lib/python3.7/site-packages/airflow/example_dags/example_dynamic_task_mapping.py took 0.691 seconds
[2023-03-07T13:44:43.588+0000] {processor.py:153} INFO - Started process (PID=163) to work on /home/airflow/.local/lib/python3.7/site-packages/airflow/example_dags/example_dynamic_task_mapping.py
[2023-03-07T13:44:43.594+0000] {processor.py:743} INFO - Processing file /home/airflow/.local/lib/python3.7/site-packages/airflow/example_dags/example_dynamic_task_mapping.py for tasks to queue
[2023-03-07T13:44:43.602+0000] {logging_mixin.py:137} INFO - [2023-03-07T13:44:43.602+0000] {dagbag.py:538} INFO - Filling up the DagBag from /home/airflow/.local/lib/python3.7/site-packages/airflow/example_dags/example_dynamic_task_mapping.py
[2023-03-07T13:44:43.781+0000] {processor.py:753} INFO - DAG(s) dict_keys(['example_dynamic_task_mapping']) retrieved from /home/airflow/.local/lib/python3.7/site-packages/airflow/example_dags/example_dynamic_task_mapping.py
[2023-03-07T13:44:44.092+0000] {logging_mixin.py:137} INFO - [2023-03-07T13:44:44.072+0000] {dag.py:2690} INFO - Sync 1 DAGs
[2023-03-07T13:44:44.448+0000] {logging_mixin.py:137} INFO - [2023-03-07T13:44:44.433+0000] {dag.py:3441} INFO - Setting next_dagrun for example_dynamic_task_mapping to 2022-03-04T00:00:00+00:00, run_after=2022-03-05T00:00:00+00:00
[2023-03-07T13:44:44.669+0000] {processor.py:175} INFO - Processing /home/airflow/.local/lib/python3.7/site-packages/airflow/example_dags/example_dynamic_task_mapping.py took 1.109 seconds
[2023-03-07T13:45:40.220+0000] {processor.py:153} INFO - Started process (PID=234) to work on /home/airflow/.local/lib/python3.7/site-packages/airflow/example_dags/example_dynamic_task_mapping.py
[2023-03-07T13:45:40.227+0000] {processor.py:743} INFO - Processing file /home/airflow/.local/lib/python3.7/site-packages/airflow/example_dags/example_dynamic_task_mapping.py for tasks to queue
[2023-03-07T13:45:40.235+0000] {logging_mixin.py:137} INFO - [2023-03-07T13:45:40.235+0000] {dagbag.py:538} INFO - Filling up the DagBag from /home/airflow/.local/lib/python3.7/site-packages/airflow/example_dags/example_dynamic_task_mapping.py
[2023-03-07T13:45:40.424+0000] {processor.py:753} INFO - DAG(s) dict_keys(['example_dynamic_task_mapping']) retrieved from /home/airflow/.local/lib/python3.7/site-packages/airflow/example_dags/example_dynamic_task_mapping.py
[2023-03-07T13:45:40.683+0000] {logging_mixin.py:137} INFO - [2023-03-07T13:45:40.682+0000] {dag.py:2690} INFO - Sync 1 DAGs
[2023-03-07T13:45:40.792+0000] {logging_mixin.py:137} INFO - [2023-03-07T13:45:40.792+0000] {dag.py:3441} INFO - Setting next_dagrun for example_dynamic_task_mapping to 2022-03-04T00:00:00+00:00, run_after=2022-03-05T00:00:00+00:00
[2023-03-07T13:45:40.872+0000] {processor.py:175} INFO - Processing /home/airflow/.local/lib/python3.7/site-packages/airflow/example_dags/example_dynamic_task_mapping.py took 0.688 seconds
[2023-03-07T13:46:16.615+0000] {processor.py:153} INFO - Started process (PID=297) to work on /home/airflow/.local/lib/python3.7/site-packages/airflow/example_dags/example_dynamic_task_mapping.py
[2023-03-07T13:46:16.638+0000] {processor.py:743} INFO - Processing file /home/airflow/.local/lib/python3.7/site-packages/airflow/example_dags/example_dynamic_task_mapping.py for tasks to queue
[2023-03-07T13:46:16.663+0000] {logging_mixin.py:137} INFO - [2023-03-07T13:46:16.646+0000] {dagbag.py:538} INFO - Filling up the DagBag from /home/airflow/.local/lib/python3.7/site-packages/airflow/example_dags/example_dynamic_task_mapping.py
[2023-03-07T13:46:16.867+0000] {processor.py:753} INFO - DAG(s) dict_keys(['example_dynamic_task_mapping']) retrieved from /home/airflow/.local/lib/python3.7/site-packages/airflow/example_dags/example_dynamic_task_mapping.py
[2023-03-07T13:46:17.453+0000] {logging_mixin.py:137} INFO - [2023-03-07T13:46:17.452+0000] {dag.py:2690} INFO - Sync 1 DAGs
[2023-03-07T13:46:17.751+0000] {logging_mixin.py:137} INFO - [2023-03-07T13:46:17.749+0000] {dag.py:3441} INFO - Setting next_dagrun for example_dynamic_task_mapping to 2022-03-04T00:00:00+00:00, run_after=2022-03-05T00:00:00+00:00
[2023-03-07T13:46:17.822+0000] {processor.py:175} INFO - Processing /home/airflow/.local/lib/python3.7/site-packages/airflow/example_dags/example_dynamic_task_mapping.py took 1.233 seconds
[2023-03-07T13:46:52.555+0000] {processor.py:153} INFO - Started process (PID=357) to work on /home/airflow/.local/lib/python3.7/site-packages/airflow/example_dags/example_dynamic_task_mapping.py
[2023-03-07T13:46:52.562+0000] {processor.py:743} INFO - Processing file /home/airflow/.local/lib/python3.7/site-packages/airflow/example_dags/example_dynamic_task_mapping.py for tasks to queue
[2023-03-07T13:46:52.585+0000] {logging_mixin.py:137} INFO - [2023-03-07T13:46:52.583+0000] {dagbag.py:538} INFO - Filling up the DagBag from /home/airflow/.local/lib/python3.7/site-packages/airflow/example_dags/example_dynamic_task_mapping.py
[2023-03-07T13:46:52.754+0000] {processor.py:753} INFO - DAG(s) dict_keys(['example_dynamic_task_mapping']) retrieved from /home/airflow/.local/lib/python3.7/site-packages/airflow/example_dags/example_dynamic_task_mapping.py
[2023-03-07T13:46:52.873+0000] {logging_mixin.py:137} INFO - [2023-03-07T13:46:52.873+0000] {dag.py:2690} INFO - Sync 1 DAGs
[2023-03-07T13:46:53.186+0000] {logging_mixin.py:137} INFO - [2023-03-07T13:46:53.186+0000] {dag.py:3441} INFO - Setting next_dagrun for example_dynamic_task_mapping to 2022-03-04T00:00:00+00:00, run_after=2022-03-05T00:00:00+00:00
[2023-03-07T13:46:53.670+0000] {processor.py:175} INFO - Processing /home/airflow/.local/lib/python3.7/site-packages/airflow/example_dags/example_dynamic_task_mapping.py took 1.142 seconds
[2023-03-07T13:48:05.176+0000] {processor.py:153} INFO - Started process (PID=433) to work on /home/airflow/.local/lib/python3.7/site-packages/airflow/example_dags/example_dynamic_task_mapping.py
[2023-03-07T13:48:05.188+0000] {processor.py:743} INFO - Processing file /home/airflow/.local/lib/python3.7/site-packages/airflow/example_dags/example_dynamic_task_mapping.py for tasks to queue
[2023-03-07T13:48:05.218+0000] {logging_mixin.py:137} INFO - [2023-03-07T13:48:05.217+0000] {dagbag.py:538} INFO - Filling up the DagBag from /home/airflow/.local/lib/python3.7/site-packages/airflow/example_dags/example_dynamic_task_mapping.py
[2023-03-07T13:48:05.320+0000] {processor.py:753} INFO - DAG(s) dict_keys(['example_dynamic_task_mapping']) retrieved from /home/airflow/.local/lib/python3.7/site-packages/airflow/example_dags/example_dynamic_task_mapping.py
[2023-03-07T13:48:05.412+0000] {logging_mixin.py:137} INFO - [2023-03-07T13:48:05.412+0000] {dag.py:2690} INFO - Sync 1 DAGs
[2023-03-07T13:48:05.507+0000] {logging_mixin.py:137} INFO - [2023-03-07T13:48:05.494+0000] {dag.py:3441} INFO - Setting next_dagrun for example_dynamic_task_mapping to 2022-03-04T00:00:00+00:00, run_after=2022-03-05T00:00:00+00:00
[2023-03-07T13:48:05.601+0000] {processor.py:175} INFO - Processing /home/airflow/.local/lib/python3.7/site-packages/airflow/example_dags/example_dynamic_task_mapping.py took 0.430 seconds
[2023-03-07T13:48:36.759+0000] {processor.py:153} INFO - Started process (PID=482) to work on /home/airflow/.local/lib/python3.7/site-packages/airflow/example_dags/example_dynamic_task_mapping.py
[2023-03-07T13:48:36.765+0000] {processor.py:743} INFO - Processing file /home/airflow/.local/lib/python3.7/site-packages/airflow/example_dags/example_dynamic_task_mapping.py for tasks to queue
[2023-03-07T13:48:36.766+0000] {logging_mixin.py:137} INFO - [2023-03-07T13:48:36.766+0000] {dagbag.py:538} INFO - Filling up the DagBag from /home/airflow/.local/lib/python3.7/site-packages/airflow/example_dags/example_dynamic_task_mapping.py
[2023-03-07T13:48:36.791+0000] {processor.py:753} INFO - DAG(s) dict_keys(['example_dynamic_task_mapping']) retrieved from /home/airflow/.local/lib/python3.7/site-packages/airflow/example_dags/example_dynamic_task_mapping.py
[2023-03-07T13:48:36.818+0000] {logging_mixin.py:137} INFO - [2023-03-07T13:48:36.818+0000] {dag.py:2690} INFO - Sync 1 DAGs
[2023-03-07T13:48:36.858+0000] {logging_mixin.py:137} INFO - [2023-03-07T13:48:36.858+0000] {dag.py:3441} INFO - Setting next_dagrun for example_dynamic_task_mapping to 2022-03-04T00:00:00+00:00, run_after=2022-03-05T00:00:00+00:00
[2023-03-07T13:48:36.878+0000] {processor.py:175} INFO - Processing /home/airflow/.local/lib/python3.7/site-packages/airflow/example_dags/example_dynamic_task_mapping.py took 0.125 seconds
[2023-03-07T13:49:06.932+0000] {processor.py:153} INFO - Started process (PID=545) to work on /home/airflow/.local/lib/python3.7/site-packages/airflow/example_dags/example_dynamic_task_mapping.py
[2023-03-07T13:49:06.933+0000] {processor.py:743} INFO - Processing file /home/airflow/.local/lib/python3.7/site-packages/airflow/example_dags/example_dynamic_task_mapping.py for tasks to queue
[2023-03-07T13:49:06.934+0000] {logging_mixin.py:137} INFO - [2023-03-07T13:49:06.934+0000] {dagbag.py:538} INFO - Filling up the DagBag from /home/airflow/.local/lib/python3.7/site-packages/airflow/example_dags/example_dynamic_task_mapping.py
[2023-03-07T13:49:06.949+0000] {processor.py:753} INFO - DAG(s) dict_keys(['example_dynamic_task_mapping']) retrieved from /home/airflow/.local/lib/python3.7/site-packages/airflow/example_dags/example_dynamic_task_mapping.py
[2023-03-07T13:49:06.968+0000] {logging_mixin.py:137} INFO - [2023-03-07T13:49:06.968+0000] {dag.py:2690} INFO - Sync 1 DAGs
[2023-03-07T13:49:06.983+0000] {logging_mixin.py:137} INFO - [2023-03-07T13:49:06.983+0000] {dag.py:3441} INFO - Setting next_dagrun for example_dynamic_task_mapping to 2022-03-04T00:00:00+00:00, run_after=2022-03-05T00:00:00+00:00
[2023-03-07T13:49:06.995+0000] {processor.py:175} INFO - Processing /home/airflow/.local/lib/python3.7/site-packages/airflow/example_dags/example_dynamic_task_mapping.py took 0.065 seconds
[2023-03-07T13:49:37.251+0000] {processor.py:153} INFO - Started process (PID=617) to work on /home/airflow/.local/lib/python3.7/site-packages/airflow/example_dags/example_dynamic_task_mapping.py
[2023-03-07T13:49:37.254+0000] {processor.py:743} INFO - Processing file /home/airflow/.local/lib/python3.7/site-packages/airflow/example_dags/example_dynamic_task_mapping.py for tasks to queue
[2023-03-07T13:49:37.255+0000] {logging_mixin.py:137} INFO - [2023-03-07T13:49:37.255+0000] {dagbag.py:538} INFO - Filling up the DagBag from /home/airflow/.local/lib/python3.7/site-packages/airflow/example_dags/example_dynamic_task_mapping.py
[2023-03-07T13:49:37.272+0000] {processor.py:753} INFO - DAG(s) dict_keys(['example_dynamic_task_mapping']) retrieved from /home/airflow/.local/lib/python3.7/site-packages/airflow/example_dags/example_dynamic_task_mapping.py
[2023-03-07T13:49:37.293+0000] {logging_mixin.py:137} INFO - [2023-03-07T13:49:37.293+0000] {dag.py:2690} INFO - Sync 1 DAGs
[2023-03-07T13:49:37.311+0000] {logging_mixin.py:137} INFO - [2023-03-07T13:49:37.310+0000] {dag.py:3441} INFO - Setting next_dagrun for example_dynamic_task_mapping to 2022-03-04T00:00:00+00:00, run_after=2022-03-05T00:00:00+00:00
[2023-03-07T13:49:37.325+0000] {processor.py:175} INFO - Processing /home/airflow/.local/lib/python3.7/site-packages/airflow/example_dags/example_dynamic_task_mapping.py took 0.078 seconds
[2023-03-07T13:50:08.326+0000] {processor.py:153} INFO - Started process (PID=678) to work on /home/airflow/.local/lib/python3.7/site-packages/airflow/example_dags/example_dynamic_task_mapping.py
[2023-03-07T13:50:08.328+0000] {processor.py:743} INFO - Processing file /home/airflow/.local/lib/python3.7/site-packages/airflow/example_dags/example_dynamic_task_mapping.py for tasks to queue
[2023-03-07T13:50:08.329+0000] {logging_mixin.py:137} INFO - [2023-03-07T13:50:08.329+0000] {dagbag.py:538} INFO - Filling up the DagBag from /home/airflow/.local/lib/python3.7/site-packages/airflow/example_dags/example_dynamic_task_mapping.py
[2023-03-07T13:50:08.346+0000] {processor.py:753} INFO - DAG(s) dict_keys(['example_dynamic_task_mapping']) retrieved from /home/airflow/.local/lib/python3.7/site-packages/airflow/example_dags/example_dynamic_task_mapping.py
[2023-03-07T13:50:08.368+0000] {logging_mixin.py:137} INFO - [2023-03-07T13:50:08.367+0000] {dag.py:2690} INFO - Sync 1 DAGs
[2023-03-07T13:50:08.386+0000] {logging_mixin.py:137} INFO - [2023-03-07T13:50:08.386+0000] {dag.py:3441} INFO - Setting next_dagrun for example_dynamic_task_mapping to 2022-03-04T00:00:00+00:00, run_after=2022-03-05T00:00:00+00:00
[2023-03-07T13:50:08.400+0000] {processor.py:175} INFO - Processing /home/airflow/.local/lib/python3.7/site-packages/airflow/example_dags/example_dynamic_task_mapping.py took 0.078 seconds
[2023-03-07T13:50:38.699+0000] {processor.py:153} INFO - Started process (PID=752) to work on /home/airflow/.local/lib/python3.7/site-packages/airflow/example_dags/example_dynamic_task_mapping.py
[2023-03-07T13:50:38.702+0000] {processor.py:743} INFO - Processing file /home/airflow/.local/lib/python3.7/site-packages/airflow/example_dags/example_dynamic_task_mapping.py for tasks to queue
[2023-03-07T13:50:38.703+0000] {logging_mixin.py:137} INFO - [2023-03-07T13:50:38.703+0000] {dagbag.py:538} INFO - Filling up the DagBag from /home/airflow/.local/lib/python3.7/site-packages/airflow/example_dags/example_dynamic_task_mapping.py
[2023-03-07T13:50:38.720+0000] {processor.py:753} INFO - DAG(s) dict_keys(['example_dynamic_task_mapping']) retrieved from /home/airflow/.local/lib/python3.7/site-packages/airflow/example_dags/example_dynamic_task_mapping.py
[2023-03-07T13:50:38.740+0000] {logging_mixin.py:137} INFO - [2023-03-07T13:50:38.740+0000] {dag.py:2690} INFO - Sync 1 DAGs
[2023-03-07T13:50:38.757+0000] {logging_mixin.py:137} INFO - [2023-03-07T13:50:38.757+0000] {dag.py:3441} INFO - Setting next_dagrun for example_dynamic_task_mapping to 2022-03-04T00:00:00+00:00, run_after=2022-03-05T00:00:00+00:00
[2023-03-07T13:50:38.767+0000] {processor.py:175} INFO - Processing /home/airflow/.local/lib/python3.7/site-packages/airflow/example_dags/example_dynamic_task_mapping.py took 0.071 seconds
[2023-03-07T13:51:09.094+0000] {processor.py:153} INFO - Started process (PID=815) to work on /home/airflow/.local/lib/python3.7/site-packages/airflow/example_dags/example_dynamic_task_mapping.py
[2023-03-07T13:51:09.096+0000] {processor.py:743} INFO - Processing file /home/airflow/.local/lib/python3.7/site-packages/airflow/example_dags/example_dynamic_task_mapping.py for tasks to queue
[2023-03-07T13:51:09.097+0000] {logging_mixin.py:137} INFO - [2023-03-07T13:51:09.097+0000] {dagbag.py:538} INFO - Filling up the DagBag from /home/airflow/.local/lib/python3.7/site-packages/airflow/example_dags/example_dynamic_task_mapping.py
[2023-03-07T13:51:09.114+0000] {processor.py:753} INFO - DAG(s) dict_keys(['example_dynamic_task_mapping']) retrieved from /home/airflow/.local/lib/python3.7/site-packages/airflow/example_dags/example_dynamic_task_mapping.py
[2023-03-07T13:51:09.164+0000] {logging_mixin.py:137} INFO - [2023-03-07T13:51:09.164+0000] {dag.py:2690} INFO - Sync 1 DAGs
[2023-03-07T13:51:09.187+0000] {logging_mixin.py:137} INFO - [2023-03-07T13:51:09.187+0000] {dag.py:3441} INFO - Setting next_dagrun for example_dynamic_task_mapping to 2022-03-04T00:00:00+00:00, run_after=2022-03-05T00:00:00+00:00
[2023-03-07T13:51:09.201+0000] {processor.py:175} INFO - Processing /home/airflow/.local/lib/python3.7/site-packages/airflow/example_dags/example_dynamic_task_mapping.py took 0.112 seconds
[2023-03-07T13:51:39.341+0000] {processor.py:153} INFO - Started process (PID=891) to work on /home/airflow/.local/lib/python3.7/site-packages/airflow/example_dags/example_dynamic_task_mapping.py
[2023-03-07T13:51:39.343+0000] {processor.py:743} INFO - Processing file /home/airflow/.local/lib/python3.7/site-packages/airflow/example_dags/example_dynamic_task_mapping.py for tasks to queue
[2023-03-07T13:51:39.344+0000] {logging_mixin.py:137} INFO - [2023-03-07T13:51:39.344+0000] {dagbag.py:538} INFO - Filling up the DagBag from /home/airflow/.local/lib/python3.7/site-packages/airflow/example_dags/example_dynamic_task_mapping.py
[2023-03-07T13:51:39.359+0000] {processor.py:753} INFO - DAG(s) dict_keys(['example_dynamic_task_mapping']) retrieved from /home/airflow/.local/lib/python3.7/site-packages/airflow/example_dags/example_dynamic_task_mapping.py
[2023-03-07T13:51:39.379+0000] {logging_mixin.py:137} INFO - [2023-03-07T13:51:39.378+0000] {dag.py:2690} INFO - Sync 1 DAGs
[2023-03-07T13:51:39.399+0000] {logging_mixin.py:137} INFO - [2023-03-07T13:51:39.399+0000] {dag.py:3441} INFO - Setting next_dagrun for example_dynamic_task_mapping to 2022-03-04T00:00:00+00:00, run_after=2022-03-05T00:00:00+00:00
[2023-03-07T13:51:39.411+0000] {processor.py:175} INFO - Processing /home/airflow/.local/lib/python3.7/site-packages/airflow/example_dags/example_dynamic_task_mapping.py took 0.072 seconds
[2023-03-07T13:52:09.542+0000] {processor.py:153} INFO - Started process (PID=954) to work on /home/airflow/.local/lib/python3.7/site-packages/airflow/example_dags/example_dynamic_task_mapping.py
[2023-03-07T13:52:09.544+0000] {processor.py:743} INFO - Processing file /home/airflow/.local/lib/python3.7/site-packages/airflow/example_dags/example_dynamic_task_mapping.py for tasks to queue
[2023-03-07T13:52:09.545+0000] {logging_mixin.py:137} INFO - [2023-03-07T13:52:09.545+0000] {dagbag.py:538} INFO - Filling up the DagBag from /home/airflow/.local/lib/python3.7/site-packages/airflow/example_dags/example_dynamic_task_mapping.py
[2023-03-07T13:52:09.561+0000] {processor.py:753} INFO - DAG(s) dict_keys(['example_dynamic_task_mapping']) retrieved from /home/airflow/.local/lib/python3.7/site-packages/airflow/example_dags/example_dynamic_task_mapping.py
[2023-03-07T13:52:09.582+0000] {logging_mixin.py:137} INFO - [2023-03-07T13:52:09.582+0000] {dag.py:2690} INFO - Sync 1 DAGs
[2023-03-07T13:52:09.598+0000] {logging_mixin.py:137} INFO - [2023-03-07T13:52:09.598+0000] {dag.py:3441} INFO - Setting next_dagrun for example_dynamic_task_mapping to 2022-03-04T00:00:00+00:00, run_after=2022-03-05T00:00:00+00:00
[2023-03-07T13:52:09.610+0000] {processor.py:175} INFO - Processing /home/airflow/.local/lib/python3.7/site-packages/airflow/example_dags/example_dynamic_task_mapping.py took 0.071 seconds
[2023-03-07T13:52:40.310+0000] {processor.py:153} INFO - Started process (PID=1029) to work on /home/airflow/.local/lib/python3.7/site-packages/airflow/example_dags/example_dynamic_task_mapping.py
[2023-03-07T13:52:40.311+0000] {processor.py:743} INFO - Processing file /home/airflow/.local/lib/python3.7/site-packages/airflow/example_dags/example_dynamic_task_mapping.py for tasks to queue
[2023-03-07T13:52:40.312+0000] {logging_mixin.py:137} INFO - [2023-03-07T13:52:40.312+0000] {dagbag.py:538} INFO - Filling up the DagBag from /home/airflow/.local/lib/python3.7/site-packages/airflow/example_dags/example_dynamic_task_mapping.py
[2023-03-07T13:52:40.330+0000] {processor.py:753} INFO - DAG(s) dict_keys(['example_dynamic_task_mapping']) retrieved from /home/airflow/.local/lib/python3.7/site-packages/airflow/example_dags/example_dynamic_task_mapping.py
[2023-03-07T13:52:40.370+0000] {logging_mixin.py:137} INFO - [2023-03-07T13:52:40.370+0000] {dag.py:2690} INFO - Sync 1 DAGs
[2023-03-07T13:52:40.396+0000] {logging_mixin.py:137} INFO - [2023-03-07T13:52:40.396+0000] {dag.py:3441} INFO - Setting next_dagrun for example_dynamic_task_mapping to 2022-03-04T00:00:00+00:00, run_after=2022-03-05T00:00:00+00:00
