[2023-03-07T13:43:49.103+0000] {processor.py:153} INFO - Started process (PID=77) to work on /home/airflow/.local/lib/python3.7/site-packages/airflow/example_dags/example_trigger_controller_dag.py
[2023-03-07T13:43:49.123+0000] {processor.py:743} INFO - Processing file /home/airflow/.local/lib/python3.7/site-packages/airflow/example_dags/example_trigger_controller_dag.py for tasks to queue
[2023-03-07T13:43:49.139+0000] {logging_mixin.py:137} INFO - [2023-03-07T13:43:49.136+0000] {dagbag.py:538} INFO - Filling up the DagBag from /home/airflow/.local/lib/python3.7/site-packages/airflow/example_dags/example_trigger_controller_dag.py
[2023-03-07T13:43:49.323+0000] {processor.py:753} INFO - DAG(s) dict_keys(['example_trigger_controller_dag']) retrieved from /home/airflow/.local/lib/python3.7/site-packages/airflow/example_dags/example_trigger_controller_dag.py
[2023-03-07T13:43:49.425+0000] {logging_mixin.py:137} INFO - [2023-03-07T13:43:49.424+0000] {dag.py:2690} INFO - Sync 1 DAGs
[2023-03-07T13:43:49.767+0000] {logging_mixin.py:137} INFO - [2023-03-07T13:43:49.766+0000] {dag.py:3441} INFO - Setting next_dagrun for example_trigger_controller_dag to 2021-01-01T00:00:00+00:00, run_after=2021-01-01T00:00:00+00:00
[2023-03-07T13:43:50.114+0000] {processor.py:175} INFO - Processing /home/airflow/.local/lib/python3.7/site-packages/airflow/example_dags/example_trigger_controller_dag.py took 1.055 seconds
[2023-03-07T13:44:20.769+0000] {processor.py:153} INFO - Started process (PID=139) to work on /home/airflow/.local/lib/python3.7/site-packages/airflow/example_dags/example_trigger_controller_dag.py
[2023-03-07T13:44:20.774+0000] {processor.py:743} INFO - Processing file /home/airflow/.local/lib/python3.7/site-packages/airflow/example_dags/example_trigger_controller_dag.py for tasks to queue
[2023-03-07T13:44:20.780+0000] {logging_mixin.py:137} INFO - [2023-03-07T13:44:20.779+0000] {dagbag.py:538} INFO - Filling up the DagBag from /home/airflow/.local/lib/python3.7/site-packages/airflow/example_dags/example_trigger_controller_dag.py
[2023-03-07T13:44:20.875+0000] {processor.py:753} INFO - DAG(s) dict_keys(['example_trigger_controller_dag']) retrieved from /home/airflow/.local/lib/python3.7/site-packages/airflow/example_dags/example_trigger_controller_dag.py
[2023-03-07T13:44:21.001+0000] {logging_mixin.py:137} INFO - [2023-03-07T13:44:21.000+0000] {dag.py:2690} INFO - Sync 1 DAGs
[2023-03-07T13:44:21.167+0000] {logging_mixin.py:137} INFO - [2023-03-07T13:44:21.167+0000] {dag.py:3441} INFO - Setting next_dagrun for example_trigger_controller_dag to 2021-01-01T00:00:00+00:00, run_after=2021-01-01T00:00:00+00:00
[2023-03-07T13:44:21.463+0000] {processor.py:175} INFO - Processing /home/airflow/.local/lib/python3.7/site-packages/airflow/example_dags/example_trigger_controller_dag.py took 0.721 seconds
[2023-03-07T13:45:30.325+0000] {processor.py:153} INFO - Started process (PID=224) to work on /home/airflow/.local/lib/python3.7/site-packages/airflow/example_dags/example_trigger_controller_dag.py
[2023-03-07T13:45:30.336+0000] {processor.py:743} INFO - Processing file /home/airflow/.local/lib/python3.7/site-packages/airflow/example_dags/example_trigger_controller_dag.py for tasks to queue
[2023-03-07T13:45:30.344+0000] {logging_mixin.py:137} INFO - [2023-03-07T13:45:30.343+0000] {dagbag.py:538} INFO - Filling up the DagBag from /home/airflow/.local/lib/python3.7/site-packages/airflow/example_dags/example_trigger_controller_dag.py
[2023-03-07T13:45:30.527+0000] {processor.py:753} INFO - DAG(s) dict_keys(['example_trigger_controller_dag']) retrieved from /home/airflow/.local/lib/python3.7/site-packages/airflow/example_dags/example_trigger_controller_dag.py
[2023-03-07T13:45:30.749+0000] {logging_mixin.py:137} INFO - [2023-03-07T13:45:30.749+0000] {dag.py:2690} INFO - Sync 1 DAGs
[2023-03-07T13:45:30.945+0000] {logging_mixin.py:137} INFO - [2023-03-07T13:45:30.944+0000] {dag.py:3441} INFO - Setting next_dagrun for example_trigger_controller_dag to 2021-01-01T00:00:00+00:00, run_after=2021-01-01T00:00:00+00:00
[2023-03-07T13:45:31.378+0000] {processor.py:175} INFO - Processing /home/airflow/.local/lib/python3.7/site-packages/airflow/example_dags/example_trigger_controller_dag.py took 1.114 seconds
[2023-03-07T13:46:02.172+0000] {processor.py:153} INFO - Started process (PID=278) to work on /home/airflow/.local/lib/python3.7/site-packages/airflow/example_dags/example_trigger_controller_dag.py
[2023-03-07T13:46:02.237+0000] {processor.py:743} INFO - Processing file /home/airflow/.local/lib/python3.7/site-packages/airflow/example_dags/example_trigger_controller_dag.py for tasks to queue
[2023-03-07T13:46:02.240+0000] {logging_mixin.py:137} INFO - [2023-03-07T13:46:02.239+0000] {dagbag.py:538} INFO - Filling up the DagBag from /home/airflow/.local/lib/python3.7/site-packages/airflow/example_dags/example_trigger_controller_dag.py
[2023-03-07T13:46:02.259+0000] {processor.py:753} INFO - DAG(s) dict_keys(['example_trigger_controller_dag']) retrieved from /home/airflow/.local/lib/python3.7/site-packages/airflow/example_dags/example_trigger_controller_dag.py
[2023-03-07T13:46:02.358+0000] {logging_mixin.py:137} INFO - [2023-03-07T13:46:02.358+0000] {dag.py:2690} INFO - Sync 1 DAGs
[2023-03-07T13:46:02.406+0000] {logging_mixin.py:137} INFO - [2023-03-07T13:46:02.406+0000] {dag.py:3441} INFO - Setting next_dagrun for example_trigger_controller_dag to 2021-01-01T00:00:00+00:00, run_after=2021-01-01T00:00:00+00:00
[2023-03-07T13:46:02.552+0000] {processor.py:175} INFO - Processing /home/airflow/.local/lib/python3.7/site-packages/airflow/example_dags/example_trigger_controller_dag.py took 0.384 seconds
