[2023-03-07T13:43:54.311+0000] {processor.py:153} INFO - Started process (PID=87) to work on /home/airflow/.local/lib/python3.7/site-packages/airflow/example_dags/example_branch_python_dop_operator_3.py
[2023-03-07T13:43:54.315+0000] {processor.py:743} INFO - Processing file /home/airflow/.local/lib/python3.7/site-packages/airflow/example_dags/example_branch_python_dop_operator_3.py for tasks to queue
[2023-03-07T13:43:54.360+0000] {logging_mixin.py:137} INFO - [2023-03-07T13:43:54.358+0000] {dagbag.py:538} INFO - Filling up the DagBag from /home/airflow/.local/lib/python3.7/site-packages/airflow/example_dags/example_branch_python_dop_operator_3.py
[2023-03-07T13:43:54.984+0000] {processor.py:753} INFO - DAG(s) dict_keys(['example_branch_dop_operator_v3']) retrieved from /home/airflow/.local/lib/python3.7/site-packages/airflow/example_dags/example_branch_python_dop_operator_3.py
[2023-03-07T13:43:55.193+0000] {logging_mixin.py:137} INFO - [2023-03-07T13:43:55.193+0000] {dag.py:2690} INFO - Sync 1 DAGs
[2023-03-07T13:43:55.299+0000] {logging_mixin.py:137} INFO - [2023-03-07T13:43:55.298+0000] {dag.py:3441} INFO - Setting next_dagrun for example_branch_dop_operator_v3 to 2023-03-07T13:42:00+00:00, run_after=2023-03-07T13:43:00+00:00
[2023-03-07T13:43:55.485+0000] {processor.py:175} INFO - Processing /home/airflow/.local/lib/python3.7/site-packages/airflow/example_dags/example_branch_python_dop_operator_3.py took 1.190 seconds
[2023-03-07T13:44:26.276+0000] {processor.py:153} INFO - Started process (PID=145) to work on /home/airflow/.local/lib/python3.7/site-packages/airflow/example_dags/example_branch_python_dop_operator_3.py
[2023-03-07T13:44:26.282+0000] {processor.py:743} INFO - Processing file /home/airflow/.local/lib/python3.7/site-packages/airflow/example_dags/example_branch_python_dop_operator_3.py for tasks to queue
[2023-03-07T13:44:26.291+0000] {logging_mixin.py:137} INFO - [2023-03-07T13:44:26.291+0000] {dagbag.py:538} INFO - Filling up the DagBag from /home/airflow/.local/lib/python3.7/site-packages/airflow/example_dags/example_branch_python_dop_operator_3.py
[2023-03-07T13:44:26.411+0000] {processor.py:753} INFO - DAG(s) dict_keys(['example_branch_dop_operator_v3']) retrieved from /home/airflow/.local/lib/python3.7/site-packages/airflow/example_dags/example_branch_python_dop_operator_3.py
[2023-03-07T13:44:26.946+0000] {logging_mixin.py:137} INFO - [2023-03-07T13:44:26.946+0000] {dag.py:2690} INFO - Sync 1 DAGs
[2023-03-07T13:44:26.997+0000] {logging_mixin.py:137} INFO - [2023-03-07T13:44:26.997+0000] {dag.py:3441} INFO - Setting next_dagrun for example_branch_dop_operator_v3 to 2023-03-07T13:43:00+00:00, run_after=2023-03-07T13:44:00+00:00
[2023-03-07T13:44:27.053+0000] {processor.py:175} INFO - Processing /home/airflow/.local/lib/python3.7/site-packages/airflow/example_dags/example_branch_python_dop_operator_3.py took 0.817 seconds
[2023-03-07T13:45:46.786+0000] {processor.py:153} INFO - Started process (PID=251) to work on /home/airflow/.local/lib/python3.7/site-packages/airflow/example_dags/example_branch_python_dop_operator_3.py
[2023-03-07T13:45:46.796+0000] {processor.py:743} INFO - Processing file /home/airflow/.local/lib/python3.7/site-packages/airflow/example_dags/example_branch_python_dop_operator_3.py for tasks to queue
[2023-03-07T13:45:46.799+0000] {logging_mixin.py:137} INFO - [2023-03-07T13:45:46.799+0000] {dagbag.py:538} INFO - Filling up the DagBag from /home/airflow/.local/lib/python3.7/site-packages/airflow/example_dags/example_branch_python_dop_operator_3.py
[2023-03-07T13:45:47.058+0000] {processor.py:753} INFO - DAG(s) dict_keys(['example_branch_dop_operator_v3']) retrieved from /home/airflow/.local/lib/python3.7/site-packages/airflow/example_dags/example_branch_python_dop_operator_3.py
[2023-03-07T13:45:47.420+0000] {logging_mixin.py:137} INFO - [2023-03-07T13:45:47.419+0000] {dag.py:2690} INFO - Sync 1 DAGs
[2023-03-07T13:45:47.823+0000] {logging_mixin.py:137} INFO - [2023-03-07T13:45:47.823+0000] {dag.py:3441} INFO - Setting next_dagrun for example_branch_dop_operator_v3 to 2023-03-07T13:44:00+00:00, run_after=2023-03-07T13:45:00+00:00
[2023-03-07T13:45:48.024+0000] {processor.py:175} INFO - Processing /home/airflow/.local/lib/python3.7/site-packages/airflow/example_dags/example_branch_python_dop_operator_3.py took 1.280 seconds
