[2023-03-07T13:43:46.156+0000] {processor.py:153} INFO - Started process (PID=69) to work on /home/airflow/.local/lib/python3.7/site-packages/airflow/example_dags/example_bash_operator.py
[2023-03-07T13:43:46.163+0000] {processor.py:743} INFO - Processing file /home/airflow/.local/lib/python3.7/site-packages/airflow/example_dags/example_bash_operator.py for tasks to queue
[2023-03-07T13:43:46.168+0000] {logging_mixin.py:137} INFO - [2023-03-07T13:43:46.168+0000] {dagbag.py:538} INFO - Filling up the DagBag from /home/airflow/.local/lib/python3.7/site-packages/airflow/example_dags/example_bash_operator.py
[2023-03-07T13:43:46.264+0000] {processor.py:753} INFO - DAG(s) dict_keys(['example_bash_operator']) retrieved from /home/airflow/.local/lib/python3.7/site-packages/airflow/example_dags/example_bash_operator.py
[2023-03-07T13:43:46.326+0000] {logging_mixin.py:137} INFO - [2023-03-07T13:43:46.326+0000] {dag.py:2690} INFO - Sync 1 DAGs
[2023-03-07T13:43:46.436+0000] {logging_mixin.py:137} INFO - [2023-03-07T13:43:46.435+0000] {dag.py:3441} INFO - Setting next_dagrun for example_bash_operator to 2023-03-06T00:00:00+00:00, run_after=2023-03-07T00:00:00+00:00
[2023-03-07T13:43:46.553+0000] {processor.py:175} INFO - Processing /home/airflow/.local/lib/python3.7/site-packages/airflow/example_dags/example_bash_operator.py took 0.436 seconds
[2023-03-07T13:44:17.409+0000] {processor.py:153} INFO - Started process (PID=131) to work on /home/airflow/.local/lib/python3.7/site-packages/airflow/example_dags/example_bash_operator.py
[2023-03-07T13:44:17.419+0000] {processor.py:743} INFO - Processing file /home/airflow/.local/lib/python3.7/site-packages/airflow/example_dags/example_bash_operator.py for tasks to queue
[2023-03-07T13:44:17.430+0000] {logging_mixin.py:137} INFO - [2023-03-07T13:44:17.429+0000] {dagbag.py:538} INFO - Filling up the DagBag from /home/airflow/.local/lib/python3.7/site-packages/airflow/example_dags/example_bash_operator.py
[2023-03-07T13:44:17.621+0000] {processor.py:753} INFO - DAG(s) dict_keys(['example_bash_operator']) retrieved from /home/airflow/.local/lib/python3.7/site-packages/airflow/example_dags/example_bash_operator.py
[2023-03-07T13:44:17.791+0000] {logging_mixin.py:137} INFO - [2023-03-07T13:44:17.791+0000] {dag.py:2690} INFO - Sync 1 DAGs
[2023-03-07T13:44:17.913+0000] {logging_mixin.py:137} INFO - [2023-03-07T13:44:17.913+0000] {dag.py:3441} INFO - Setting next_dagrun for example_bash_operator to 2023-03-06T00:00:00+00:00, run_after=2023-03-07T00:00:00+00:00
[2023-03-07T13:44:18.060+0000] {processor.py:175} INFO - Processing /home/airflow/.local/lib/python3.7/site-packages/airflow/example_dags/example_bash_operator.py took 0.682 seconds
[2023-03-07T13:45:22.623+0000] {processor.py:153} INFO - Started process (PID=206) to work on /home/airflow/.local/lib/python3.7/site-packages/airflow/example_dags/example_bash_operator.py
[2023-03-07T13:45:22.639+0000] {processor.py:743} INFO - Processing file /home/airflow/.local/lib/python3.7/site-packages/airflow/example_dags/example_bash_operator.py for tasks to queue
[2023-03-07T13:45:22.648+0000] {logging_mixin.py:137} INFO - [2023-03-07T13:45:22.648+0000] {dagbag.py:538} INFO - Filling up the DagBag from /home/airflow/.local/lib/python3.7/site-packages/airflow/example_dags/example_bash_operator.py
[2023-03-07T13:45:22.964+0000] {processor.py:753} INFO - DAG(s) dict_keys(['example_bash_operator']) retrieved from /home/airflow/.local/lib/python3.7/site-packages/airflow/example_dags/example_bash_operator.py
[2023-03-07T13:45:23.891+0000] {logging_mixin.py:137} INFO - [2023-03-07T13:45:23.890+0000] {dag.py:2690} INFO - Sync 1 DAGs
[2023-03-07T13:45:24.354+0000] {logging_mixin.py:137} INFO - [2023-03-07T13:45:24.352+0000] {dag.py:3441} INFO - Setting next_dagrun for example_bash_operator to 2023-03-06T00:00:00+00:00, run_after=2023-03-07T00:00:00+00:00
[2023-03-07T13:45:24.474+0000] {processor.py:175} INFO - Processing /home/airflow/.local/lib/python3.7/site-packages/airflow/example_dags/example_bash_operator.py took 1.864 seconds
[2023-03-07T13:45:58.390+0000] {processor.py:153} INFO - Started process (PID=270) to work on /home/airflow/.local/lib/python3.7/site-packages/airflow/example_dags/example_bash_operator.py
[2023-03-07T13:45:58.422+0000] {processor.py:743} INFO - Processing file /home/airflow/.local/lib/python3.7/site-packages/airflow/example_dags/example_bash_operator.py for tasks to queue
[2023-03-07T13:45:58.428+0000] {logging_mixin.py:137} INFO - [2023-03-07T13:45:58.428+0000] {dagbag.py:538} INFO - Filling up the DagBag from /home/airflow/.local/lib/python3.7/site-packages/airflow/example_dags/example_bash_operator.py
[2023-03-07T13:45:58.665+0000] {processor.py:753} INFO - DAG(s) dict_keys(['example_bash_operator']) retrieved from /home/airflow/.local/lib/python3.7/site-packages/airflow/example_dags/example_bash_operator.py
[2023-03-07T13:45:58.997+0000] {logging_mixin.py:137} INFO - [2023-03-07T13:45:58.996+0000] {dag.py:2690} INFO - Sync 1 DAGs
[2023-03-07T13:45:59.099+0000] {logging_mixin.py:137} INFO - [2023-03-07T13:45:59.099+0000] {dag.py:3441} INFO - Setting next_dagrun for example_bash_operator to 2023-03-06T00:00:00+00:00, run_after=2023-03-07T00:00:00+00:00
[2023-03-07T13:45:59.306+0000] {processor.py:175} INFO - Processing /home/airflow/.local/lib/python3.7/site-packages/airflow/example_dags/example_bash_operator.py took 0.929 seconds
