[2023-03-07T13:43:46.940+0000] {processor.py:153} INFO - Started process (PID=71) to work on /home/airflow/.local/lib/python3.7/site-packages/airflow/example_dags/example_xcom.py
[2023-03-07T13:43:46.944+0000] {processor.py:743} INFO - Processing file /home/airflow/.local/lib/python3.7/site-packages/airflow/example_dags/example_xcom.py for tasks to queue
[2023-03-07T13:43:46.947+0000] {logging_mixin.py:137} INFO - [2023-03-07T13:43:46.946+0000] {dagbag.py:538} INFO - Filling up the DagBag from /home/airflow/.local/lib/python3.7/site-packages/airflow/example_dags/example_xcom.py
[2023-03-07T13:43:47.089+0000] {processor.py:753} INFO - DAG(s) dict_keys(['example_xcom']) retrieved from /home/airflow/.local/lib/python3.7/site-packages/airflow/example_dags/example_xcom.py
[2023-03-07T13:43:47.196+0000] {logging_mixin.py:137} INFO - [2023-03-07T13:43:47.196+0000] {dag.py:2690} INFO - Sync 1 DAGs
[2023-03-07T13:43:47.331+0000] {logging_mixin.py:137} INFO - [2023-03-07T13:43:47.331+0000] {dag.py:3441} INFO - Setting next_dagrun for example_xcom to 2021-01-01T00:00:00+00:00, run_after=2021-01-01T00:00:00+00:00
[2023-03-07T13:43:47.423+0000] {processor.py:175} INFO - Processing /home/airflow/.local/lib/python3.7/site-packages/airflow/example_dags/example_xcom.py took 0.511 seconds
[2023-03-07T13:44:18.318+0000] {processor.py:153} INFO - Started process (PID=133) to work on /home/airflow/.local/lib/python3.7/site-packages/airflow/example_dags/example_xcom.py
[2023-03-07T13:44:18.327+0000] {processor.py:743} INFO - Processing file /home/airflow/.local/lib/python3.7/site-packages/airflow/example_dags/example_xcom.py for tasks to queue
[2023-03-07T13:44:18.332+0000] {logging_mixin.py:137} INFO - [2023-03-07T13:44:18.332+0000] {dagbag.py:538} INFO - Filling up the DagBag from /home/airflow/.local/lib/python3.7/site-packages/airflow/example_dags/example_xcom.py
[2023-03-07T13:44:18.546+0000] {processor.py:753} INFO - DAG(s) dict_keys(['example_xcom']) retrieved from /home/airflow/.local/lib/python3.7/site-packages/airflow/example_dags/example_xcom.py
[2023-03-07T13:44:18.668+0000] {logging_mixin.py:137} INFO - [2023-03-07T13:44:18.667+0000] {dag.py:2690} INFO - Sync 1 DAGs
[2023-03-07T13:44:18.754+0000] {logging_mixin.py:137} INFO - [2023-03-07T13:44:18.754+0000] {dag.py:3441} INFO - Setting next_dagrun for example_xcom to 2021-01-01T00:00:00+00:00, run_after=2021-01-01T00:00:00+00:00
[2023-03-07T13:44:18.790+0000] {processor.py:175} INFO - Processing /home/airflow/.local/lib/python3.7/site-packages/airflow/example_dags/example_xcom.py took 0.508 seconds
[2023-03-07T13:45:24.960+0000] {processor.py:153} INFO - Started process (PID=208) to work on /home/airflow/.local/lib/python3.7/site-packages/airflow/example_dags/example_xcom.py
[2023-03-07T13:45:24.967+0000] {processor.py:743} INFO - Processing file /home/airflow/.local/lib/python3.7/site-packages/airflow/example_dags/example_xcom.py for tasks to queue
[2023-03-07T13:45:24.971+0000] {logging_mixin.py:137} INFO - [2023-03-07T13:45:24.970+0000] {dagbag.py:538} INFO - Filling up the DagBag from /home/airflow/.local/lib/python3.7/site-packages/airflow/example_dags/example_xcom.py
[2023-03-07T13:45:25.144+0000] {processor.py:753} INFO - DAG(s) dict_keys(['example_xcom']) retrieved from /home/airflow/.local/lib/python3.7/site-packages/airflow/example_dags/example_xcom.py
[2023-03-07T13:45:25.306+0000] {logging_mixin.py:137} INFO - [2023-03-07T13:45:25.305+0000] {dag.py:2690} INFO - Sync 1 DAGs
[2023-03-07T13:45:25.442+0000] {logging_mixin.py:137} INFO - [2023-03-07T13:45:25.442+0000] {dag.py:3441} INFO - Setting next_dagrun for example_xcom to 2021-01-01T00:00:00+00:00, run_after=2021-01-01T00:00:00+00:00
[2023-03-07T13:45:25.533+0000] {processor.py:175} INFO - Processing /home/airflow/.local/lib/python3.7/site-packages/airflow/example_dags/example_xcom.py took 0.580 seconds
[2023-03-07T13:45:59.638+0000] {processor.py:153} INFO - Started process (PID=272) to work on /home/airflow/.local/lib/python3.7/site-packages/airflow/example_dags/example_xcom.py
[2023-03-07T13:45:59.822+0000] {processor.py:743} INFO - Processing file /home/airflow/.local/lib/python3.7/site-packages/airflow/example_dags/example_xcom.py for tasks to queue
[2023-03-07T13:45:59.836+0000] {logging_mixin.py:137} INFO - [2023-03-07T13:45:59.836+0000] {dagbag.py:538} INFO - Filling up the DagBag from /home/airflow/.local/lib/python3.7/site-packages/airflow/example_dags/example_xcom.py
[2023-03-07T13:45:59.933+0000] {processor.py:753} INFO - DAG(s) dict_keys(['example_xcom']) retrieved from /home/airflow/.local/lib/python3.7/site-packages/airflow/example_dags/example_xcom.py
[2023-03-07T13:46:00.058+0000] {logging_mixin.py:137} INFO - [2023-03-07T13:46:00.058+0000] {dag.py:2690} INFO - Sync 1 DAGs
[2023-03-07T13:46:00.201+0000] {logging_mixin.py:137} INFO - [2023-03-07T13:46:00.200+0000] {dag.py:3441} INFO - Setting next_dagrun for example_xcom to 2021-01-01T00:00:00+00:00, run_after=2021-01-01T00:00:00+00:00
[2023-03-07T13:46:00.289+0000] {processor.py:175} INFO - Processing /home/airflow/.local/lib/python3.7/site-packages/airflow/example_dags/example_xcom.py took 0.671 seconds
[2023-03-07T13:46:38.055+0000] {processor.py:153} INFO - Started process (PID=335) to work on /home/airflow/.local/lib/python3.7/site-packages/airflow/example_dags/example_xcom.py
[2023-03-07T13:46:38.095+0000] {processor.py:743} INFO - Processing file /home/airflow/.local/lib/python3.7/site-packages/airflow/example_dags/example_xcom.py for tasks to queue
[2023-03-07T13:46:38.114+0000] {logging_mixin.py:137} INFO - [2023-03-07T13:46:38.111+0000] {dagbag.py:538} INFO - Filling up the DagBag from /home/airflow/.local/lib/python3.7/site-packages/airflow/example_dags/example_xcom.py
[2023-03-07T13:46:38.481+0000] {processor.py:753} INFO - DAG(s) dict_keys(['example_xcom']) retrieved from /home/airflow/.local/lib/python3.7/site-packages/airflow/example_dags/example_xcom.py
[2023-03-07T13:46:38.814+0000] {logging_mixin.py:137} INFO - [2023-03-07T13:46:38.813+0000] {dag.py:2690} INFO - Sync 1 DAGs
[2023-03-07T13:46:39.242+0000] {logging_mixin.py:137} INFO - [2023-03-07T13:46:39.241+0000] {dag.py:3441} INFO - Setting next_dagrun for example_xcom to 2021-01-01T00:00:00+00:00, run_after=2021-01-01T00:00:00+00:00
[2023-03-07T13:46:39.604+0000] {processor.py:175} INFO - Processing /home/airflow/.local/lib/python3.7/site-packages/airflow/example_dags/example_xcom.py took 1.598 seconds
[2023-03-07T13:47:49.723+0000] {processor.py:153} INFO - Started process (PID=418) to work on /home/airflow/.local/lib/python3.7/site-packages/airflow/example_dags/example_xcom.py
[2023-03-07T13:47:49.734+0000] {processor.py:743} INFO - Processing file /home/airflow/.local/lib/python3.7/site-packages/airflow/example_dags/example_xcom.py for tasks to queue
[2023-03-07T13:47:49.780+0000] {logging_mixin.py:137} INFO - [2023-03-07T13:47:49.778+0000] {dagbag.py:538} INFO - Filling up the DagBag from /home/airflow/.local/lib/python3.7/site-packages/airflow/example_dags/example_xcom.py
[2023-03-07T13:47:50.532+0000] {processor.py:753} INFO - DAG(s) dict_keys(['example_xcom']) retrieved from /home/airflow/.local/lib/python3.7/site-packages/airflow/example_dags/example_xcom.py
[2023-03-07T13:47:51.037+0000] {logging_mixin.py:137} INFO - [2023-03-07T13:47:51.035+0000] {dag.py:2690} INFO - Sync 1 DAGs
[2023-03-07T13:47:51.278+0000] {logging_mixin.py:137} INFO - [2023-03-07T13:47:51.272+0000] {dag.py:3441} INFO - Setting next_dagrun for example_xcom to 2021-01-01T00:00:00+00:00, run_after=2021-01-01T00:00:00+00:00
[2023-03-07T13:47:51.483+0000] {processor.py:175} INFO - Processing /home/airflow/.local/lib/python3.7/site-packages/airflow/example_dags/example_xcom.py took 1.880 seconds
[2023-03-07T13:48:37.100+0000] {processor.py:153} INFO - Started process (PID=487) to work on /home/airflow/.local/lib/python3.7/site-packages/airflow/example_dags/example_xcom.py
[2023-03-07T13:48:37.103+0000] {processor.py:743} INFO - Processing file /home/airflow/.local/lib/python3.7/site-packages/airflow/example_dags/example_xcom.py for tasks to queue
[2023-03-07T13:48:37.106+0000] {logging_mixin.py:137} INFO - [2023-03-07T13:48:37.106+0000] {dagbag.py:538} INFO - Filling up the DagBag from /home/airflow/.local/lib/python3.7/site-packages/airflow/example_dags/example_xcom.py
[2023-03-07T13:48:37.150+0000] {processor.py:753} INFO - DAG(s) dict_keys(['example_xcom']) retrieved from /home/airflow/.local/lib/python3.7/site-packages/airflow/example_dags/example_xcom.py
[2023-03-07T13:48:37.179+0000] {logging_mixin.py:137} INFO - [2023-03-07T13:48:37.179+0000] {dag.py:2690} INFO - Sync 1 DAGs
[2023-03-07T13:48:37.205+0000] {logging_mixin.py:137} INFO - [2023-03-07T13:48:37.205+0000] {dag.py:3441} INFO - Setting next_dagrun for example_xcom to 2021-01-01T00:00:00+00:00, run_after=2021-01-01T00:00:00+00:00
[2023-03-07T13:48:37.229+0000] {processor.py:175} INFO - Processing /home/airflow/.local/lib/python3.7/site-packages/airflow/example_dags/example_xcom.py took 0.134 seconds
[2023-03-07T13:49:08.586+0000] {processor.py:153} INFO - Started process (PID=554) to work on /home/airflow/.local/lib/python3.7/site-packages/airflow/example_dags/example_xcom.py
[2023-03-07T13:49:08.590+0000] {processor.py:743} INFO - Processing file /home/airflow/.local/lib/python3.7/site-packages/airflow/example_dags/example_xcom.py for tasks to queue
[2023-03-07T13:49:08.592+0000] {logging_mixin.py:137} INFO - [2023-03-07T13:49:08.591+0000] {dagbag.py:538} INFO - Filling up the DagBag from /home/airflow/.local/lib/python3.7/site-packages/airflow/example_dags/example_xcom.py
[2023-03-07T13:49:08.612+0000] {processor.py:753} INFO - DAG(s) dict_keys(['example_xcom']) retrieved from /home/airflow/.local/lib/python3.7/site-packages/airflow/example_dags/example_xcom.py
[2023-03-07T13:49:08.641+0000] {logging_mixin.py:137} INFO - [2023-03-07T13:49:08.641+0000] {dag.py:2690} INFO - Sync 1 DAGs
[2023-03-07T13:49:08.664+0000] {logging_mixin.py:137} INFO - [2023-03-07T13:49:08.664+0000] {dag.py:3441} INFO - Setting next_dagrun for example_xcom to 2021-01-01T00:00:00+00:00, run_after=2021-01-01T00:00:00+00:00
[2023-03-07T13:49:08.688+0000] {processor.py:175} INFO - Processing /home/airflow/.local/lib/python3.7/site-packages/airflow/example_dags/example_xcom.py took 0.105 seconds
[2023-03-07T13:49:39.022+0000] {processor.py:153} INFO - Started process (PID=629) to work on /home/airflow/.local/lib/python3.7/site-packages/airflow/example_dags/example_xcom.py
[2023-03-07T13:49:39.024+0000] {processor.py:743} INFO - Processing file /home/airflow/.local/lib/python3.7/site-packages/airflow/example_dags/example_xcom.py for tasks to queue
[2023-03-07T13:49:39.025+0000] {logging_mixin.py:137} INFO - [2023-03-07T13:49:39.025+0000] {dagbag.py:538} INFO - Filling up the DagBag from /home/airflow/.local/lib/python3.7/site-packages/airflow/example_dags/example_xcom.py
[2023-03-07T13:49:39.046+0000] {processor.py:753} INFO - DAG(s) dict_keys(['example_xcom']) retrieved from /home/airflow/.local/lib/python3.7/site-packages/airflow/example_dags/example_xcom.py
[2023-03-07T13:49:39.068+0000] {logging_mixin.py:137} INFO - [2023-03-07T13:49:39.068+0000] {dag.py:2690} INFO - Sync 1 DAGs
[2023-03-07T13:49:39.084+0000] {logging_mixin.py:137} INFO - [2023-03-07T13:49:39.084+0000] {dag.py:3441} INFO - Setting next_dagrun for example_xcom to 2021-01-01T00:00:00+00:00, run_after=2021-01-01T00:00:00+00:00
[2023-03-07T13:49:39.095+0000] {processor.py:175} INFO - Processing /home/airflow/.local/lib/python3.7/site-packages/airflow/example_dags/example_xcom.py took 0.077 seconds
[2023-03-07T13:50:09.560+0000] {processor.py:153} INFO - Started process (PID=700) to work on /home/airflow/.local/lib/python3.7/site-packages/airflow/example_dags/example_xcom.py
[2023-03-07T13:50:09.566+0000] {processor.py:743} INFO - Processing file /home/airflow/.local/lib/python3.7/site-packages/airflow/example_dags/example_xcom.py for tasks to queue
[2023-03-07T13:50:09.568+0000] {logging_mixin.py:137} INFO - [2023-03-07T13:50:09.568+0000] {dagbag.py:538} INFO - Filling up the DagBag from /home/airflow/.local/lib/python3.7/site-packages/airflow/example_dags/example_xcom.py
[2023-03-07T13:50:09.610+0000] {processor.py:753} INFO - DAG(s) dict_keys(['example_xcom']) retrieved from /home/airflow/.local/lib/python3.7/site-packages/airflow/example_dags/example_xcom.py
[2023-03-07T13:50:09.684+0000] {logging_mixin.py:137} INFO - [2023-03-07T13:50:09.683+0000] {dag.py:2690} INFO - Sync 1 DAGs
[2023-03-07T13:50:09.737+0000] {logging_mixin.py:137} INFO - [2023-03-07T13:50:09.737+0000] {dag.py:3441} INFO - Setting next_dagrun for example_xcom to 2021-01-01T00:00:00+00:00, run_after=2021-01-01T00:00:00+00:00
[2023-03-07T13:50:09.782+0000] {processor.py:175} INFO - Processing /home/airflow/.local/lib/python3.7/site-packages/airflow/example_dags/example_xcom.py took 0.228 seconds
[2023-03-07T13:50:40.492+0000] {processor.py:153} INFO - Started process (PID=766) to work on /home/airflow/.local/lib/python3.7/site-packages/airflow/example_dags/example_xcom.py
[2023-03-07T13:50:40.496+0000] {processor.py:743} INFO - Processing file /home/airflow/.local/lib/python3.7/site-packages/airflow/example_dags/example_xcom.py for tasks to queue
[2023-03-07T13:50:40.499+0000] {logging_mixin.py:137} INFO - [2023-03-07T13:50:40.499+0000] {dagbag.py:538} INFO - Filling up the DagBag from /home/airflow/.local/lib/python3.7/site-packages/airflow/example_dags/example_xcom.py
[2023-03-07T13:50:40.518+0000] {processor.py:753} INFO - DAG(s) dict_keys(['example_xcom']) retrieved from /home/airflow/.local/lib/python3.7/site-packages/airflow/example_dags/example_xcom.py
[2023-03-07T13:50:40.543+0000] {logging_mixin.py:137} INFO - [2023-03-07T13:50:40.543+0000] {dag.py:2690} INFO - Sync 1 DAGs
[2023-03-07T13:50:40.562+0000] {logging_mixin.py:137} INFO - [2023-03-07T13:50:40.561+0000] {dag.py:3441} INFO - Setting next_dagrun for example_xcom to 2021-01-01T00:00:00+00:00, run_after=2021-01-01T00:00:00+00:00
[2023-03-07T13:50:40.573+0000] {processor.py:175} INFO - Processing /home/airflow/.local/lib/python3.7/site-packages/airflow/example_dags/example_xcom.py took 0.084 seconds
[2023-03-07T13:51:11.179+0000] {processor.py:153} INFO - Started process (PID=838) to work on /home/airflow/.local/lib/python3.7/site-packages/airflow/example_dags/example_xcom.py
[2023-03-07T13:51:11.183+0000] {processor.py:743} INFO - Processing file /home/airflow/.local/lib/python3.7/site-packages/airflow/example_dags/example_xcom.py for tasks to queue
[2023-03-07T13:51:11.190+0000] {logging_mixin.py:137} INFO - [2023-03-07T13:51:11.189+0000] {dagbag.py:538} INFO - Filling up the DagBag from /home/airflow/.local/lib/python3.7/site-packages/airflow/example_dags/example_xcom.py
[2023-03-07T13:51:11.242+0000] {processor.py:753} INFO - DAG(s) dict_keys(['example_xcom']) retrieved from /home/airflow/.local/lib/python3.7/site-packages/airflow/example_dags/example_xcom.py
[2023-03-07T13:51:11.281+0000] {logging_mixin.py:137} INFO - [2023-03-07T13:51:11.281+0000] {dag.py:2690} INFO - Sync 1 DAGs
[2023-03-07T13:51:11.336+0000] {logging_mixin.py:137} INFO - [2023-03-07T13:51:11.335+0000] {dag.py:3441} INFO - Setting next_dagrun for example_xcom to 2021-01-01T00:00:00+00:00, run_after=2021-01-01T00:00:00+00:00
[2023-03-07T13:51:11.362+0000] {processor.py:175} INFO - Processing /home/airflow/.local/lib/python3.7/site-packages/airflow/example_dags/example_xcom.py took 0.185 seconds
[2023-03-07T13:51:42.154+0000] {processor.py:153} INFO - Started process (PID=905) to work on /home/airflow/.local/lib/python3.7/site-packages/airflow/example_dags/example_xcom.py
[2023-03-07T13:51:42.157+0000] {processor.py:743} INFO - Processing file /home/airflow/.local/lib/python3.7/site-packages/airflow/example_dags/example_xcom.py for tasks to queue
[2023-03-07T13:51:42.158+0000] {logging_mixin.py:137} INFO - [2023-03-07T13:51:42.157+0000] {dagbag.py:538} INFO - Filling up the DagBag from /home/airflow/.local/lib/python3.7/site-packages/airflow/example_dags/example_xcom.py
[2023-03-07T13:51:42.173+0000] {processor.py:753} INFO - DAG(s) dict_keys(['example_xcom']) retrieved from /home/airflow/.local/lib/python3.7/site-packages/airflow/example_dags/example_xcom.py
[2023-03-07T13:51:42.193+0000] {logging_mixin.py:137} INFO - [2023-03-07T13:51:42.192+0000] {dag.py:2690} INFO - Sync 1 DAGs
[2023-03-07T13:51:42.209+0000] {logging_mixin.py:137} INFO - [2023-03-07T13:51:42.209+0000] {dag.py:3441} INFO - Setting next_dagrun for example_xcom to 2021-01-01T00:00:00+00:00, run_after=2021-01-01T00:00:00+00:00
[2023-03-07T13:51:42.220+0000] {processor.py:175} INFO - Processing /home/airflow/.local/lib/python3.7/site-packages/airflow/example_dags/example_xcom.py took 0.068 seconds
[2023-03-07T13:52:12.548+0000] {processor.py:153} INFO - Started process (PID=977) to work on /home/airflow/.local/lib/python3.7/site-packages/airflow/example_dags/example_xcom.py
[2023-03-07T13:52:12.550+0000] {processor.py:743} INFO - Processing file /home/airflow/.local/lib/python3.7/site-packages/airflow/example_dags/example_xcom.py for tasks to queue
[2023-03-07T13:52:12.551+0000] {logging_mixin.py:137} INFO - [2023-03-07T13:52:12.551+0000] {dagbag.py:538} INFO - Filling up the DagBag from /home/airflow/.local/lib/python3.7/site-packages/airflow/example_dags/example_xcom.py
[2023-03-07T13:52:12.567+0000] {processor.py:753} INFO - DAG(s) dict_keys(['example_xcom']) retrieved from /home/airflow/.local/lib/python3.7/site-packages/airflow/example_dags/example_xcom.py
[2023-03-07T13:52:12.590+0000] {logging_mixin.py:137} INFO - [2023-03-07T13:52:12.590+0000] {dag.py:2690} INFO - Sync 1 DAGs
[2023-03-07T13:52:12.606+0000] {logging_mixin.py:137} INFO - [2023-03-07T13:52:12.606+0000] {dag.py:3441} INFO - Setting next_dagrun for example_xcom to 2021-01-01T00:00:00+00:00, run_after=2021-01-01T00:00:00+00:00
[2023-03-07T13:52:12.619+0000] {processor.py:175} INFO - Processing /home/airflow/.local/lib/python3.7/site-packages/airflow/example_dags/example_xcom.py took 0.074 seconds
[2023-03-07T13:52:43.387+0000] {processor.py:153} INFO - Started process (PID=1043) to work on /home/airflow/.local/lib/python3.7/site-packages/airflow/example_dags/example_xcom.py
[2023-03-07T13:52:43.388+0000] {processor.py:743} INFO - Processing file /home/airflow/.local/lib/python3.7/site-packages/airflow/example_dags/example_xcom.py for tasks to queue
[2023-03-07T13:52:43.389+0000] {logging_mixin.py:137} INFO - [2023-03-07T13:52:43.389+0000] {dagbag.py:538} INFO - Filling up the DagBag from /home/airflow/.local/lib/python3.7/site-packages/airflow/example_dags/example_xcom.py
[2023-03-07T13:52:43.409+0000] {processor.py:753} INFO - DAG(s) dict_keys(['example_xcom']) retrieved from /home/airflow/.local/lib/python3.7/site-packages/airflow/example_dags/example_xcom.py
[2023-03-07T13:52:43.436+0000] {logging_mixin.py:137} INFO - [2023-03-07T13:52:43.435+0000] {dag.py:2690} INFO - Sync 1 DAGs
[2023-03-07T13:52:43.455+0000] {logging_mixin.py:137} INFO - [2023-03-07T13:52:43.455+0000] {dag.py:3441} INFO - Setting next_dagrun for example_xcom to 2021-01-01T00:00:00+00:00, run_after=2021-01-01T00:00:00+00:00
[2023-03-07T13:52:43.470+0000] {processor.py:175} INFO - Processing /home/airflow/.local/lib/python3.7/site-packages/airflow/example_dags/example_xcom.py took 0.086 seconds
[2023-03-07T13:53:13.837+0000] {processor.py:153} INFO - Started process (PID=1117) to work on /home/airflow/.local/lib/python3.7/site-packages/airflow/example_dags/example_xcom.py
[2023-03-07T13:53:13.839+0000] {processor.py:743} INFO - Processing file /home/airflow/.local/lib/python3.7/site-packages/airflow/example_dags/example_xcom.py for tasks to queue
[2023-03-07T13:53:13.840+0000] {logging_mixin.py:137} INFO - [2023-03-07T13:53:13.840+0000] {dagbag.py:538} INFO - Filling up the DagBag from /home/airflow/.local/lib/python3.7/site-packages/airflow/example_dags/example_xcom.py
[2023-03-07T13:53:13.863+0000] {processor.py:753} INFO - DAG(s) dict_keys(['example_xcom']) retrieved from /home/airflow/.local/lib/python3.7/site-packages/airflow/example_dags/example_xcom.py
[2023-03-07T13:53:13.960+0000] {logging_mixin.py:137} INFO - [2023-03-07T13:53:13.960+0000] {dag.py:2690} INFO - Sync 1 DAGs
[2023-03-07T13:53:14.025+0000] {logging_mixin.py:137} INFO - [2023-03-07T13:53:14.024+0000] {dag.py:3441} INFO - Setting next_dagrun for example_xcom to 2021-01-01T00:00:00+00:00, run_after=2021-01-01T00:00:00+00:00
[2023-03-07T13:53:14.046+0000] {processor.py:175} INFO - Processing /home/airflow/.local/lib/python3.7/site-packages/airflow/example_dags/example_xcom.py took 0.213 seconds
