[2023-03-07T13:43:45.075+0000] {processor.py:153} INFO - Started process (PID=65) to work on /home/airflow/.local/lib/python3.7/site-packages/airflow/example_dags/example_short_circuit_operator.py
[2023-03-07T13:43:45.077+0000] {processor.py:743} INFO - Processing file /home/airflow/.local/lib/python3.7/site-packages/airflow/example_dags/example_short_circuit_operator.py for tasks to queue
[2023-03-07T13:43:45.079+0000] {logging_mixin.py:137} INFO - [2023-03-07T13:43:45.079+0000] {dagbag.py:538} INFO - Filling up the DagBag from /home/airflow/.local/lib/python3.7/site-packages/airflow/example_dags/example_short_circuit_operator.py
[2023-03-07T13:43:45.142+0000] {processor.py:753} INFO - DAG(s) dict_keys(['example_short_circuit_operator']) retrieved from /home/airflow/.local/lib/python3.7/site-packages/airflow/example_dags/example_short_circuit_operator.py
[2023-03-07T13:43:45.205+0000] {logging_mixin.py:137} INFO - [2023-03-07T13:43:45.205+0000] {dag.py:2690} INFO - Sync 1 DAGs
[2023-03-07T13:43:45.255+0000] {logging_mixin.py:137} INFO - [2023-03-07T13:43:45.255+0000] {dag.py:3441} INFO - Setting next_dagrun for example_short_circuit_operator to 2023-03-06T13:43:45.255166+00:00, run_after=2023-03-07T13:43:45.255166+00:00
[2023-03-07T13:43:45.294+0000] {processor.py:175} INFO - Processing /home/airflow/.local/lib/python3.7/site-packages/airflow/example_dags/example_short_circuit_operator.py took 0.224 seconds
[2023-03-07T13:44:15.898+0000] {processor.py:153} INFO - Started process (PID=127) to work on /home/airflow/.local/lib/python3.7/site-packages/airflow/example_dags/example_short_circuit_operator.py
[2023-03-07T13:44:15.900+0000] {processor.py:743} INFO - Processing file /home/airflow/.local/lib/python3.7/site-packages/airflow/example_dags/example_short_circuit_operator.py for tasks to queue
[2023-03-07T13:44:15.901+0000] {logging_mixin.py:137} INFO - [2023-03-07T13:44:15.901+0000] {dagbag.py:538} INFO - Filling up the DagBag from /home/airflow/.local/lib/python3.7/site-packages/airflow/example_dags/example_short_circuit_operator.py
[2023-03-07T13:44:15.929+0000] {processor.py:753} INFO - DAG(s) dict_keys(['example_short_circuit_operator']) retrieved from /home/airflow/.local/lib/python3.7/site-packages/airflow/example_dags/example_short_circuit_operator.py
[2023-03-07T13:44:15.981+0000] {logging_mixin.py:137} INFO - [2023-03-07T13:44:15.981+0000] {dag.py:2690} INFO - Sync 1 DAGs
[2023-03-07T13:44:16.031+0000] {logging_mixin.py:137} INFO - [2023-03-07T13:44:16.031+0000] {dag.py:3441} INFO - Setting next_dagrun for example_short_circuit_operator to 2023-03-06T13:44:16.030020+00:00, run_after=2023-03-07T13:44:16.030020+00:00
[2023-03-07T13:44:16.102+0000] {processor.py:175} INFO - Processing /home/airflow/.local/lib/python3.7/site-packages/airflow/example_dags/example_short_circuit_operator.py took 0.208 seconds
[2023-03-07T13:45:18.403+0000] {processor.py:153} INFO - Started process (PID=199) to work on /home/airflow/.local/lib/python3.7/site-packages/airflow/example_dags/example_short_circuit_operator.py
[2023-03-07T13:45:18.490+0000] {processor.py:743} INFO - Processing file /home/airflow/.local/lib/python3.7/site-packages/airflow/example_dags/example_short_circuit_operator.py for tasks to queue
[2023-03-07T13:45:18.538+0000] {logging_mixin.py:137} INFO - [2023-03-07T13:45:18.538+0000] {dagbag.py:538} INFO - Filling up the DagBag from /home/airflow/.local/lib/python3.7/site-packages/airflow/example_dags/example_short_circuit_operator.py
[2023-03-07T13:45:18.902+0000] {processor.py:753} INFO - DAG(s) dict_keys(['example_short_circuit_operator']) retrieved from /home/airflow/.local/lib/python3.7/site-packages/airflow/example_dags/example_short_circuit_operator.py
[2023-03-07T13:45:19.039+0000] {logging_mixin.py:137} INFO - [2023-03-07T13:45:19.038+0000] {dag.py:2690} INFO - Sync 1 DAGs
[2023-03-07T13:45:19.384+0000] {logging_mixin.py:137} INFO - [2023-03-07T13:45:19.370+0000] {dag.py:3441} INFO - Setting next_dagrun for example_short_circuit_operator to 2023-03-06T13:45:19.367494+00:00, run_after=2023-03-07T13:45:19.367494+00:00
[2023-03-07T13:45:19.815+0000] {processor.py:175} INFO - Processing /home/airflow/.local/lib/python3.7/site-packages/airflow/example_dags/example_short_circuit_operator.py took 1.614 seconds
[2023-03-07T13:45:56.716+0000] {processor.py:153} INFO - Started process (PID=266) to work on /home/airflow/.local/lib/python3.7/site-packages/airflow/example_dags/example_short_circuit_operator.py
[2023-03-07T13:45:56.740+0000] {processor.py:743} INFO - Processing file /home/airflow/.local/lib/python3.7/site-packages/airflow/example_dags/example_short_circuit_operator.py for tasks to queue
[2023-03-07T13:45:56.758+0000] {logging_mixin.py:137} INFO - [2023-03-07T13:45:56.758+0000] {dagbag.py:538} INFO - Filling up the DagBag from /home/airflow/.local/lib/python3.7/site-packages/airflow/example_dags/example_short_circuit_operator.py
[2023-03-07T13:45:57.109+0000] {processor.py:753} INFO - DAG(s) dict_keys(['example_short_circuit_operator']) retrieved from /home/airflow/.local/lib/python3.7/site-packages/airflow/example_dags/example_short_circuit_operator.py
[2023-03-07T13:45:57.500+0000] {logging_mixin.py:137} INFO - [2023-03-07T13:45:57.500+0000] {dag.py:2690} INFO - Sync 1 DAGs
[2023-03-07T13:45:57.647+0000] {logging_mixin.py:137} INFO - [2023-03-07T13:45:57.646+0000] {dag.py:3441} INFO - Setting next_dagrun for example_short_circuit_operator to 2023-03-06T13:45:57.641220+00:00, run_after=2023-03-07T13:45:57.641220+00:00
[2023-03-07T13:45:57.747+0000] {processor.py:175} INFO - Processing /home/airflow/.local/lib/python3.7/site-packages/airflow/example_dags/example_short_circuit_operator.py took 1.077 seconds
[2023-03-07T13:46:31.262+0000] {processor.py:153} INFO - Started process (PID=326) to work on /home/airflow/.local/lib/python3.7/site-packages/airflow/example_dags/example_short_circuit_operator.py
[2023-03-07T13:46:31.544+0000] {processor.py:743} INFO - Processing file /home/airflow/.local/lib/python3.7/site-packages/airflow/example_dags/example_short_circuit_operator.py for tasks to queue
[2023-03-07T13:46:31.547+0000] {logging_mixin.py:137} INFO - [2023-03-07T13:46:31.547+0000] {dagbag.py:538} INFO - Filling up the DagBag from /home/airflow/.local/lib/python3.7/site-packages/airflow/example_dags/example_short_circuit_operator.py
[2023-03-07T13:46:31.678+0000] {processor.py:753} INFO - DAG(s) dict_keys(['example_short_circuit_operator']) retrieved from /home/airflow/.local/lib/python3.7/site-packages/airflow/example_dags/example_short_circuit_operator.py
[2023-03-07T13:46:31.821+0000] {logging_mixin.py:137} INFO - [2023-03-07T13:46:31.820+0000] {dag.py:2690} INFO - Sync 1 DAGs
[2023-03-07T13:46:31.950+0000] {logging_mixin.py:137} INFO - [2023-03-07T13:46:31.950+0000] {dag.py:3441} INFO - Setting next_dagrun for example_short_circuit_operator to 2023-03-06T13:46:31.948143+00:00, run_after=2023-03-07T13:46:31.948143+00:00
[2023-03-07T13:46:32.056+0000] {processor.py:175} INFO - Processing /home/airflow/.local/lib/python3.7/site-packages/airflow/example_dags/example_short_circuit_operator.py took 0.803 seconds
[2023-03-07T13:47:13.779+0000] {processor.py:153} INFO - Started process (PID=386) to work on /home/airflow/.local/lib/python3.7/site-packages/airflow/example_dags/example_short_circuit_operator.py
[2023-03-07T13:47:13.947+0000] {processor.py:743} INFO - Processing file /home/airflow/.local/lib/python3.7/site-packages/airflow/example_dags/example_short_circuit_operator.py for tasks to queue
[2023-03-07T13:47:14.038+0000] {logging_mixin.py:137} INFO - [2023-03-07T13:47:14.035+0000] {dagbag.py:538} INFO - Filling up the DagBag from /home/airflow/.local/lib/python3.7/site-packages/airflow/example_dags/example_short_circuit_operator.py
[2023-03-07T13:47:15.587+0000] {processor.py:753} INFO - DAG(s) dict_keys(['example_short_circuit_operator']) retrieved from /home/airflow/.local/lib/python3.7/site-packages/airflow/example_dags/example_short_circuit_operator.py
[2023-03-07T13:47:17.276+0000] {logging_mixin.py:137} INFO - [2023-03-07T13:47:17.208+0000] {dag.py:2690} INFO - Sync 1 DAGs
[2023-03-07T13:47:18.358+0000] {logging_mixin.py:137} INFO - [2023-03-07T13:47:18.357+0000] {dag.py:3441} INFO - Setting next_dagrun for example_short_circuit_operator to 2023-03-06T13:47:18.355707+00:00, run_after=2023-03-07T13:47:18.355707+00:00
[2023-03-07T13:47:18.934+0000] {processor.py:175} INFO - Processing /home/airflow/.local/lib/python3.7/site-packages/airflow/example_dags/example_short_circuit_operator.py took 5.448 seconds
[2023-03-07T13:48:34.052+0000] {processor.py:153} INFO - Started process (PID=466) to work on /home/airflow/.local/lib/python3.7/site-packages/airflow/example_dags/example_short_circuit_operator.py
[2023-03-07T13:48:34.144+0000] {processor.py:743} INFO - Processing file /home/airflow/.local/lib/python3.7/site-packages/airflow/example_dags/example_short_circuit_operator.py for tasks to queue
[2023-03-07T13:48:34.150+0000] {logging_mixin.py:137} INFO - [2023-03-07T13:48:34.150+0000] {dagbag.py:538} INFO - Filling up the DagBag from /home/airflow/.local/lib/python3.7/site-packages/airflow/example_dags/example_short_circuit_operator.py
[2023-03-07T13:48:34.331+0000] {processor.py:753} INFO - DAG(s) dict_keys(['example_short_circuit_operator']) retrieved from /home/airflow/.local/lib/python3.7/site-packages/airflow/example_dags/example_short_circuit_operator.py
[2023-03-07T13:48:34.482+0000] {logging_mixin.py:137} INFO - [2023-03-07T13:48:34.482+0000] {dag.py:2690} INFO - Sync 1 DAGs
[2023-03-07T13:48:34.601+0000] {logging_mixin.py:137} INFO - [2023-03-07T13:48:34.601+0000] {dag.py:3441} INFO - Setting next_dagrun for example_short_circuit_operator to 2023-03-06T13:48:34.598248+00:00, run_after=2023-03-07T13:48:34.598248+00:00
[2023-03-07T13:48:34.683+0000] {processor.py:175} INFO - Processing /home/airflow/.local/lib/python3.7/site-packages/airflow/example_dags/example_short_circuit_operator.py took 0.702 seconds
[2023-03-07T13:49:05.269+0000] {processor.py:153} INFO - Started process (PID=532) to work on /home/airflow/.local/lib/python3.7/site-packages/airflow/example_dags/example_short_circuit_operator.py
[2023-03-07T13:49:05.271+0000] {processor.py:743} INFO - Processing file /home/airflow/.local/lib/python3.7/site-packages/airflow/example_dags/example_short_circuit_operator.py for tasks to queue
[2023-03-07T13:49:05.273+0000] {logging_mixin.py:137} INFO - [2023-03-07T13:49:05.273+0000] {dagbag.py:538} INFO - Filling up the DagBag from /home/airflow/.local/lib/python3.7/site-packages/airflow/example_dags/example_short_circuit_operator.py
[2023-03-07T13:49:05.291+0000] {processor.py:753} INFO - DAG(s) dict_keys(['example_short_circuit_operator']) retrieved from /home/airflow/.local/lib/python3.7/site-packages/airflow/example_dags/example_short_circuit_operator.py
[2023-03-07T13:49:05.330+0000] {logging_mixin.py:137} INFO - [2023-03-07T13:49:05.330+0000] {dag.py:2690} INFO - Sync 1 DAGs
[2023-03-07T13:49:05.353+0000] {logging_mixin.py:137} INFO - [2023-03-07T13:49:05.353+0000] {dag.py:3441} INFO - Setting next_dagrun for example_short_circuit_operator to 2023-03-06T13:49:05.352859+00:00, run_after=2023-03-07T13:49:05.352859+00:00
[2023-03-07T13:49:05.366+0000] {processor.py:175} INFO - Processing /home/airflow/.local/lib/python3.7/site-packages/airflow/example_dags/example_short_circuit_operator.py took 0.102 seconds
[2023-03-07T13:49:35.572+0000] {processor.py:153} INFO - Started process (PID=607) to work on /home/airflow/.local/lib/python3.7/site-packages/airflow/example_dags/example_short_circuit_operator.py
[2023-03-07T13:49:35.604+0000] {processor.py:743} INFO - Processing file /home/airflow/.local/lib/python3.7/site-packages/airflow/example_dags/example_short_circuit_operator.py for tasks to queue
[2023-03-07T13:49:35.605+0000] {logging_mixin.py:137} INFO - [2023-03-07T13:49:35.605+0000] {dagbag.py:538} INFO - Filling up the DagBag from /home/airflow/.local/lib/python3.7/site-packages/airflow/example_dags/example_short_circuit_operator.py
[2023-03-07T13:49:35.618+0000] {processor.py:753} INFO - DAG(s) dict_keys(['example_short_circuit_operator']) retrieved from /home/airflow/.local/lib/python3.7/site-packages/airflow/example_dags/example_short_circuit_operator.py
[2023-03-07T13:49:35.640+0000] {logging_mixin.py:137} INFO - [2023-03-07T13:49:35.640+0000] {dag.py:2690} INFO - Sync 1 DAGs
[2023-03-07T13:49:35.657+0000] {logging_mixin.py:137} INFO - [2023-03-07T13:49:35.657+0000] {dag.py:3441} INFO - Setting next_dagrun for example_short_circuit_operator to 2023-03-06T13:49:35.657581+00:00, run_after=2023-03-07T13:49:35.657581+00:00
[2023-03-07T13:49:35.669+0000] {processor.py:175} INFO - Processing /home/airflow/.local/lib/python3.7/site-packages/airflow/example_dags/example_short_circuit_operator.py took 0.100 seconds
[2023-03-07T13:50:06.502+0000] {processor.py:153} INFO - Started process (PID=670) to work on /home/airflow/.local/lib/python3.7/site-packages/airflow/example_dags/example_short_circuit_operator.py
[2023-03-07T13:50:06.509+0000] {processor.py:743} INFO - Processing file /home/airflow/.local/lib/python3.7/site-packages/airflow/example_dags/example_short_circuit_operator.py for tasks to queue
[2023-03-07T13:50:06.511+0000] {logging_mixin.py:137} INFO - [2023-03-07T13:50:06.511+0000] {dagbag.py:538} INFO - Filling up the DagBag from /home/airflow/.local/lib/python3.7/site-packages/airflow/example_dags/example_short_circuit_operator.py
[2023-03-07T13:50:06.539+0000] {processor.py:753} INFO - DAG(s) dict_keys(['example_short_circuit_operator']) retrieved from /home/airflow/.local/lib/python3.7/site-packages/airflow/example_dags/example_short_circuit_operator.py
[2023-03-07T13:50:06.597+0000] {logging_mixin.py:137} INFO - [2023-03-07T13:50:06.597+0000] {dag.py:2690} INFO - Sync 1 DAGs
[2023-03-07T13:50:06.627+0000] {logging_mixin.py:137} INFO - [2023-03-07T13:50:06.626+0000] {dag.py:3441} INFO - Setting next_dagrun for example_short_circuit_operator to 2023-03-06T13:50:06.626404+00:00, run_after=2023-03-07T13:50:06.626404+00:00
[2023-03-07T13:50:06.643+0000] {processor.py:175} INFO - Processing /home/airflow/.local/lib/python3.7/site-packages/airflow/example_dags/example_short_circuit_operator.py took 0.157 seconds
[2023-03-07T13:50:36.770+0000] {processor.py:153} INFO - Started process (PID=744) to work on /home/airflow/.local/lib/python3.7/site-packages/airflow/example_dags/example_short_circuit_operator.py
[2023-03-07T13:50:36.781+0000] {processor.py:743} INFO - Processing file /home/airflow/.local/lib/python3.7/site-packages/airflow/example_dags/example_short_circuit_operator.py for tasks to queue
[2023-03-07T13:50:36.782+0000] {logging_mixin.py:137} INFO - [2023-03-07T13:50:36.782+0000] {dagbag.py:538} INFO - Filling up the DagBag from /home/airflow/.local/lib/python3.7/site-packages/airflow/example_dags/example_short_circuit_operator.py
[2023-03-07T13:50:36.801+0000] {processor.py:753} INFO - DAG(s) dict_keys(['example_short_circuit_operator']) retrieved from /home/airflow/.local/lib/python3.7/site-packages/airflow/example_dags/example_short_circuit_operator.py
[2023-03-07T13:50:36.843+0000] {logging_mixin.py:137} INFO - [2023-03-07T13:50:36.843+0000] {dag.py:2690} INFO - Sync 1 DAGs
[2023-03-07T13:50:36.861+0000] {logging_mixin.py:137} INFO - [2023-03-07T13:50:36.861+0000] {dag.py:3441} INFO - Setting next_dagrun for example_short_circuit_operator to 2023-03-06T13:50:36.861353+00:00, run_after=2023-03-07T13:50:36.861353+00:00
[2023-03-07T13:50:36.875+0000] {processor.py:175} INFO - Processing /home/airflow/.local/lib/python3.7/site-packages/airflow/example_dags/example_short_circuit_operator.py took 0.110 seconds
[2023-03-07T13:51:07.216+0000] {processor.py:153} INFO - Started process (PID=807) to work on /home/airflow/.local/lib/python3.7/site-packages/airflow/example_dags/example_short_circuit_operator.py
[2023-03-07T13:51:07.219+0000] {processor.py:743} INFO - Processing file /home/airflow/.local/lib/python3.7/site-packages/airflow/example_dags/example_short_circuit_operator.py for tasks to queue
[2023-03-07T13:51:07.219+0000] {logging_mixin.py:137} INFO - [2023-03-07T13:51:07.219+0000] {dagbag.py:538} INFO - Filling up the DagBag from /home/airflow/.local/lib/python3.7/site-packages/airflow/example_dags/example_short_circuit_operator.py
[2023-03-07T13:51:07.236+0000] {processor.py:753} INFO - DAG(s) dict_keys(['example_short_circuit_operator']) retrieved from /home/airflow/.local/lib/python3.7/site-packages/airflow/example_dags/example_short_circuit_operator.py
[2023-03-07T13:51:07.288+0000] {logging_mixin.py:137} INFO - [2023-03-07T13:51:07.288+0000] {dag.py:2690} INFO - Sync 1 DAGs
[2023-03-07T13:51:07.314+0000] {logging_mixin.py:137} INFO - [2023-03-07T13:51:07.314+0000] {dag.py:3441} INFO - Setting next_dagrun for example_short_circuit_operator to 2023-03-06T13:51:07.313735+00:00, run_after=2023-03-07T13:51:07.313735+00:00
[2023-03-07T13:51:07.328+0000] {processor.py:175} INFO - Processing /home/airflow/.local/lib/python3.7/site-packages/airflow/example_dags/example_short_circuit_operator.py took 0.116 seconds
[2023-03-07T13:51:37.527+0000] {processor.py:153} INFO - Started process (PID=883) to work on /home/airflow/.local/lib/python3.7/site-packages/airflow/example_dags/example_short_circuit_operator.py
[2023-03-07T13:51:37.529+0000] {processor.py:743} INFO - Processing file /home/airflow/.local/lib/python3.7/site-packages/airflow/example_dags/example_short_circuit_operator.py for tasks to queue
[2023-03-07T13:51:37.530+0000] {logging_mixin.py:137} INFO - [2023-03-07T13:51:37.530+0000] {dagbag.py:538} INFO - Filling up the DagBag from /home/airflow/.local/lib/python3.7/site-packages/airflow/example_dags/example_short_circuit_operator.py
[2023-03-07T13:51:37.551+0000] {processor.py:753} INFO - DAG(s) dict_keys(['example_short_circuit_operator']) retrieved from /home/airflow/.local/lib/python3.7/site-packages/airflow/example_dags/example_short_circuit_operator.py
[2023-03-07T13:51:37.602+0000] {logging_mixin.py:137} INFO - [2023-03-07T13:51:37.602+0000] {dag.py:2690} INFO - Sync 1 DAGs
[2023-03-07T13:51:37.636+0000] {logging_mixin.py:137} INFO - [2023-03-07T13:51:37.635+0000] {dag.py:3441} INFO - Setting next_dagrun for example_short_circuit_operator to 2023-03-06T13:51:37.635454+00:00, run_after=2023-03-07T13:51:37.635454+00:00
[2023-03-07T13:51:37.652+0000] {processor.py:175} INFO - Processing /home/airflow/.local/lib/python3.7/site-packages/airflow/example_dags/example_short_circuit_operator.py took 0.130 seconds
[2023-03-07T13:52:08.122+0000] {processor.py:153} INFO - Started process (PID=946) to work on /home/airflow/.local/lib/python3.7/site-packages/airflow/example_dags/example_short_circuit_operator.py
[2023-03-07T13:52:08.124+0000] {processor.py:743} INFO - Processing file /home/airflow/.local/lib/python3.7/site-packages/airflow/example_dags/example_short_circuit_operator.py for tasks to queue
[2023-03-07T13:52:08.125+0000] {logging_mixin.py:137} INFO - [2023-03-07T13:52:08.125+0000] {dagbag.py:538} INFO - Filling up the DagBag from /home/airflow/.local/lib/python3.7/site-packages/airflow/example_dags/example_short_circuit_operator.py
[2023-03-07T13:52:08.138+0000] {processor.py:753} INFO - DAG(s) dict_keys(['example_short_circuit_operator']) retrieved from /home/airflow/.local/lib/python3.7/site-packages/airflow/example_dags/example_short_circuit_operator.py
[2023-03-07T13:52:08.161+0000] {logging_mixin.py:137} INFO - [2023-03-07T13:52:08.161+0000] {dag.py:2690} INFO - Sync 1 DAGs
[2023-03-07T13:52:08.184+0000] {logging_mixin.py:137} INFO - [2023-03-07T13:52:08.184+0000] {dag.py:3441} INFO - Setting next_dagrun for example_short_circuit_operator to 2023-03-06T13:52:08.184417+00:00, run_after=2023-03-07T13:52:08.184417+00:00
[2023-03-07T13:52:08.200+0000] {processor.py:175} INFO - Processing /home/airflow/.local/lib/python3.7/site-packages/airflow/example_dags/example_short_circuit_operator.py took 0.081 seconds
[2023-03-07T13:52:38.731+0000] {processor.py:153} INFO - Started process (PID=1021) to work on /home/airflow/.local/lib/python3.7/site-packages/airflow/example_dags/example_short_circuit_operator.py
[2023-03-07T13:52:38.733+0000] {processor.py:743} INFO - Processing file /home/airflow/.local/lib/python3.7/site-packages/airflow/example_dags/example_short_circuit_operator.py for tasks to queue
[2023-03-07T13:52:38.734+0000] {logging_mixin.py:137} INFO - [2023-03-07T13:52:38.734+0000] {dagbag.py:538} INFO - Filling up the DagBag from /home/airflow/.local/lib/python3.7/site-packages/airflow/example_dags/example_short_circuit_operator.py
[2023-03-07T13:52:38.749+0000] {processor.py:753} INFO - DAG(s) dict_keys(['example_short_circuit_operator']) retrieved from /home/airflow/.local/lib/python3.7/site-packages/airflow/example_dags/example_short_circuit_operator.py
[2023-03-07T13:52:38.771+0000] {logging_mixin.py:137} INFO - [2023-03-07T13:52:38.770+0000] {dag.py:2690} INFO - Sync 1 DAGs
[2023-03-07T13:52:38.789+0000] {logging_mixin.py:137} INFO - [2023-03-07T13:52:38.789+0000] {dag.py:3441} INFO - Setting next_dagrun for example_short_circuit_operator to 2023-03-06T13:52:38.788819+00:00, run_after=2023-03-07T13:52:38.788819+00:00
[2023-03-07T13:52:38.802+0000] {processor.py:175} INFO - Processing /home/airflow/.local/lib/python3.7/site-packages/airflow/example_dags/example_short_circuit_operator.py took 0.075 seconds
