[2023-03-07T13:43:37.041+0000] {processor.py:153} INFO - Started process (PID=49) to work on /home/airflow/.local/lib/python3.7/site-packages/airflow/example_dags/example_short_circuit_decorator.py
[2023-03-07T13:43:37.071+0000] {processor.py:743} INFO - Processing file /home/airflow/.local/lib/python3.7/site-packages/airflow/example_dags/example_short_circuit_decorator.py for tasks to queue
[2023-03-07T13:43:37.074+0000] {logging_mixin.py:137} INFO - [2023-03-07T13:43:37.074+0000] {dagbag.py:538} INFO - Filling up the DagBag from /home/airflow/.local/lib/python3.7/site-packages/airflow/example_dags/example_short_circuit_decorator.py
[2023-03-07T13:43:37.146+0000] {processor.py:753} INFO - DAG(s) dict_keys(['example_short_circuit_decorator']) retrieved from /home/airflow/.local/lib/python3.7/site-packages/airflow/example_dags/example_short_circuit_decorator.py
[2023-03-07T13:43:37.215+0000] {logging_mixin.py:137} INFO - [2023-03-07T13:43:37.215+0000] {dag.py:2690} INFO - Sync 1 DAGs
[2023-03-07T13:43:37.273+0000] {logging_mixin.py:137} INFO - [2023-03-07T13:43:37.272+0000] {dag.py:3441} INFO - Setting next_dagrun for example_short_circuit_decorator to 2023-03-06T13:43:37.270318+00:00, run_after=2023-03-07T13:43:37.270318+00:00
[2023-03-07T13:43:37.355+0000] {processor.py:175} INFO - Processing /home/airflow/.local/lib/python3.7/site-packages/airflow/example_dags/example_short_circuit_decorator.py took 0.349 seconds
[2023-03-07T13:44:07.413+0000] {processor.py:153} INFO - Started process (PID=99) to work on /home/airflow/.local/lib/python3.7/site-packages/airflow/example_dags/example_short_circuit_decorator.py
[2023-03-07T13:44:07.415+0000] {processor.py:743} INFO - Processing file /home/airflow/.local/lib/python3.7/site-packages/airflow/example_dags/example_short_circuit_decorator.py for tasks to queue
[2023-03-07T13:44:07.416+0000] {logging_mixin.py:137} INFO - [2023-03-07T13:44:07.415+0000] {dagbag.py:538} INFO - Filling up the DagBag from /home/airflow/.local/lib/python3.7/site-packages/airflow/example_dags/example_short_circuit_decorator.py
[2023-03-07T13:44:07.443+0000] {processor.py:753} INFO - DAG(s) dict_keys(['example_short_circuit_decorator']) retrieved from /home/airflow/.local/lib/python3.7/site-packages/airflow/example_dags/example_short_circuit_decorator.py
[2023-03-07T13:44:07.472+0000] {logging_mixin.py:137} INFO - [2023-03-07T13:44:07.472+0000] {dag.py:2690} INFO - Sync 1 DAGs
[2023-03-07T13:44:07.504+0000] {logging_mixin.py:137} INFO - [2023-03-07T13:44:07.504+0000] {dag.py:3441} INFO - Setting next_dagrun for example_short_circuit_decorator to 2023-03-06T13:44:07.503792+00:00, run_after=2023-03-07T13:44:07.503792+00:00
[2023-03-07T13:44:07.519+0000] {processor.py:175} INFO - Processing /home/airflow/.local/lib/python3.7/site-packages/airflow/example_dags/example_short_circuit_decorator.py took 0.109 seconds
[2023-03-07T13:44:43.580+0000] {processor.py:153} INFO - Started process (PID=162) to work on /home/airflow/.local/lib/python3.7/site-packages/airflow/example_dags/example_short_circuit_decorator.py
[2023-03-07T13:44:43.586+0000] {processor.py:743} INFO - Processing file /home/airflow/.local/lib/python3.7/site-packages/airflow/example_dags/example_short_circuit_decorator.py for tasks to queue
[2023-03-07T13:44:43.594+0000] {logging_mixin.py:137} INFO - [2023-03-07T13:44:43.593+0000] {dagbag.py:538} INFO - Filling up the DagBag from /home/airflow/.local/lib/python3.7/site-packages/airflow/example_dags/example_short_circuit_decorator.py
[2023-03-07T13:44:43.771+0000] {processor.py:753} INFO - DAG(s) dict_keys(['example_short_circuit_decorator']) retrieved from /home/airflow/.local/lib/python3.7/site-packages/airflow/example_dags/example_short_circuit_decorator.py
[2023-03-07T13:44:44.043+0000] {logging_mixin.py:137} INFO - [2023-03-07T13:44:44.042+0000] {dag.py:2690} INFO - Sync 1 DAGs
[2023-03-07T13:44:44.377+0000] {logging_mixin.py:137} INFO - [2023-03-07T13:44:44.376+0000] {dag.py:3441} INFO - Setting next_dagrun for example_short_circuit_decorator to 2023-03-06T13:44:44.375186+00:00, run_after=2023-03-07T13:44:44.375186+00:00
[2023-03-07T13:44:44.634+0000] {processor.py:175} INFO - Processing /home/airflow/.local/lib/python3.7/site-packages/airflow/example_dags/example_short_circuit_decorator.py took 1.092 seconds
[2023-03-07T13:45:40.063+0000] {processor.py:153} INFO - Started process (PID=233) to work on /home/airflow/.local/lib/python3.7/site-packages/airflow/example_dags/example_short_circuit_decorator.py
[2023-03-07T13:45:40.078+0000] {processor.py:743} INFO - Processing file /home/airflow/.local/lib/python3.7/site-packages/airflow/example_dags/example_short_circuit_decorator.py for tasks to queue
[2023-03-07T13:45:40.094+0000] {logging_mixin.py:137} INFO - [2023-03-07T13:45:40.093+0000] {dagbag.py:538} INFO - Filling up the DagBag from /home/airflow/.local/lib/python3.7/site-packages/airflow/example_dags/example_short_circuit_decorator.py
[2023-03-07T13:45:40.430+0000] {processor.py:753} INFO - DAG(s) dict_keys(['example_short_circuit_decorator']) retrieved from /home/airflow/.local/lib/python3.7/site-packages/airflow/example_dags/example_short_circuit_decorator.py
[2023-03-07T13:45:40.629+0000] {logging_mixin.py:137} INFO - [2023-03-07T13:45:40.629+0000] {dag.py:2690} INFO - Sync 1 DAGs
[2023-03-07T13:45:40.755+0000] {logging_mixin.py:137} INFO - [2023-03-07T13:45:40.755+0000] {dag.py:3441} INFO - Setting next_dagrun for example_short_circuit_decorator to 2023-03-06T13:45:40.754995+00:00, run_after=2023-03-07T13:45:40.754995+00:00
[2023-03-07T13:45:40.866+0000] {processor.py:175} INFO - Processing /home/airflow/.local/lib/python3.7/site-packages/airflow/example_dags/example_short_circuit_decorator.py took 0.816 seconds
[2023-03-07T13:46:15.358+0000] {processor.py:153} INFO - Started process (PID=296) to work on /home/airflow/.local/lib/python3.7/site-packages/airflow/example_dags/example_short_circuit_decorator.py
[2023-03-07T13:46:15.374+0000] {processor.py:743} INFO - Processing file /home/airflow/.local/lib/python3.7/site-packages/airflow/example_dags/example_short_circuit_decorator.py for tasks to queue
[2023-03-07T13:46:15.392+0000] {logging_mixin.py:137} INFO - [2023-03-07T13:46:15.391+0000] {dagbag.py:538} INFO - Filling up the DagBag from /home/airflow/.local/lib/python3.7/site-packages/airflow/example_dags/example_short_circuit_decorator.py
[2023-03-07T13:46:15.677+0000] {processor.py:753} INFO - DAG(s) dict_keys(['example_short_circuit_decorator']) retrieved from /home/airflow/.local/lib/python3.7/site-packages/airflow/example_dags/example_short_circuit_decorator.py
[2023-03-07T13:46:15.801+0000] {logging_mixin.py:137} INFO - [2023-03-07T13:46:15.801+0000] {dag.py:2690} INFO - Sync 1 DAGs
[2023-03-07T13:46:15.918+0000] {logging_mixin.py:137} INFO - [2023-03-07T13:46:15.918+0000] {dag.py:3441} INFO - Setting next_dagrun for example_short_circuit_decorator to 2023-03-06T13:46:15.917800+00:00, run_after=2023-03-07T13:46:15.917800+00:00
[2023-03-07T13:46:16.077+0000] {processor.py:175} INFO - Processing /home/airflow/.local/lib/python3.7/site-packages/airflow/example_dags/example_short_circuit_decorator.py took 0.766 seconds
[2023-03-07T13:46:51.312+0000] {processor.py:153} INFO - Started process (PID=356) to work on /home/airflow/.local/lib/python3.7/site-packages/airflow/example_dags/example_short_circuit_decorator.py
[2023-03-07T13:46:51.340+0000] {processor.py:743} INFO - Processing file /home/airflow/.local/lib/python3.7/site-packages/airflow/example_dags/example_short_circuit_decorator.py for tasks to queue
[2023-03-07T13:46:51.358+0000] {logging_mixin.py:137} INFO - [2023-03-07T13:46:51.358+0000] {dagbag.py:538} INFO - Filling up the DagBag from /home/airflow/.local/lib/python3.7/site-packages/airflow/example_dags/example_short_circuit_decorator.py
[2023-03-07T13:46:51.814+0000] {processor.py:753} INFO - DAG(s) dict_keys(['example_short_circuit_decorator']) retrieved from /home/airflow/.local/lib/python3.7/site-packages/airflow/example_dags/example_short_circuit_decorator.py
[2023-03-07T13:46:52.043+0000] {logging_mixin.py:137} INFO - [2023-03-07T13:46:52.042+0000] {dag.py:2690} INFO - Sync 1 DAGs
[2023-03-07T13:46:52.273+0000] {logging_mixin.py:137} INFO - [2023-03-07T13:46:52.272+0000] {dag.py:3441} INFO - Setting next_dagrun for example_short_circuit_decorator to 2023-03-06T13:46:52.272403+00:00, run_after=2023-03-07T13:46:52.272403+00:00
[2023-03-07T13:46:52.369+0000] {processor.py:175} INFO - Processing /home/airflow/.local/lib/python3.7/site-packages/airflow/example_dags/example_short_circuit_decorator.py took 1.182 seconds
[2023-03-07T13:47:33.975+0000] {processor.py:153} INFO - Started process (PID=408) to work on /home/airflow/.local/lib/python3.7/site-packages/airflow/example_dags/example_short_circuit_decorator.py
[2023-03-07T13:47:33.999+0000] {processor.py:743} INFO - Processing file /home/airflow/.local/lib/python3.7/site-packages/airflow/example_dags/example_short_circuit_decorator.py for tasks to queue
[2023-03-07T13:47:34.021+0000] {logging_mixin.py:137} INFO - [2023-03-07T13:47:34.021+0000] {dagbag.py:538} INFO - Filling up the DagBag from /home/airflow/.local/lib/python3.7/site-packages/airflow/example_dags/example_short_circuit_decorator.py
[2023-03-07T13:47:34.744+0000] {processor.py:753} INFO - DAG(s) dict_keys(['example_short_circuit_decorator']) retrieved from /home/airflow/.local/lib/python3.7/site-packages/airflow/example_dags/example_short_circuit_decorator.py
[2023-03-07T13:47:35.552+0000] {logging_mixin.py:137} INFO - [2023-03-07T13:47:35.549+0000] {dag.py:2690} INFO - Sync 1 DAGs
[2023-03-07T13:47:36.342+0000] {logging_mixin.py:137} INFO - [2023-03-07T13:47:36.342+0000] {dag.py:3441} INFO - Setting next_dagrun for example_short_circuit_decorator to 2023-03-06T13:47:36.271771+00:00, run_after=2023-03-07T13:47:36.271771+00:00
[2023-03-07T13:47:39.485+0000] {processor.py:175} INFO - Processing /home/airflow/.local/lib/python3.7/site-packages/airflow/example_dags/example_short_circuit_decorator.py took 5.622 seconds
[2023-03-07T13:48:36.633+0000] {processor.py:153} INFO - Started process (PID=481) to work on /home/airflow/.local/lib/python3.7/site-packages/airflow/example_dags/example_short_circuit_decorator.py
[2023-03-07T13:48:36.636+0000] {processor.py:743} INFO - Processing file /home/airflow/.local/lib/python3.7/site-packages/airflow/example_dags/example_short_circuit_decorator.py for tasks to queue
[2023-03-07T13:48:36.637+0000] {logging_mixin.py:137} INFO - [2023-03-07T13:48:36.637+0000] {dagbag.py:538} INFO - Filling up the DagBag from /home/airflow/.local/lib/python3.7/site-packages/airflow/example_dags/example_short_circuit_decorator.py
[2023-03-07T13:48:36.659+0000] {processor.py:753} INFO - DAG(s) dict_keys(['example_short_circuit_decorator']) retrieved from /home/airflow/.local/lib/python3.7/site-packages/airflow/example_dags/example_short_circuit_decorator.py
[2023-03-07T13:48:36.685+0000] {logging_mixin.py:137} INFO - [2023-03-07T13:48:36.685+0000] {dag.py:2690} INFO - Sync 1 DAGs
[2023-03-07T13:48:36.705+0000] {logging_mixin.py:137} INFO - [2023-03-07T13:48:36.705+0000] {dag.py:3441} INFO - Setting next_dagrun for example_short_circuit_decorator to 2023-03-06T13:48:36.704739+00:00, run_after=2023-03-07T13:48:36.704739+00:00
[2023-03-07T13:48:36.723+0000] {processor.py:175} INFO - Processing /home/airflow/.local/lib/python3.7/site-packages/airflow/example_dags/example_short_circuit_decorator.py took 0.093 seconds
[2023-03-07T13:49:06.923+0000] {processor.py:153} INFO - Started process (PID=544) to work on /home/airflow/.local/lib/python3.7/site-packages/airflow/example_dags/example_short_circuit_decorator.py
[2023-03-07T13:49:06.924+0000] {processor.py:743} INFO - Processing file /home/airflow/.local/lib/python3.7/site-packages/airflow/example_dags/example_short_circuit_decorator.py for tasks to queue
[2023-03-07T13:49:06.925+0000] {logging_mixin.py:137} INFO - [2023-03-07T13:49:06.925+0000] {dagbag.py:538} INFO - Filling up the DagBag from /home/airflow/.local/lib/python3.7/site-packages/airflow/example_dags/example_short_circuit_decorator.py
[2023-03-07T13:49:06.942+0000] {processor.py:753} INFO - DAG(s) dict_keys(['example_short_circuit_decorator']) retrieved from /home/airflow/.local/lib/python3.7/site-packages/airflow/example_dags/example_short_circuit_decorator.py
[2023-03-07T13:49:06.961+0000] {logging_mixin.py:137} INFO - [2023-03-07T13:49:06.961+0000] {dag.py:2690} INFO - Sync 1 DAGs
[2023-03-07T13:49:06.976+0000] {logging_mixin.py:137} INFO - [2023-03-07T13:49:06.976+0000] {dag.py:3441} INFO - Setting next_dagrun for example_short_circuit_decorator to 2023-03-06T13:49:06.976538+00:00, run_after=2023-03-07T13:49:06.976538+00:00
[2023-03-07T13:49:06.988+0000] {processor.py:175} INFO - Processing /home/airflow/.local/lib/python3.7/site-packages/airflow/example_dags/example_short_circuit_decorator.py took 0.067 seconds
[2023-03-07T13:49:37.231+0000] {processor.py:153} INFO - Started process (PID=616) to work on /home/airflow/.local/lib/python3.7/site-packages/airflow/example_dags/example_short_circuit_decorator.py
[2023-03-07T13:49:37.234+0000] {processor.py:743} INFO - Processing file /home/airflow/.local/lib/python3.7/site-packages/airflow/example_dags/example_short_circuit_decorator.py for tasks to queue
[2023-03-07T13:49:37.236+0000] {logging_mixin.py:137} INFO - [2023-03-07T13:49:37.236+0000] {dagbag.py:538} INFO - Filling up the DagBag from /home/airflow/.local/lib/python3.7/site-packages/airflow/example_dags/example_short_circuit_decorator.py
[2023-03-07T13:49:37.255+0000] {processor.py:753} INFO - DAG(s) dict_keys(['example_short_circuit_decorator']) retrieved from /home/airflow/.local/lib/python3.7/site-packages/airflow/example_dags/example_short_circuit_decorator.py
[2023-03-07T13:49:37.275+0000] {logging_mixin.py:137} INFO - [2023-03-07T13:49:37.275+0000] {dag.py:2690} INFO - Sync 1 DAGs
[2023-03-07T13:49:37.293+0000] {logging_mixin.py:137} INFO - [2023-03-07T13:49:37.293+0000] {dag.py:3441} INFO - Setting next_dagrun for example_short_circuit_decorator to 2023-03-06T13:49:37.293184+00:00, run_after=2023-03-07T13:49:37.293184+00:00
[2023-03-07T13:49:37.306+0000] {processor.py:175} INFO - Processing /home/airflow/.local/lib/python3.7/site-packages/airflow/example_dags/example_short_circuit_decorator.py took 0.079 seconds
[2023-03-07T13:50:08.225+0000] {processor.py:153} INFO - Started process (PID=677) to work on /home/airflow/.local/lib/python3.7/site-packages/airflow/example_dags/example_short_circuit_decorator.py
[2023-03-07T13:50:08.228+0000] {processor.py:743} INFO - Processing file /home/airflow/.local/lib/python3.7/site-packages/airflow/example_dags/example_short_circuit_decorator.py for tasks to queue
[2023-03-07T13:50:08.229+0000] {logging_mixin.py:137} INFO - [2023-03-07T13:50:08.228+0000] {dagbag.py:538} INFO - Filling up the DagBag from /home/airflow/.local/lib/python3.7/site-packages/airflow/example_dags/example_short_circuit_decorator.py
[2023-03-07T13:50:08.245+0000] {processor.py:753} INFO - DAG(s) dict_keys(['example_short_circuit_decorator']) retrieved from /home/airflow/.local/lib/python3.7/site-packages/airflow/example_dags/example_short_circuit_decorator.py
[2023-03-07T13:50:08.266+0000] {logging_mixin.py:137} INFO - [2023-03-07T13:50:08.266+0000] {dag.py:2690} INFO - Sync 1 DAGs
[2023-03-07T13:50:08.282+0000] {logging_mixin.py:137} INFO - [2023-03-07T13:50:08.281+0000] {dag.py:3441} INFO - Setting next_dagrun for example_short_circuit_decorator to 2023-03-06T13:50:08.281757+00:00, run_after=2023-03-07T13:50:08.281757+00:00
[2023-03-07T13:50:08.298+0000] {processor.py:175} INFO - Processing /home/airflow/.local/lib/python3.7/site-packages/airflow/example_dags/example_short_circuit_decorator.py took 0.076 seconds
[2023-03-07T13:50:38.604+0000] {processor.py:153} INFO - Started process (PID=751) to work on /home/airflow/.local/lib/python3.7/site-packages/airflow/example_dags/example_short_circuit_decorator.py
[2023-03-07T13:50:38.607+0000] {processor.py:743} INFO - Processing file /home/airflow/.local/lib/python3.7/site-packages/airflow/example_dags/example_short_circuit_decorator.py for tasks to queue
[2023-03-07T13:50:38.608+0000] {logging_mixin.py:137} INFO - [2023-03-07T13:50:38.608+0000] {dagbag.py:538} INFO - Filling up the DagBag from /home/airflow/.local/lib/python3.7/site-packages/airflow/example_dags/example_short_circuit_decorator.py
[2023-03-07T13:50:38.627+0000] {processor.py:753} INFO - DAG(s) dict_keys(['example_short_circuit_decorator']) retrieved from /home/airflow/.local/lib/python3.7/site-packages/airflow/example_dags/example_short_circuit_decorator.py
[2023-03-07T13:50:38.652+0000] {logging_mixin.py:137} INFO - [2023-03-07T13:50:38.652+0000] {dag.py:2690} INFO - Sync 1 DAGs
[2023-03-07T13:50:38.676+0000] {logging_mixin.py:137} INFO - [2023-03-07T13:50:38.676+0000] {dag.py:3441} INFO - Setting next_dagrun for example_short_circuit_decorator to 2023-03-06T13:50:38.675957+00:00, run_after=2023-03-07T13:50:38.675957+00:00
[2023-03-07T13:50:38.690+0000] {processor.py:175} INFO - Processing /home/airflow/.local/lib/python3.7/site-packages/airflow/example_dags/example_short_circuit_decorator.py took 0.089 seconds
[2023-03-07T13:51:08.974+0000] {processor.py:153} INFO - Started process (PID=814) to work on /home/airflow/.local/lib/python3.7/site-packages/airflow/example_dags/example_short_circuit_decorator.py
[2023-03-07T13:51:08.975+0000] {processor.py:743} INFO - Processing file /home/airflow/.local/lib/python3.7/site-packages/airflow/example_dags/example_short_circuit_decorator.py for tasks to queue
[2023-03-07T13:51:08.976+0000] {logging_mixin.py:137} INFO - [2023-03-07T13:51:08.976+0000] {dagbag.py:538} INFO - Filling up the DagBag from /home/airflow/.local/lib/python3.7/site-packages/airflow/example_dags/example_short_circuit_decorator.py
[2023-03-07T13:51:08.996+0000] {processor.py:753} INFO - DAG(s) dict_keys(['example_short_circuit_decorator']) retrieved from /home/airflow/.local/lib/python3.7/site-packages/airflow/example_dags/example_short_circuit_decorator.py
[2023-03-07T13:51:09.021+0000] {logging_mixin.py:137} INFO - [2023-03-07T13:51:09.021+0000] {dag.py:2690} INFO - Sync 1 DAGs
[2023-03-07T13:51:09.042+0000] {logging_mixin.py:137} INFO - [2023-03-07T13:51:09.042+0000] {dag.py:3441} INFO - Setting next_dagrun for example_short_circuit_decorator to 2023-03-06T13:51:09.041773+00:00, run_after=2023-03-07T13:51:09.041773+00:00
[2023-03-07T13:51:09.082+0000] {processor.py:175} INFO - Processing /home/airflow/.local/lib/python3.7/site-packages/airflow/example_dags/example_short_circuit_decorator.py took 0.113 seconds
[2023-03-07T13:51:39.255+0000] {processor.py:153} INFO - Started process (PID=890) to work on /home/airflow/.local/lib/python3.7/site-packages/airflow/example_dags/example_short_circuit_decorator.py
[2023-03-07T13:51:39.257+0000] {processor.py:743} INFO - Processing file /home/airflow/.local/lib/python3.7/site-packages/airflow/example_dags/example_short_circuit_decorator.py for tasks to queue
[2023-03-07T13:51:39.258+0000] {logging_mixin.py:137} INFO - [2023-03-07T13:51:39.258+0000] {dagbag.py:538} INFO - Filling up the DagBag from /home/airflow/.local/lib/python3.7/site-packages/airflow/example_dags/example_short_circuit_decorator.py
[2023-03-07T13:51:39.279+0000] {processor.py:753} INFO - DAG(s) dict_keys(['example_short_circuit_decorator']) retrieved from /home/airflow/.local/lib/python3.7/site-packages/airflow/example_dags/example_short_circuit_decorator.py
[2023-03-07T13:51:39.300+0000] {logging_mixin.py:137} INFO - [2023-03-07T13:51:39.300+0000] {dag.py:2690} INFO - Sync 1 DAGs
[2023-03-07T13:51:39.316+0000] {logging_mixin.py:137} INFO - [2023-03-07T13:51:39.316+0000] {dag.py:3441} INFO - Setting next_dagrun for example_short_circuit_decorator to 2023-03-06T13:51:39.316400+00:00, run_after=2023-03-07T13:51:39.316400+00:00
[2023-03-07T13:51:39.329+0000] {processor.py:175} INFO - Processing /home/airflow/.local/lib/python3.7/site-packages/airflow/example_dags/example_short_circuit_decorator.py took 0.078 seconds
[2023-03-07T13:52:09.529+0000] {processor.py:153} INFO - Started process (PID=953) to work on /home/airflow/.local/lib/python3.7/site-packages/airflow/example_dags/example_short_circuit_decorator.py
[2023-03-07T13:52:09.530+0000] {processor.py:743} INFO - Processing file /home/airflow/.local/lib/python3.7/site-packages/airflow/example_dags/example_short_circuit_decorator.py for tasks to queue
[2023-03-07T13:52:09.531+0000] {logging_mixin.py:137} INFO - [2023-03-07T13:52:09.531+0000] {dagbag.py:538} INFO - Filling up the DagBag from /home/airflow/.local/lib/python3.7/site-packages/airflow/example_dags/example_short_circuit_decorator.py
[2023-03-07T13:52:09.550+0000] {processor.py:753} INFO - DAG(s) dict_keys(['example_short_circuit_decorator']) retrieved from /home/airflow/.local/lib/python3.7/site-packages/airflow/example_dags/example_short_circuit_decorator.py
[2023-03-07T13:52:09.570+0000] {logging_mixin.py:137} INFO - [2023-03-07T13:52:09.570+0000] {dag.py:2690} INFO - Sync 1 DAGs
[2023-03-07T13:52:09.587+0000] {logging_mixin.py:137} INFO - [2023-03-07T13:52:09.587+0000] {dag.py:3441} INFO - Setting next_dagrun for example_short_circuit_decorator to 2023-03-06T13:52:09.587346+00:00, run_after=2023-03-07T13:52:09.587346+00:00
[2023-03-07T13:52:09.599+0000] {processor.py:175} INFO - Processing /home/airflow/.local/lib/python3.7/site-packages/airflow/example_dags/example_short_circuit_decorator.py took 0.073 seconds
[2023-03-07T13:52:40.295+0000] {processor.py:153} INFO - Started process (PID=1028) to work on /home/airflow/.local/lib/python3.7/site-packages/airflow/example_dags/example_short_circuit_decorator.py
[2023-03-07T13:52:40.297+0000] {processor.py:743} INFO - Processing file /home/airflow/.local/lib/python3.7/site-packages/airflow/example_dags/example_short_circuit_decorator.py for tasks to queue
[2023-03-07T13:52:40.298+0000] {logging_mixin.py:137} INFO - [2023-03-07T13:52:40.298+0000] {dagbag.py:538} INFO - Filling up the DagBag from /home/airflow/.local/lib/python3.7/site-packages/airflow/example_dags/example_short_circuit_decorator.py
[2023-03-07T13:52:40.317+0000] {processor.py:753} INFO - DAG(s) dict_keys(['example_short_circuit_decorator']) retrieved from /home/airflow/.local/lib/python3.7/site-packages/airflow/example_dags/example_short_circuit_decorator.py
[2023-03-07T13:52:40.337+0000] {logging_mixin.py:137} INFO - [2023-03-07T13:52:40.337+0000] {dag.py:2690} INFO - Sync 1 DAGs
[2023-03-07T13:52:40.376+0000] {logging_mixin.py:137} INFO - [2023-03-07T13:52:40.375+0000] {dag.py:3441} INFO - Setting next_dagrun for example_short_circuit_decorator to 2023-03-06T13:52:40.375701+00:00, run_after=2023-03-07T13:52:40.375701+00:00
[2023-03-07T13:52:40.396+0000] {processor.py:175} INFO - Processing /home/airflow/.local/lib/python3.7/site-packages/airflow/example_dags/example_short_circuit_decorator.py took 0.104 seconds
[2023-03-07T13:53:10.647+0000] {processor.py:153} INFO - Started process (PID=1091) to work on /home/airflow/.local/lib/python3.7/site-packages/airflow/example_dags/example_short_circuit_decorator.py
[2023-03-07T13:53:10.649+0000] {processor.py:743} INFO - Processing file /home/airflow/.local/lib/python3.7/site-packages/airflow/example_dags/example_short_circuit_decorator.py for tasks to queue
[2023-03-07T13:53:10.650+0000] {logging_mixin.py:137} INFO - [2023-03-07T13:53:10.650+0000] {dagbag.py:538} INFO - Filling up the DagBag from /home/airflow/.local/lib/python3.7/site-packages/airflow/example_dags/example_short_circuit_decorator.py
[2023-03-07T13:53:10.668+0000] {processor.py:753} INFO - DAG(s) dict_keys(['example_short_circuit_decorator']) retrieved from /home/airflow/.local/lib/python3.7/site-packages/airflow/example_dags/example_short_circuit_decorator.py
[2023-03-07T13:53:10.689+0000] {logging_mixin.py:137} INFO - [2023-03-07T13:53:10.689+0000] {dag.py:2690} INFO - Sync 1 DAGs
[2023-03-07T13:53:10.706+0000] {logging_mixin.py:137} INFO - [2023-03-07T13:53:10.706+0000] {dag.py:3441} INFO - Setting next_dagrun for example_short_circuit_decorator to 2023-03-06T13:53:10.706348+00:00, run_after=2023-03-07T13:53:10.706348+00:00
[2023-03-07T13:53:10.723+0000] {processor.py:175} INFO - Processing /home/airflow/.local/lib/python3.7/site-packages/airflow/example_dags/example_short_circuit_decorator.py took 0.078 seconds
