[2023-03-07T13:43:39.315+0000] {processor.py:153} INFO - Started process (PID=55) to work on /home/airflow/.local/lib/python3.7/site-packages/airflow/example_dags/example_skip_dag.py
[2023-03-07T13:43:39.349+0000] {processor.py:743} INFO - Processing file /home/airflow/.local/lib/python3.7/site-packages/airflow/example_dags/example_skip_dag.py for tasks to queue
[2023-03-07T13:43:39.367+0000] {logging_mixin.py:137} INFO - [2023-03-07T13:43:39.366+0000] {dagbag.py:538} INFO - Filling up the DagBag from /home/airflow/.local/lib/python3.7/site-packages/airflow/example_dags/example_skip_dag.py
[2023-03-07T13:43:39.477+0000] {processor.py:753} INFO - DAG(s) dict_keys(['example_skip_dag']) retrieved from /home/airflow/.local/lib/python3.7/site-packages/airflow/example_dags/example_skip_dag.py
[2023-03-07T13:43:39.670+0000] {logging_mixin.py:137} INFO - [2023-03-07T13:43:39.670+0000] {dag.py:2690} INFO - Sync 1 DAGs
[2023-03-07T13:43:39.841+0000] {logging_mixin.py:137} INFO - [2023-03-07T13:43:39.840+0000] {dag.py:3441} INFO - Setting next_dagrun for example_skip_dag to 2023-03-06T13:43:39.840211+00:00, run_after=2023-03-07T13:43:39.840211+00:00
[2023-03-07T13:43:39.988+0000] {processor.py:175} INFO - Processing /home/airflow/.local/lib/python3.7/site-packages/airflow/example_dags/example_skip_dag.py took 0.758 seconds
[2023-03-07T13:44:11.205+0000] {processor.py:153} INFO - Started process (PID=113) to work on /home/airflow/.local/lib/python3.7/site-packages/airflow/example_dags/example_skip_dag.py
[2023-03-07T13:44:11.210+0000] {processor.py:743} INFO - Processing file /home/airflow/.local/lib/python3.7/site-packages/airflow/example_dags/example_skip_dag.py for tasks to queue
[2023-03-07T13:44:11.215+0000] {logging_mixin.py:137} INFO - [2023-03-07T13:44:11.214+0000] {dagbag.py:538} INFO - Filling up the DagBag from /home/airflow/.local/lib/python3.7/site-packages/airflow/example_dags/example_skip_dag.py
[2023-03-07T13:44:11.309+0000] {processor.py:753} INFO - DAG(s) dict_keys(['example_skip_dag']) retrieved from /home/airflow/.local/lib/python3.7/site-packages/airflow/example_dags/example_skip_dag.py
[2023-03-07T13:44:11.377+0000] {logging_mixin.py:137} INFO - [2023-03-07T13:44:11.377+0000] {dag.py:2690} INFO - Sync 1 DAGs
[2023-03-07T13:44:11.422+0000] {logging_mixin.py:137} INFO - [2023-03-07T13:44:11.422+0000] {dag.py:3441} INFO - Setting next_dagrun for example_skip_dag to 2023-03-06T13:44:11.422173+00:00, run_after=2023-03-07T13:44:11.422173+00:00
[2023-03-07T13:44:11.451+0000] {processor.py:175} INFO - Processing /home/airflow/.local/lib/python3.7/site-packages/airflow/example_dags/example_skip_dag.py took 0.271 seconds
[2023-03-07T13:44:48.786+0000] {processor.py:153} INFO - Started process (PID=177) to work on /home/airflow/.local/lib/python3.7/site-packages/airflow/example_dags/example_skip_dag.py
[2023-03-07T13:44:48.802+0000] {processor.py:743} INFO - Processing file /home/airflow/.local/lib/python3.7/site-packages/airflow/example_dags/example_skip_dag.py for tasks to queue
[2023-03-07T13:44:48.810+0000] {logging_mixin.py:137} INFO - [2023-03-07T13:44:48.809+0000] {dagbag.py:538} INFO - Filling up the DagBag from /home/airflow/.local/lib/python3.7/site-packages/airflow/example_dags/example_skip_dag.py
[2023-03-07T13:44:49.031+0000] {processor.py:753} INFO - DAG(s) dict_keys(['example_skip_dag']) retrieved from /home/airflow/.local/lib/python3.7/site-packages/airflow/example_dags/example_skip_dag.py
[2023-03-07T13:44:49.389+0000] {logging_mixin.py:137} INFO - [2023-03-07T13:44:49.388+0000] {dag.py:2690} INFO - Sync 1 DAGs
[2023-03-07T13:44:49.555+0000] {logging_mixin.py:137} INFO - [2023-03-07T13:44:49.554+0000] {dag.py:3441} INFO - Setting next_dagrun for example_skip_dag to 2023-03-06T13:44:49.554068+00:00, run_after=2023-03-07T13:44:49.554068+00:00
[2023-03-07T13:44:49.767+0000] {processor.py:175} INFO - Processing /home/airflow/.local/lib/python3.7/site-packages/airflow/example_dags/example_skip_dag.py took 0.985 seconds
[2023-03-07T13:45:43.536+0000] {processor.py:153} INFO - Started process (PID=239) to work on /home/airflow/.local/lib/python3.7/site-packages/airflow/example_dags/example_skip_dag.py
[2023-03-07T13:45:43.577+0000] {processor.py:743} INFO - Processing file /home/airflow/.local/lib/python3.7/site-packages/airflow/example_dags/example_skip_dag.py for tasks to queue
[2023-03-07T13:45:43.583+0000] {logging_mixin.py:137} INFO - [2023-03-07T13:45:43.582+0000] {dagbag.py:538} INFO - Filling up the DagBag from /home/airflow/.local/lib/python3.7/site-packages/airflow/example_dags/example_skip_dag.py
[2023-03-07T13:45:43.630+0000] {processor.py:753} INFO - DAG(s) dict_keys(['example_skip_dag']) retrieved from /home/airflow/.local/lib/python3.7/site-packages/airflow/example_dags/example_skip_dag.py
[2023-03-07T13:45:43.730+0000] {logging_mixin.py:137} INFO - [2023-03-07T13:45:43.730+0000] {dag.py:2690} INFO - Sync 1 DAGs
[2023-03-07T13:45:43.806+0000] {logging_mixin.py:137} INFO - [2023-03-07T13:45:43.805+0000] {dag.py:3441} INFO - Setting next_dagrun for example_skip_dag to 2023-03-06T13:45:43.805414+00:00, run_after=2023-03-07T13:45:43.805414+00:00
[2023-03-07T13:45:43.934+0000] {processor.py:175} INFO - Processing /home/airflow/.local/lib/python3.7/site-packages/airflow/example_dags/example_skip_dag.py took 0.406 seconds
[2023-03-07T13:46:19.207+0000] {processor.py:153} INFO - Started process (PID=302) to work on /home/airflow/.local/lib/python3.7/site-packages/airflow/example_dags/example_skip_dag.py
[2023-03-07T13:46:19.214+0000] {processor.py:743} INFO - Processing file /home/airflow/.local/lib/python3.7/site-packages/airflow/example_dags/example_skip_dag.py for tasks to queue
[2023-03-07T13:46:19.216+0000] {logging_mixin.py:137} INFO - [2023-03-07T13:46:19.215+0000] {dagbag.py:538} INFO - Filling up the DagBag from /home/airflow/.local/lib/python3.7/site-packages/airflow/example_dags/example_skip_dag.py
[2023-03-07T13:46:19.305+0000] {processor.py:753} INFO - DAG(s) dict_keys(['example_skip_dag']) retrieved from /home/airflow/.local/lib/python3.7/site-packages/airflow/example_dags/example_skip_dag.py
[2023-03-07T13:46:19.386+0000] {logging_mixin.py:137} INFO - [2023-03-07T13:46:19.385+0000] {dag.py:2690} INFO - Sync 1 DAGs
[2023-03-07T13:46:19.483+0000] {logging_mixin.py:137} INFO - [2023-03-07T13:46:19.483+0000] {dag.py:3441} INFO - Setting next_dagrun for example_skip_dag to 2023-03-06T13:46:19.481917+00:00, run_after=2023-03-07T13:46:19.481917+00:00
[2023-03-07T13:46:19.552+0000] {processor.py:175} INFO - Processing /home/airflow/.local/lib/python3.7/site-packages/airflow/example_dags/example_skip_dag.py took 0.371 seconds
