[2023-03-07T13:43:40.409+0000] {processor.py:153} INFO - Started process (PID=56) to work on /home/airflow/.local/lib/python3.7/site-packages/airflow/example_dags/example_sla_dag.py
[2023-03-07T13:43:40.447+0000] {processor.py:743} INFO - Processing file /home/airflow/.local/lib/python3.7/site-packages/airflow/example_dags/example_sla_dag.py for tasks to queue
[2023-03-07T13:43:40.452+0000] {logging_mixin.py:137} INFO - [2023-03-07T13:43:40.451+0000] {dagbag.py:538} INFO - Filling up the DagBag from /home/airflow/.local/lib/python3.7/site-packages/airflow/example_dags/example_sla_dag.py
[2023-03-07T13:43:41.059+0000] {processor.py:753} INFO - DAG(s) dict_keys(['example_sla_dag']) retrieved from /home/airflow/.local/lib/python3.7/site-packages/airflow/example_dags/example_sla_dag.py
[2023-03-07T13:43:41.257+0000] {logging_mixin.py:137} INFO - [2023-03-07T13:43:41.256+0000] {dag.py:2690} INFO - Sync 1 DAGs
[2023-03-07T13:43:41.372+0000] {logging_mixin.py:137} INFO - [2023-03-07T13:43:41.371+0000] {dag.py:3441} INFO - Setting next_dagrun for example_sla_dag to 2023-03-07T13:40:00+00:00, run_after=2023-03-07T13:42:00+00:00
[2023-03-07T13:43:41.482+0000] {processor.py:175} INFO - Processing /home/airflow/.local/lib/python3.7/site-packages/airflow/example_dags/example_sla_dag.py took 1.162 seconds
[2023-03-07T13:44:12.245+0000] {processor.py:153} INFO - Started process (PID=115) to work on /home/airflow/.local/lib/python3.7/site-packages/airflow/example_dags/example_sla_dag.py
[2023-03-07T13:44:12.265+0000] {processor.py:743} INFO - Processing file /home/airflow/.local/lib/python3.7/site-packages/airflow/example_dags/example_sla_dag.py for tasks to queue
[2023-03-07T13:44:12.271+0000] {logging_mixin.py:137} INFO - [2023-03-07T13:44:12.271+0000] {dagbag.py:538} INFO - Filling up the DagBag from /home/airflow/.local/lib/python3.7/site-packages/airflow/example_dags/example_sla_dag.py
[2023-03-07T13:44:12.428+0000] {processor.py:753} INFO - DAG(s) dict_keys(['example_sla_dag']) retrieved from /home/airflow/.local/lib/python3.7/site-packages/airflow/example_dags/example_sla_dag.py
[2023-03-07T13:44:12.606+0000] {logging_mixin.py:137} INFO - [2023-03-07T13:44:12.606+0000] {dag.py:2690} INFO - Sync 1 DAGs
[2023-03-07T13:44:12.676+0000] {logging_mixin.py:137} INFO - [2023-03-07T13:44:12.676+0000] {dag.py:3441} INFO - Setting next_dagrun for example_sla_dag to 2023-03-07T13:42:00+00:00, run_after=2023-03-07T13:44:00+00:00
[2023-03-07T13:44:12.724+0000] {processor.py:175} INFO - Processing /home/airflow/.local/lib/python3.7/site-packages/airflow/example_dags/example_sla_dag.py took 0.485 seconds
[2023-03-07T13:44:49.407+0000] {processor.py:153} INFO - Started process (PID=178) to work on /home/airflow/.local/lib/python3.7/site-packages/airflow/example_dags/example_sla_dag.py
[2023-03-07T13:44:49.419+0000] {processor.py:743} INFO - Processing file /home/airflow/.local/lib/python3.7/site-packages/airflow/example_dags/example_sla_dag.py for tasks to queue
[2023-03-07T13:44:49.422+0000] {logging_mixin.py:137} INFO - [2023-03-07T13:44:49.421+0000] {dagbag.py:538} INFO - Filling up the DagBag from /home/airflow/.local/lib/python3.7/site-packages/airflow/example_dags/example_sla_dag.py
[2023-03-07T13:44:49.548+0000] {processor.py:753} INFO - DAG(s) dict_keys(['example_sla_dag']) retrieved from /home/airflow/.local/lib/python3.7/site-packages/airflow/example_dags/example_sla_dag.py
[2023-03-07T13:44:49.715+0000] {logging_mixin.py:137} INFO - [2023-03-07T13:44:49.715+0000] {dag.py:2690} INFO - Sync 1 DAGs
[2023-03-07T13:44:49.944+0000] {logging_mixin.py:137} INFO - [2023-03-07T13:44:49.944+0000] {dag.py:3441} INFO - Setting next_dagrun for example_sla_dag to 2023-03-07T13:42:00+00:00, run_after=2023-03-07T13:44:00+00:00
[2023-03-07T13:44:50.136+0000] {processor.py:175} INFO - Processing /home/airflow/.local/lib/python3.7/site-packages/airflow/example_dags/example_sla_dag.py took 0.774 seconds
[2023-03-07T13:45:43.582+0000] {processor.py:153} INFO - Started process (PID=240) to work on /home/airflow/.local/lib/python3.7/site-packages/airflow/example_dags/example_sla_dag.py
[2023-03-07T13:45:43.599+0000] {processor.py:743} INFO - Processing file /home/airflow/.local/lib/python3.7/site-packages/airflow/example_dags/example_sla_dag.py for tasks to queue
[2023-03-07T13:45:43.602+0000] {logging_mixin.py:137} INFO - [2023-03-07T13:45:43.602+0000] {dagbag.py:538} INFO - Filling up the DagBag from /home/airflow/.local/lib/python3.7/site-packages/airflow/example_dags/example_sla_dag.py
[2023-03-07T13:45:43.658+0000] {processor.py:753} INFO - DAG(s) dict_keys(['example_sla_dag']) retrieved from /home/airflow/.local/lib/python3.7/site-packages/airflow/example_dags/example_sla_dag.py
[2023-03-07T13:45:43.805+0000] {logging_mixin.py:137} INFO - [2023-03-07T13:45:43.804+0000] {dag.py:2690} INFO - Sync 1 DAGs
[2023-03-07T13:45:43.891+0000] {logging_mixin.py:137} INFO - [2023-03-07T13:45:43.891+0000] {dag.py:3441} INFO - Setting next_dagrun for example_sla_dag to 2023-03-07T13:42:00+00:00, run_after=2023-03-07T13:44:00+00:00
[2023-03-07T13:45:44.159+0000] {processor.py:175} INFO - Processing /home/airflow/.local/lib/python3.7/site-packages/airflow/example_dags/example_sla_dag.py took 0.583 seconds
[2023-03-07T13:46:19.630+0000] {processor.py:153} INFO - Started process (PID=303) to work on /home/airflow/.local/lib/python3.7/site-packages/airflow/example_dags/example_sla_dag.py
[2023-03-07T13:46:19.639+0000] {processor.py:743} INFO - Processing file /home/airflow/.local/lib/python3.7/site-packages/airflow/example_dags/example_sla_dag.py for tasks to queue
[2023-03-07T13:46:19.641+0000] {logging_mixin.py:137} INFO - [2023-03-07T13:46:19.641+0000] {dagbag.py:538} INFO - Filling up the DagBag from /home/airflow/.local/lib/python3.7/site-packages/airflow/example_dags/example_sla_dag.py
[2023-03-07T13:46:19.781+0000] {processor.py:753} INFO - DAG(s) dict_keys(['example_sla_dag']) retrieved from /home/airflow/.local/lib/python3.7/site-packages/airflow/example_dags/example_sla_dag.py
[2023-03-07T13:46:20.081+0000] {logging_mixin.py:137} INFO - [2023-03-07T13:46:20.080+0000] {dag.py:2690} INFO - Sync 1 DAGs
[2023-03-07T13:46:20.304+0000] {logging_mixin.py:137} INFO - [2023-03-07T13:46:20.303+0000] {dag.py:3441} INFO - Setting next_dagrun for example_sla_dag to 2023-03-07T13:44:00+00:00, run_after=2023-03-07T13:46:00+00:00
[2023-03-07T13:46:20.417+0000] {processor.py:175} INFO - Processing /home/airflow/.local/lib/python3.7/site-packages/airflow/example_dags/example_sla_dag.py took 0.796 seconds
