[2023-03-07T13:43:45.131+0000] {processor.py:153} INFO - Started process (PID=66) to work on /home/airflow/.local/lib/python3.7/site-packages/airflow/example_dags/example_complex.py
[2023-03-07T13:43:45.136+0000] {processor.py:743} INFO - Processing file /home/airflow/.local/lib/python3.7/site-packages/airflow/example_dags/example_complex.py for tasks to queue
[2023-03-07T13:43:45.140+0000] {logging_mixin.py:137} INFO - [2023-03-07T13:43:45.139+0000] {dagbag.py:538} INFO - Filling up the DagBag from /home/airflow/.local/lib/python3.7/site-packages/airflow/example_dags/example_complex.py
[2023-03-07T13:43:45.173+0000] {logging_mixin.py:137} INFO - [2023-03-07T13:43:45.172+0000] {taskmixin.py:205} WARNING - Dependency <Task(BashOperator): create_entry_group>, delete_entry_group already registered for DAG: example_complex
[2023-03-07T13:43:45.179+0000] {logging_mixin.py:137} INFO - [2023-03-07T13:43:45.179+0000] {taskmixin.py:205} WARNING - Dependency <Task(BashOperator): delete_entry_group>, create_entry_group already registered for DAG: example_complex
[2023-03-07T13:43:45.183+0000] {logging_mixin.py:137} INFO - [2023-03-07T13:43:45.182+0000] {taskmixin.py:205} WARNING - Dependency <Task(BashOperator): create_entry_gcs>, delete_entry already registered for DAG: example_complex
[2023-03-07T13:43:45.186+0000] {logging_mixin.py:137} INFO - [2023-03-07T13:43:45.185+0000] {taskmixin.py:205} WARNING - Dependency <Task(BashOperator): delete_entry>, create_entry_gcs already registered for DAG: example_complex
[2023-03-07T13:43:45.188+0000] {logging_mixin.py:137} INFO - [2023-03-07T13:43:45.188+0000] {taskmixin.py:205} WARNING - Dependency <Task(BashOperator): create_tag>, delete_tag already registered for DAG: example_complex
[2023-03-07T13:43:45.190+0000] {logging_mixin.py:137} INFO - [2023-03-07T13:43:45.189+0000] {taskmixin.py:205} WARNING - Dependency <Task(BashOperator): delete_tag>, create_tag already registered for DAG: example_complex
[2023-03-07T13:43:45.206+0000] {processor.py:753} INFO - DAG(s) dict_keys(['example_complex']) retrieved from /home/airflow/.local/lib/python3.7/site-packages/airflow/example_dags/example_complex.py
[2023-03-07T13:43:45.273+0000] {logging_mixin.py:137} INFO - [2023-03-07T13:43:45.273+0000] {dag.py:2690} INFO - Sync 1 DAGs
[2023-03-07T13:43:45.318+0000] {logging_mixin.py:137} INFO - [2023-03-07T13:43:45.318+0000] {dag.py:3441} INFO - Setting next_dagrun for example_complex to None, run_after=None
[2023-03-07T13:43:45.345+0000] {processor.py:175} INFO - Processing /home/airflow/.local/lib/python3.7/site-packages/airflow/example_dags/example_complex.py took 0.224 seconds
[2023-03-07T13:44:15.901+0000] {processor.py:153} INFO - Started process (PID=128) to work on /home/airflow/.local/lib/python3.7/site-packages/airflow/example_dags/example_complex.py
[2023-03-07T13:44:15.903+0000] {processor.py:743} INFO - Processing file /home/airflow/.local/lib/python3.7/site-packages/airflow/example_dags/example_complex.py for tasks to queue
[2023-03-07T13:44:15.908+0000] {logging_mixin.py:137} INFO - [2023-03-07T13:44:15.908+0000] {dagbag.py:538} INFO - Filling up the DagBag from /home/airflow/.local/lib/python3.7/site-packages/airflow/example_dags/example_complex.py
[2023-03-07T13:44:15.924+0000] {logging_mixin.py:137} INFO - [2023-03-07T13:44:15.923+0000] {taskmixin.py:205} WARNING - Dependency <Task(BashOperator): create_entry_group>, delete_entry_group already registered for DAG: example_complex
[2023-03-07T13:44:15.925+0000] {logging_mixin.py:137} INFO - [2023-03-07T13:44:15.925+0000] {taskmixin.py:205} WARNING - Dependency <Task(BashOperator): delete_entry_group>, create_entry_group already registered for DAG: example_complex
[2023-03-07T13:44:15.926+0000] {logging_mixin.py:137} INFO - [2023-03-07T13:44:15.926+0000] {taskmixin.py:205} WARNING - Dependency <Task(BashOperator): create_entry_gcs>, delete_entry already registered for DAG: example_complex
[2023-03-07T13:44:15.927+0000] {logging_mixin.py:137} INFO - [2023-03-07T13:44:15.927+0000] {taskmixin.py:205} WARNING - Dependency <Task(BashOperator): delete_entry>, create_entry_gcs already registered for DAG: example_complex
[2023-03-07T13:44:15.928+0000] {logging_mixin.py:137} INFO - [2023-03-07T13:44:15.928+0000] {taskmixin.py:205} WARNING - Dependency <Task(BashOperator): create_tag>, delete_tag already registered for DAG: example_complex
[2023-03-07T13:44:15.929+0000] {logging_mixin.py:137} INFO - [2023-03-07T13:44:15.929+0000] {taskmixin.py:205} WARNING - Dependency <Task(BashOperator): delete_tag>, create_tag already registered for DAG: example_complex
[2023-03-07T13:44:15.941+0000] {processor.py:753} INFO - DAG(s) dict_keys(['example_complex']) retrieved from /home/airflow/.local/lib/python3.7/site-packages/airflow/example_dags/example_complex.py
[2023-03-07T13:44:15.991+0000] {logging_mixin.py:137} INFO - [2023-03-07T13:44:15.991+0000] {dag.py:2690} INFO - Sync 1 DAGs
[2023-03-07T13:44:16.055+0000] {logging_mixin.py:137} INFO - [2023-03-07T13:44:16.055+0000] {dag.py:3441} INFO - Setting next_dagrun for example_complex to None, run_after=None
[2023-03-07T13:44:16.099+0000] {processor.py:175} INFO - Processing /home/airflow/.local/lib/python3.7/site-packages/airflow/example_dags/example_complex.py took 0.201 seconds
[2023-03-07T13:45:19.321+0000] {processor.py:153} INFO - Started process (PID=200) to work on /home/airflow/.local/lib/python3.7/site-packages/airflow/example_dags/example_complex.py
[2023-03-07T13:45:19.326+0000] {processor.py:743} INFO - Processing file /home/airflow/.local/lib/python3.7/site-packages/airflow/example_dags/example_complex.py for tasks to queue
[2023-03-07T13:45:19.330+0000] {logging_mixin.py:137} INFO - [2023-03-07T13:45:19.330+0000] {dagbag.py:538} INFO - Filling up the DagBag from /home/airflow/.local/lib/python3.7/site-packages/airflow/example_dags/example_complex.py
[2023-03-07T13:45:19.441+0000] {logging_mixin.py:137} INFO - [2023-03-07T13:45:19.439+0000] {taskmixin.py:205} WARNING - Dependency <Task(BashOperator): create_entry_group>, delete_entry_group already registered for DAG: example_complex
[2023-03-07T13:45:19.483+0000] {logging_mixin.py:137} INFO - [2023-03-07T13:45:19.483+0000] {taskmixin.py:205} WARNING - Dependency <Task(BashOperator): delete_entry_group>, create_entry_group already registered for DAG: example_complex
[2023-03-07T13:45:19.485+0000] {logging_mixin.py:137} INFO - [2023-03-07T13:45:19.485+0000] {taskmixin.py:205} WARNING - Dependency <Task(BashOperator): create_entry_gcs>, delete_entry already registered for DAG: example_complex
[2023-03-07T13:45:19.498+0000] {logging_mixin.py:137} INFO - [2023-03-07T13:45:19.496+0000] {taskmixin.py:205} WARNING - Dependency <Task(BashOperator): delete_entry>, create_entry_gcs already registered for DAG: example_complex
[2023-03-07T13:45:19.501+0000] {logging_mixin.py:137} INFO - [2023-03-07T13:45:19.500+0000] {taskmixin.py:205} WARNING - Dependency <Task(BashOperator): create_tag>, delete_tag already registered for DAG: example_complex
[2023-03-07T13:45:19.508+0000] {logging_mixin.py:137} INFO - [2023-03-07T13:45:19.508+0000] {taskmixin.py:205} WARNING - Dependency <Task(BashOperator): delete_tag>, create_tag already registered for DAG: example_complex
[2023-03-07T13:45:19.585+0000] {processor.py:753} INFO - DAG(s) dict_keys(['example_complex']) retrieved from /home/airflow/.local/lib/python3.7/site-packages/airflow/example_dags/example_complex.py
[2023-03-07T13:45:20.018+0000] {logging_mixin.py:137} INFO - [2023-03-07T13:45:19.995+0000] {dag.py:2690} INFO - Sync 1 DAGs
[2023-03-07T13:45:20.433+0000] {logging_mixin.py:137} INFO - [2023-03-07T13:45:20.432+0000] {dag.py:3441} INFO - Setting next_dagrun for example_complex to None, run_after=None
[2023-03-07T13:45:20.675+0000] {processor.py:175} INFO - Processing /home/airflow/.local/lib/python3.7/site-packages/airflow/example_dags/example_complex.py took 1.384 seconds
[2023-03-07T13:45:56.714+0000] {processor.py:153} INFO - Started process (PID=267) to work on /home/airflow/.local/lib/python3.7/site-packages/airflow/example_dags/example_complex.py
[2023-03-07T13:45:56.734+0000] {processor.py:743} INFO - Processing file /home/airflow/.local/lib/python3.7/site-packages/airflow/example_dags/example_complex.py for tasks to queue
[2023-03-07T13:45:56.749+0000] {logging_mixin.py:137} INFO - [2023-03-07T13:45:56.747+0000] {dagbag.py:538} INFO - Filling up the DagBag from /home/airflow/.local/lib/python3.7/site-packages/airflow/example_dags/example_complex.py
[2023-03-07T13:45:56.984+0000] {logging_mixin.py:137} INFO - [2023-03-07T13:45:56.984+0000] {taskmixin.py:205} WARNING - Dependency <Task(BashOperator): create_entry_group>, delete_entry_group already registered for DAG: example_complex
[2023-03-07T13:45:56.989+0000] {logging_mixin.py:137} INFO - [2023-03-07T13:45:56.988+0000] {taskmixin.py:205} WARNING - Dependency <Task(BashOperator): delete_entry_group>, create_entry_group already registered for DAG: example_complex
[2023-03-07T13:45:56.998+0000] {logging_mixin.py:137} INFO - [2023-03-07T13:45:56.997+0000] {taskmixin.py:205} WARNING - Dependency <Task(BashOperator): create_entry_gcs>, delete_entry already registered for DAG: example_complex
[2023-03-07T13:45:57.000+0000] {logging_mixin.py:137} INFO - [2023-03-07T13:45:57.000+0000] {taskmixin.py:205} WARNING - Dependency <Task(BashOperator): delete_entry>, create_entry_gcs already registered for DAG: example_complex
[2023-03-07T13:45:57.002+0000] {logging_mixin.py:137} INFO - [2023-03-07T13:45:57.002+0000] {taskmixin.py:205} WARNING - Dependency <Task(BashOperator): create_tag>, delete_tag already registered for DAG: example_complex
[2023-03-07T13:45:57.009+0000] {logging_mixin.py:137} INFO - [2023-03-07T13:45:57.009+0000] {taskmixin.py:205} WARNING - Dependency <Task(BashOperator): delete_tag>, create_tag already registered for DAG: example_complex
[2023-03-07T13:45:57.115+0000] {processor.py:753} INFO - DAG(s) dict_keys(['example_complex']) retrieved from /home/airflow/.local/lib/python3.7/site-packages/airflow/example_dags/example_complex.py
[2023-03-07T13:45:57.505+0000] {logging_mixin.py:137} INFO - [2023-03-07T13:45:57.505+0000] {dag.py:2690} INFO - Sync 1 DAGs
[2023-03-07T13:45:57.639+0000] {logging_mixin.py:137} INFO - [2023-03-07T13:45:57.639+0000] {dag.py:3441} INFO - Setting next_dagrun for example_complex to None, run_after=None
[2023-03-07T13:45:57.747+0000] {processor.py:175} INFO - Processing /home/airflow/.local/lib/python3.7/site-packages/airflow/example_dags/example_complex.py took 1.076 seconds
