[2023-03-07T13:43:42.226+0000] {processor.py:153} INFO - Started process (PID=59) to work on /home/airflow/.local/lib/python3.7/site-packages/airflow/example_dags/example_branch_day_of_week_operator.py
[2023-03-07T13:43:42.257+0000] {processor.py:743} INFO - Processing file /home/airflow/.local/lib/python3.7/site-packages/airflow/example_dags/example_branch_day_of_week_operator.py for tasks to queue
[2023-03-07T13:43:42.263+0000] {logging_mixin.py:137} INFO - [2023-03-07T13:43:42.263+0000] {dagbag.py:538} INFO - Filling up the DagBag from /home/airflow/.local/lib/python3.7/site-packages/airflow/example_dags/example_branch_day_of_week_operator.py
[2023-03-07T13:43:42.516+0000] {processor.py:753} INFO - DAG(s) dict_keys(['example_weekday_branch_operator']) retrieved from /home/airflow/.local/lib/python3.7/site-packages/airflow/example_dags/example_branch_day_of_week_operator.py
[2023-03-07T13:43:42.629+0000] {logging_mixin.py:137} INFO - [2023-03-07T13:43:42.629+0000] {dag.py:2690} INFO - Sync 1 DAGs
[2023-03-07T13:43:42.721+0000] {logging_mixin.py:137} INFO - [2023-03-07T13:43:42.720+0000] {dag.py:3441} INFO - Setting next_dagrun for example_weekday_branch_operator to 2023-03-06T00:00:00+00:00, run_after=2023-03-07T00:00:00+00:00
[2023-03-07T13:43:42.765+0000] {processor.py:175} INFO - Processing /home/airflow/.local/lib/python3.7/site-packages/airflow/example_dags/example_branch_day_of_week_operator.py took 0.545 seconds
[2023-03-07T13:44:13.154+0000] {processor.py:153} INFO - Started process (PID=121) to work on /home/airflow/.local/lib/python3.7/site-packages/airflow/example_dags/example_branch_day_of_week_operator.py
[2023-03-07T13:44:13.157+0000] {processor.py:743} INFO - Processing file /home/airflow/.local/lib/python3.7/site-packages/airflow/example_dags/example_branch_day_of_week_operator.py for tasks to queue
[2023-03-07T13:44:13.159+0000] {logging_mixin.py:137} INFO - [2023-03-07T13:44:13.159+0000] {dagbag.py:538} INFO - Filling up the DagBag from /home/airflow/.local/lib/python3.7/site-packages/airflow/example_dags/example_branch_day_of_week_operator.py
[2023-03-07T13:44:13.184+0000] {processor.py:753} INFO - DAG(s) dict_keys(['example_weekday_branch_operator']) retrieved from /home/airflow/.local/lib/python3.7/site-packages/airflow/example_dags/example_branch_day_of_week_operator.py
[2023-03-07T13:44:13.255+0000] {logging_mixin.py:137} INFO - [2023-03-07T13:44:13.254+0000] {dag.py:2690} INFO - Sync 1 DAGs
[2023-03-07T13:44:13.403+0000] {logging_mixin.py:137} INFO - [2023-03-07T13:44:13.403+0000] {dag.py:3441} INFO - Setting next_dagrun for example_weekday_branch_operator to 2023-03-06T00:00:00+00:00, run_after=2023-03-07T00:00:00+00:00
[2023-03-07T13:44:13.558+0000] {processor.py:175} INFO - Processing /home/airflow/.local/lib/python3.7/site-packages/airflow/example_dags/example_branch_day_of_week_operator.py took 0.408 seconds
[2023-03-07T13:44:54.676+0000] {processor.py:153} INFO - Started process (PID=181) to work on /home/airflow/.local/lib/python3.7/site-packages/airflow/example_dags/example_branch_day_of_week_operator.py
[2023-03-07T13:44:54.698+0000] {processor.py:743} INFO - Processing file /home/airflow/.local/lib/python3.7/site-packages/airflow/example_dags/example_branch_day_of_week_operator.py for tasks to queue
[2023-03-07T13:44:54.711+0000] {logging_mixin.py:137} INFO - [2023-03-07T13:44:54.710+0000] {dagbag.py:538} INFO - Filling up the DagBag from /home/airflow/.local/lib/python3.7/site-packages/airflow/example_dags/example_branch_day_of_week_operator.py
[2023-03-07T13:44:55.436+0000] {processor.py:753} INFO - DAG(s) dict_keys(['example_weekday_branch_operator']) retrieved from /home/airflow/.local/lib/python3.7/site-packages/airflow/example_dags/example_branch_day_of_week_operator.py
[2023-03-07T13:44:58.394+0000] {logging_mixin.py:137} INFO - [2023-03-07T13:44:58.239+0000] {dag.py:2690} INFO - Sync 1 DAGs
[2023-03-07T13:45:01.987+0000] {logging_mixin.py:137} INFO - [2023-03-07T13:45:01.971+0000] {dag.py:3441} INFO - Setting next_dagrun for example_weekday_branch_operator to 2023-03-06T00:00:00+00:00, run_after=2023-03-07T00:00:00+00:00
[2023-03-07T13:45:02.889+0000] {processor.py:175} INFO - Processing /home/airflow/.local/lib/python3.7/site-packages/airflow/example_dags/example_branch_day_of_week_operator.py took 8.284 seconds
[2023-03-07T13:45:48.477+0000] {processor.py:153} INFO - Started process (PID=255) to work on /home/airflow/.local/lib/python3.7/site-packages/airflow/example_dags/example_branch_day_of_week_operator.py
[2023-03-07T13:45:48.597+0000] {processor.py:743} INFO - Processing file /home/airflow/.local/lib/python3.7/site-packages/airflow/example_dags/example_branch_day_of_week_operator.py for tasks to queue
[2023-03-07T13:45:48.617+0000] {logging_mixin.py:137} INFO - [2023-03-07T13:45:48.617+0000] {dagbag.py:538} INFO - Filling up the DagBag from /home/airflow/.local/lib/python3.7/site-packages/airflow/example_dags/example_branch_day_of_week_operator.py
[2023-03-07T13:45:49.157+0000] {processor.py:753} INFO - DAG(s) dict_keys(['example_weekday_branch_operator']) retrieved from /home/airflow/.local/lib/python3.7/site-packages/airflow/example_dags/example_branch_day_of_week_operator.py
[2023-03-07T13:45:49.489+0000] {logging_mixin.py:137} INFO - [2023-03-07T13:45:49.489+0000] {dag.py:2690} INFO - Sync 1 DAGs
[2023-03-07T13:45:50.120+0000] {logging_mixin.py:137} INFO - [2023-03-07T13:45:50.119+0000] {dag.py:3441} INFO - Setting next_dagrun for example_weekday_branch_operator to 2023-03-06T00:00:00+00:00, run_after=2023-03-07T00:00:00+00:00
[2023-03-07T13:45:50.379+0000] {processor.py:175} INFO - Processing /home/airflow/.local/lib/python3.7/site-packages/airflow/example_dags/example_branch_day_of_week_operator.py took 1.925 seconds
