[2023-03-07T13:43:50.982+0000] {processor.py:153} INFO - Started process (PID=85) to work on /home/airflow/.local/lib/python3.7/site-packages/airflow/example_dags/example_external_task_marker_dag.py
[2023-03-07T13:43:51.001+0000] {processor.py:743} INFO - Processing file /home/airflow/.local/lib/python3.7/site-packages/airflow/example_dags/example_external_task_marker_dag.py for tasks to queue
[2023-03-07T13:43:51.006+0000] {logging_mixin.py:137} INFO - [2023-03-07T13:43:51.006+0000] {dagbag.py:538} INFO - Filling up the DagBag from /home/airflow/.local/lib/python3.7/site-packages/airflow/example_dags/example_external_task_marker_dag.py
[2023-03-07T13:43:51.157+0000] {processor.py:753} INFO - DAG(s) dict_keys(['example_external_task_marker_child', 'example_external_task_marker_parent']) retrieved from /home/airflow/.local/lib/python3.7/site-packages/airflow/example_dags/example_external_task_marker_dag.py
[2023-03-07T13:43:53.088+0000] {logging_mixin.py:137} INFO - [2023-03-07T13:43:53.075+0000] {dag.py:2690} INFO - Sync 2 DAGs
[2023-03-07T13:43:53.877+0000] {logging_mixin.py:137} INFO - [2023-03-07T13:43:53.852+0000] {dag.py:3441} INFO - Setting next_dagrun for example_external_task_marker_child to None, run_after=None
[2023-03-07T13:43:53.999+0000] {logging_mixin.py:137} INFO - [2023-03-07T13:43:53.998+0000] {dag.py:3441} INFO - Setting next_dagrun for example_external_task_marker_parent to None, run_after=None
[2023-03-07T13:43:54.315+0000] {processor.py:175} INFO - Processing /home/airflow/.local/lib/python3.7/site-packages/airflow/example_dags/example_external_task_marker_dag.py took 3.365 seconds
[2023-03-07T13:44:24.886+0000] {processor.py:153} INFO - Started process (PID=142) to work on /home/airflow/.local/lib/python3.7/site-packages/airflow/example_dags/example_external_task_marker_dag.py
[2023-03-07T13:44:24.890+0000] {processor.py:743} INFO - Processing file /home/airflow/.local/lib/python3.7/site-packages/airflow/example_dags/example_external_task_marker_dag.py for tasks to queue
[2023-03-07T13:44:24.894+0000] {logging_mixin.py:137} INFO - [2023-03-07T13:44:24.894+0000] {dagbag.py:538} INFO - Filling up the DagBag from /home/airflow/.local/lib/python3.7/site-packages/airflow/example_dags/example_external_task_marker_dag.py
[2023-03-07T13:44:24.939+0000] {processor.py:753} INFO - DAG(s) dict_keys(['example_external_task_marker_child', 'example_external_task_marker_parent']) retrieved from /home/airflow/.local/lib/python3.7/site-packages/airflow/example_dags/example_external_task_marker_dag.py
[2023-03-07T13:44:25.050+0000] {logging_mixin.py:137} INFO - [2023-03-07T13:44:25.050+0000] {dag.py:2690} INFO - Sync 2 DAGs
[2023-03-07T13:44:25.146+0000] {logging_mixin.py:137} INFO - [2023-03-07T13:44:25.146+0000] {dag.py:3441} INFO - Setting next_dagrun for example_external_task_marker_child to None, run_after=None
[2023-03-07T13:44:25.182+0000] {logging_mixin.py:137} INFO - [2023-03-07T13:44:25.182+0000] {dag.py:3441} INFO - Setting next_dagrun for example_external_task_marker_parent to None, run_after=None
[2023-03-07T13:44:25.299+0000] {processor.py:175} INFO - Processing /home/airflow/.local/lib/python3.7/site-packages/airflow/example_dags/example_external_task_marker_dag.py took 0.421 seconds
[2023-03-07T13:45:45.294+0000] {processor.py:153} INFO - Started process (PID=243) to work on /home/airflow/.local/lib/python3.7/site-packages/airflow/example_dags/example_external_task_marker_dag.py
[2023-03-07T13:45:45.299+0000] {processor.py:743} INFO - Processing file /home/airflow/.local/lib/python3.7/site-packages/airflow/example_dags/example_external_task_marker_dag.py for tasks to queue
[2023-03-07T13:45:45.308+0000] {logging_mixin.py:137} INFO - [2023-03-07T13:45:45.307+0000] {dagbag.py:538} INFO - Filling up the DagBag from /home/airflow/.local/lib/python3.7/site-packages/airflow/example_dags/example_external_task_marker_dag.py
[2023-03-07T13:45:45.352+0000] {processor.py:753} INFO - DAG(s) dict_keys(['example_external_task_marker_child', 'example_external_task_marker_parent']) retrieved from /home/airflow/.local/lib/python3.7/site-packages/airflow/example_dags/example_external_task_marker_dag.py
[2023-03-07T13:45:45.483+0000] {logging_mixin.py:137} INFO - [2023-03-07T13:45:45.482+0000] {dag.py:2690} INFO - Sync 2 DAGs
[2023-03-07T13:45:45.586+0000] {logging_mixin.py:137} INFO - [2023-03-07T13:45:45.586+0000] {dag.py:3441} INFO - Setting next_dagrun for example_external_task_marker_child to None, run_after=None
[2023-03-07T13:45:45.633+0000] {logging_mixin.py:137} INFO - [2023-03-07T13:45:45.633+0000] {dag.py:3441} INFO - Setting next_dagrun for example_external_task_marker_parent to None, run_after=None
[2023-03-07T13:45:46.077+0000] {processor.py:175} INFO - Processing /home/airflow/.local/lib/python3.7/site-packages/airflow/example_dags/example_external_task_marker_dag.py took 0.791 seconds
[2023-03-07T13:46:20.749+0000] {processor.py:153} INFO - Started process (PID=306) to work on /home/airflow/.local/lib/python3.7/site-packages/airflow/example_dags/example_external_task_marker_dag.py
[2023-03-07T13:46:20.757+0000] {processor.py:743} INFO - Processing file /home/airflow/.local/lib/python3.7/site-packages/airflow/example_dags/example_external_task_marker_dag.py for tasks to queue
[2023-03-07T13:46:20.763+0000] {logging_mixin.py:137} INFO - [2023-03-07T13:46:20.763+0000] {dagbag.py:538} INFO - Filling up the DagBag from /home/airflow/.local/lib/python3.7/site-packages/airflow/example_dags/example_external_task_marker_dag.py
[2023-03-07T13:46:20.797+0000] {processor.py:753} INFO - DAG(s) dict_keys(['example_external_task_marker_child', 'example_external_task_marker_parent']) retrieved from /home/airflow/.local/lib/python3.7/site-packages/airflow/example_dags/example_external_task_marker_dag.py
[2023-03-07T13:46:20.951+0000] {logging_mixin.py:137} INFO - [2023-03-07T13:46:20.950+0000] {dag.py:2690} INFO - Sync 2 DAGs
[2023-03-07T13:46:21.047+0000] {logging_mixin.py:137} INFO - [2023-03-07T13:46:21.046+0000] {dag.py:3441} INFO - Setting next_dagrun for example_external_task_marker_child to None, run_after=None
[2023-03-07T13:46:21.065+0000] {logging_mixin.py:137} INFO - [2023-03-07T13:46:21.065+0000] {dag.py:3441} INFO - Setting next_dagrun for example_external_task_marker_parent to None, run_after=None
