[2023-03-07T13:43:48.340+0000] {processor.py:153} INFO - Started process (PID=75) to work on /home/airflow/.local/lib/python3.7/site-packages/airflow/example_dags/example_task_group_decorator.py
[2023-03-07T13:43:48.346+0000] {processor.py:743} INFO - Processing file /home/airflow/.local/lib/python3.7/site-packages/airflow/example_dags/example_task_group_decorator.py for tasks to queue
[2023-03-07T13:43:48.357+0000] {logging_mixin.py:137} INFO - [2023-03-07T13:43:48.357+0000] {dagbag.py:538} INFO - Filling up the DagBag from /home/airflow/.local/lib/python3.7/site-packages/airflow/example_dags/example_task_group_decorator.py
[2023-03-07T13:43:48.500+0000] {processor.py:753} INFO - DAG(s) dict_keys(['example_task_group_decorator']) retrieved from /home/airflow/.local/lib/python3.7/site-packages/airflow/example_dags/example_task_group_decorator.py
[2023-03-07T13:43:48.683+0000] {logging_mixin.py:137} INFO - [2023-03-07T13:43:48.683+0000] {dag.py:2690} INFO - Sync 1 DAGs
[2023-03-07T13:43:48.778+0000] {logging_mixin.py:137} INFO - [2023-03-07T13:43:48.778+0000] {dag.py:3441} INFO - Setting next_dagrun for example_task_group_decorator to 2023-03-06T13:43:48.777740+00:00, run_after=2023-03-07T13:43:48.777740+00:00
[2023-03-07T13:43:48.937+0000] {processor.py:175} INFO - Processing /home/airflow/.local/lib/python3.7/site-packages/airflow/example_dags/example_task_group_decorator.py took 0.604 seconds
[2023-03-07T13:44:19.109+0000] {processor.py:153} INFO - Started process (PID=137) to work on /home/airflow/.local/lib/python3.7/site-packages/airflow/example_dags/example_task_group_decorator.py
[2023-03-07T13:44:19.112+0000] {processor.py:743} INFO - Processing file /home/airflow/.local/lib/python3.7/site-packages/airflow/example_dags/example_task_group_decorator.py for tasks to queue
[2023-03-07T13:44:19.114+0000] {logging_mixin.py:137} INFO - [2023-03-07T13:44:19.114+0000] {dagbag.py:538} INFO - Filling up the DagBag from /home/airflow/.local/lib/python3.7/site-packages/airflow/example_dags/example_task_group_decorator.py
[2023-03-07T13:44:19.149+0000] {processor.py:753} INFO - DAG(s) dict_keys(['example_task_group_decorator']) retrieved from /home/airflow/.local/lib/python3.7/site-packages/airflow/example_dags/example_task_group_decorator.py
[2023-03-07T13:44:19.232+0000] {logging_mixin.py:137} INFO - [2023-03-07T13:44:19.231+0000] {dag.py:2690} INFO - Sync 1 DAGs
[2023-03-07T13:44:19.277+0000] {logging_mixin.py:137} INFO - [2023-03-07T13:44:19.277+0000] {dag.py:3441} INFO - Setting next_dagrun for example_task_group_decorator to 2023-03-06T13:44:19.277382+00:00, run_after=2023-03-07T13:44:19.277382+00:00
[2023-03-07T13:44:19.393+0000] {processor.py:175} INFO - Processing /home/airflow/.local/lib/python3.7/site-packages/airflow/example_dags/example_task_group_decorator.py took 0.292 seconds
[2023-03-07T13:45:27.893+0000] {processor.py:153} INFO - Started process (PID=222) to work on /home/airflow/.local/lib/python3.7/site-packages/airflow/example_dags/example_task_group_decorator.py
[2023-03-07T13:45:27.902+0000] {processor.py:743} INFO - Processing file /home/airflow/.local/lib/python3.7/site-packages/airflow/example_dags/example_task_group_decorator.py for tasks to queue
[2023-03-07T13:45:27.908+0000] {logging_mixin.py:137} INFO - [2023-03-07T13:45:27.906+0000] {dagbag.py:538} INFO - Filling up the DagBag from /home/airflow/.local/lib/python3.7/site-packages/airflow/example_dags/example_task_group_decorator.py
[2023-03-07T13:45:28.431+0000] {processor.py:753} INFO - DAG(s) dict_keys(['example_task_group_decorator']) retrieved from /home/airflow/.local/lib/python3.7/site-packages/airflow/example_dags/example_task_group_decorator.py
[2023-03-07T13:45:28.898+0000] {logging_mixin.py:137} INFO - [2023-03-07T13:45:28.897+0000] {dag.py:2690} INFO - Sync 1 DAGs
[2023-03-07T13:45:29.337+0000] {logging_mixin.py:137} INFO - [2023-03-07T13:45:29.324+0000] {dag.py:3441} INFO - Setting next_dagrun for example_task_group_decorator to 2023-03-06T13:45:29.323155+00:00, run_after=2023-03-07T13:45:29.323155+00:00
[2023-03-07T13:45:29.504+0000] {processor.py:175} INFO - Processing /home/airflow/.local/lib/python3.7/site-packages/airflow/example_dags/example_task_group_decorator.py took 1.693 seconds
[2023-03-07T13:46:01.534+0000] {processor.py:153} INFO - Started process (PID=276) to work on /home/airflow/.local/lib/python3.7/site-packages/airflow/example_dags/example_task_group_decorator.py
[2023-03-07T13:46:01.812+0000] {processor.py:743} INFO - Processing file /home/airflow/.local/lib/python3.7/site-packages/airflow/example_dags/example_task_group_decorator.py for tasks to queue
[2023-03-07T13:46:01.815+0000] {logging_mixin.py:137} INFO - [2023-03-07T13:46:01.815+0000] {dagbag.py:538} INFO - Filling up the DagBag from /home/airflow/.local/lib/python3.7/site-packages/airflow/example_dags/example_task_group_decorator.py
[2023-03-07T13:46:01.886+0000] {processor.py:753} INFO - DAG(s) dict_keys(['example_task_group_decorator']) retrieved from /home/airflow/.local/lib/python3.7/site-packages/airflow/example_dags/example_task_group_decorator.py
[2023-03-07T13:46:02.002+0000] {logging_mixin.py:137} INFO - [2023-03-07T13:46:02.002+0000] {dag.py:2690} INFO - Sync 1 DAGs
[2023-03-07T13:46:02.060+0000] {logging_mixin.py:137} INFO - [2023-03-07T13:46:02.060+0000] {dag.py:3441} INFO - Setting next_dagrun for example_task_group_decorator to 2023-03-06T13:46:02.059775+00:00, run_after=2023-03-07T13:46:02.059775+00:00
[2023-03-07T13:46:02.100+0000] {processor.py:175} INFO - Processing /home/airflow/.local/lib/python3.7/site-packages/airflow/example_dags/example_task_group_decorator.py took 0.575 seconds
[2023-03-07T13:46:43.889+0000] {processor.py:153} INFO - Started process (PID=339) to work on /home/airflow/.local/lib/python3.7/site-packages/airflow/example_dags/example_task_group_decorator.py
[2023-03-07T13:46:43.977+0000] {processor.py:743} INFO - Processing file /home/airflow/.local/lib/python3.7/site-packages/airflow/example_dags/example_task_group_decorator.py for tasks to queue
[2023-03-07T13:46:44.030+0000] {logging_mixin.py:137} INFO - [2023-03-07T13:46:44.030+0000] {dagbag.py:538} INFO - Filling up the DagBag from /home/airflow/.local/lib/python3.7/site-packages/airflow/example_dags/example_task_group_decorator.py
[2023-03-07T13:46:44.698+0000] {processor.py:753} INFO - DAG(s) dict_keys(['example_task_group_decorator']) retrieved from /home/airflow/.local/lib/python3.7/site-packages/airflow/example_dags/example_task_group_decorator.py
[2023-03-07T13:46:44.907+0000] {logging_mixin.py:137} INFO - [2023-03-07T13:46:44.906+0000] {dag.py:2690} INFO - Sync 1 DAGs
[2023-03-07T13:46:45.281+0000] {logging_mixin.py:137} INFO - [2023-03-07T13:46:45.280+0000] {dag.py:3441} INFO - Setting next_dagrun for example_task_group_decorator to 2023-03-06T13:46:45.275332+00:00, run_after=2023-03-07T13:46:45.275332+00:00
[2023-03-07T13:46:45.669+0000] {processor.py:175} INFO - Processing /home/airflow/.local/lib/python3.7/site-packages/airflow/example_dags/example_task_group_decorator.py took 1.809 seconds
[2023-03-07T13:47:56.846+0000] {processor.py:153} INFO - Started process (PID=424) to work on /home/airflow/.local/lib/python3.7/site-packages/airflow/example_dags/example_task_group_decorator.py
[2023-03-07T13:47:57.048+0000] {processor.py:743} INFO - Processing file /home/airflow/.local/lib/python3.7/site-packages/airflow/example_dags/example_task_group_decorator.py for tasks to queue
[2023-03-07T13:47:57.073+0000] {logging_mixin.py:137} INFO - [2023-03-07T13:47:57.071+0000] {dagbag.py:538} INFO - Filling up the DagBag from /home/airflow/.local/lib/python3.7/site-packages/airflow/example_dags/example_task_group_decorator.py
[2023-03-07T13:47:58.057+0000] {processor.py:753} INFO - DAG(s) dict_keys(['example_task_group_decorator']) retrieved from /home/airflow/.local/lib/python3.7/site-packages/airflow/example_dags/example_task_group_decorator.py
[2023-03-07T13:47:59.349+0000] {logging_mixin.py:137} INFO - [2023-03-07T13:47:59.321+0000] {dag.py:2690} INFO - Sync 1 DAGs
[2023-03-07T13:47:59.684+0000] {logging_mixin.py:137} INFO - [2023-03-07T13:47:59.683+0000] {dag.py:3441} INFO - Setting next_dagrun for example_task_group_decorator to 2023-03-06T13:47:59.682104+00:00, run_after=2023-03-07T13:47:59.682104+00:00
[2023-03-07T13:47:59.875+0000] {processor.py:175} INFO - Processing /home/airflow/.local/lib/python3.7/site-packages/airflow/example_dags/example_task_group_decorator.py took 3.281 seconds
[2023-03-07T13:48:37.423+0000] {processor.py:153} INFO - Started process (PID=491) to work on /home/airflow/.local/lib/python3.7/site-packages/airflow/example_dags/example_task_group_decorator.py
[2023-03-07T13:48:37.427+0000] {processor.py:743} INFO - Processing file /home/airflow/.local/lib/python3.7/site-packages/airflow/example_dags/example_task_group_decorator.py for tasks to queue
[2023-03-07T13:48:37.428+0000] {logging_mixin.py:137} INFO - [2023-03-07T13:48:37.428+0000] {dagbag.py:538} INFO - Filling up the DagBag from /home/airflow/.local/lib/python3.7/site-packages/airflow/example_dags/example_task_group_decorator.py
[2023-03-07T13:48:37.464+0000] {processor.py:753} INFO - DAG(s) dict_keys(['example_task_group_decorator']) retrieved from /home/airflow/.local/lib/python3.7/site-packages/airflow/example_dags/example_task_group_decorator.py
[2023-03-07T13:48:37.503+0000] {logging_mixin.py:137} INFO - [2023-03-07T13:48:37.503+0000] {dag.py:2690} INFO - Sync 1 DAGs
[2023-03-07T13:48:37.532+0000] {logging_mixin.py:137} INFO - [2023-03-07T13:48:37.532+0000] {dag.py:3441} INFO - Setting next_dagrun for example_task_group_decorator to 2023-03-06T13:48:37.532318+00:00, run_after=2023-03-07T13:48:37.532318+00:00
[2023-03-07T13:48:37.568+0000] {processor.py:175} INFO - Processing /home/airflow/.local/lib/python3.7/site-packages/airflow/example_dags/example_task_group_decorator.py took 0.150 seconds
[2023-03-07T13:49:08.856+0000] {processor.py:153} INFO - Started process (PID=558) to work on /home/airflow/.local/lib/python3.7/site-packages/airflow/example_dags/example_task_group_decorator.py
[2023-03-07T13:49:08.859+0000] {processor.py:743} INFO - Processing file /home/airflow/.local/lib/python3.7/site-packages/airflow/example_dags/example_task_group_decorator.py for tasks to queue
[2023-03-07T13:49:08.862+0000] {logging_mixin.py:137} INFO - [2023-03-07T13:49:08.862+0000] {dagbag.py:538} INFO - Filling up the DagBag from /home/airflow/.local/lib/python3.7/site-packages/airflow/example_dags/example_task_group_decorator.py
[2023-03-07T13:49:08.895+0000] {processor.py:753} INFO - DAG(s) dict_keys(['example_task_group_decorator']) retrieved from /home/airflow/.local/lib/python3.7/site-packages/airflow/example_dags/example_task_group_decorator.py
[2023-03-07T13:49:08.926+0000] {logging_mixin.py:137} INFO - [2023-03-07T13:49:08.926+0000] {dag.py:2690} INFO - Sync 1 DAGs
[2023-03-07T13:49:08.948+0000] {logging_mixin.py:137} INFO - [2023-03-07T13:49:08.948+0000] {dag.py:3441} INFO - Setting next_dagrun for example_task_group_decorator to 2023-03-06T13:49:08.948016+00:00, run_after=2023-03-07T13:49:08.948016+00:00
[2023-03-07T13:49:08.971+0000] {processor.py:175} INFO - Processing /home/airflow/.local/lib/python3.7/site-packages/airflow/example_dags/example_task_group_decorator.py took 0.118 seconds
[2023-03-07T13:49:39.240+0000] {processor.py:153} INFO - Started process (PID=633) to work on /home/airflow/.local/lib/python3.7/site-packages/airflow/example_dags/example_task_group_decorator.py
[2023-03-07T13:49:39.242+0000] {processor.py:743} INFO - Processing file /home/airflow/.local/lib/python3.7/site-packages/airflow/example_dags/example_task_group_decorator.py for tasks to queue
[2023-03-07T13:49:39.243+0000] {logging_mixin.py:137} INFO - [2023-03-07T13:49:39.243+0000] {dagbag.py:538} INFO - Filling up the DagBag from /home/airflow/.local/lib/python3.7/site-packages/airflow/example_dags/example_task_group_decorator.py
[2023-03-07T13:49:39.262+0000] {processor.py:753} INFO - DAG(s) dict_keys(['example_task_group_decorator']) retrieved from /home/airflow/.local/lib/python3.7/site-packages/airflow/example_dags/example_task_group_decorator.py
[2023-03-07T13:49:39.283+0000] {logging_mixin.py:137} INFO - [2023-03-07T13:49:39.282+0000] {dag.py:2690} INFO - Sync 1 DAGs
[2023-03-07T13:49:39.302+0000] {logging_mixin.py:137} INFO - [2023-03-07T13:49:39.302+0000] {dag.py:3441} INFO - Setting next_dagrun for example_task_group_decorator to 2023-03-06T13:49:39.302485+00:00, run_after=2023-03-07T13:49:39.302485+00:00
[2023-03-07T13:49:39.314+0000] {processor.py:175} INFO - Processing /home/airflow/.local/lib/python3.7/site-packages/airflow/example_dags/example_task_group_decorator.py took 0.077 seconds
[2023-03-07T13:50:10.154+0000] {processor.py:153} INFO - Started process (PID=704) to work on /home/airflow/.local/lib/python3.7/site-packages/airflow/example_dags/example_task_group_decorator.py
[2023-03-07T13:50:10.157+0000] {processor.py:743} INFO - Processing file /home/airflow/.local/lib/python3.7/site-packages/airflow/example_dags/example_task_group_decorator.py for tasks to queue
[2023-03-07T13:50:10.159+0000] {logging_mixin.py:137} INFO - [2023-03-07T13:50:10.159+0000] {dagbag.py:538} INFO - Filling up the DagBag from /home/airflow/.local/lib/python3.7/site-packages/airflow/example_dags/example_task_group_decorator.py
[2023-03-07T13:50:10.184+0000] {processor.py:753} INFO - DAG(s) dict_keys(['example_task_group_decorator']) retrieved from /home/airflow/.local/lib/python3.7/site-packages/airflow/example_dags/example_task_group_decorator.py
[2023-03-07T13:50:10.222+0000] {logging_mixin.py:137} INFO - [2023-03-07T13:50:10.221+0000] {dag.py:2690} INFO - Sync 1 DAGs
[2023-03-07T13:50:10.278+0000] {logging_mixin.py:137} INFO - [2023-03-07T13:50:10.278+0000] {dag.py:3441} INFO - Setting next_dagrun for example_task_group_decorator to 2023-03-06T13:50:10.278456+00:00, run_after=2023-03-07T13:50:10.278456+00:00
[2023-03-07T13:50:10.300+0000] {processor.py:175} INFO - Processing /home/airflow/.local/lib/python3.7/site-packages/airflow/example_dags/example_task_group_decorator.py took 0.151 seconds
[2023-03-07T13:50:40.704+0000] {processor.py:153} INFO - Started process (PID=770) to work on /home/airflow/.local/lib/python3.7/site-packages/airflow/example_dags/example_task_group_decorator.py
[2023-03-07T13:50:40.707+0000] {processor.py:743} INFO - Processing file /home/airflow/.local/lib/python3.7/site-packages/airflow/example_dags/example_task_group_decorator.py for tasks to queue
[2023-03-07T13:50:40.708+0000] {logging_mixin.py:137} INFO - [2023-03-07T13:50:40.708+0000] {dagbag.py:538} INFO - Filling up the DagBag from /home/airflow/.local/lib/python3.7/site-packages/airflow/example_dags/example_task_group_decorator.py
[2023-03-07T13:50:40.730+0000] {processor.py:753} INFO - DAG(s) dict_keys(['example_task_group_decorator']) retrieved from /home/airflow/.local/lib/python3.7/site-packages/airflow/example_dags/example_task_group_decorator.py
[2023-03-07T13:50:40.751+0000] {logging_mixin.py:137} INFO - [2023-03-07T13:50:40.751+0000] {dag.py:2690} INFO - Sync 1 DAGs
[2023-03-07T13:50:40.767+0000] {logging_mixin.py:137} INFO - [2023-03-07T13:50:40.767+0000] {dag.py:3441} INFO - Setting next_dagrun for example_task_group_decorator to 2023-03-06T13:50:40.767539+00:00, run_after=2023-03-07T13:50:40.767539+00:00
[2023-03-07T13:50:40.778+0000] {processor.py:175} INFO - Processing /home/airflow/.local/lib/python3.7/site-packages/airflow/example_dags/example_task_group_decorator.py took 0.079 seconds
[2023-03-07T13:51:11.734+0000] {processor.py:153} INFO - Started process (PID=842) to work on /home/airflow/.local/lib/python3.7/site-packages/airflow/example_dags/example_task_group_decorator.py
[2023-03-07T13:51:11.741+0000] {processor.py:743} INFO - Processing file /home/airflow/.local/lib/python3.7/site-packages/airflow/example_dags/example_task_group_decorator.py for tasks to queue
[2023-03-07T13:51:11.744+0000] {logging_mixin.py:137} INFO - [2023-03-07T13:51:11.744+0000] {dagbag.py:538} INFO - Filling up the DagBag from /home/airflow/.local/lib/python3.7/site-packages/airflow/example_dags/example_task_group_decorator.py
[2023-03-07T13:51:11.783+0000] {processor.py:753} INFO - DAG(s) dict_keys(['example_task_group_decorator']) retrieved from /home/airflow/.local/lib/python3.7/site-packages/airflow/example_dags/example_task_group_decorator.py
[2023-03-07T13:51:11.814+0000] {logging_mixin.py:137} INFO - [2023-03-07T13:51:11.813+0000] {dag.py:2690} INFO - Sync 1 DAGs
[2023-03-07T13:51:11.860+0000] {logging_mixin.py:137} INFO - [2023-03-07T13:51:11.860+0000] {dag.py:3441} INFO - Setting next_dagrun for example_task_group_decorator to 2023-03-06T13:51:11.859869+00:00, run_after=2023-03-07T13:51:11.859869+00:00
[2023-03-07T13:51:11.892+0000] {processor.py:175} INFO - Processing /home/airflow/.local/lib/python3.7/site-packages/airflow/example_dags/example_task_group_decorator.py took 0.169 seconds
[2023-03-07T13:51:42.355+0000] {processor.py:153} INFO - Started process (PID=909) to work on /home/airflow/.local/lib/python3.7/site-packages/airflow/example_dags/example_task_group_decorator.py
[2023-03-07T13:51:42.357+0000] {processor.py:743} INFO - Processing file /home/airflow/.local/lib/python3.7/site-packages/airflow/example_dags/example_task_group_decorator.py for tasks to queue
[2023-03-07T13:51:42.358+0000] {logging_mixin.py:137} INFO - [2023-03-07T13:51:42.357+0000] {dagbag.py:538} INFO - Filling up the DagBag from /home/airflow/.local/lib/python3.7/site-packages/airflow/example_dags/example_task_group_decorator.py
[2023-03-07T13:51:42.376+0000] {processor.py:753} INFO - DAG(s) dict_keys(['example_task_group_decorator']) retrieved from /home/airflow/.local/lib/python3.7/site-packages/airflow/example_dags/example_task_group_decorator.py
[2023-03-07T13:51:42.396+0000] {logging_mixin.py:137} INFO - [2023-03-07T13:51:42.396+0000] {dag.py:2690} INFO - Sync 1 DAGs
[2023-03-07T13:51:42.412+0000] {logging_mixin.py:137} INFO - [2023-03-07T13:51:42.412+0000] {dag.py:3441} INFO - Setting next_dagrun for example_task_group_decorator to 2023-03-06T13:51:42.412706+00:00, run_after=2023-03-07T13:51:42.412706+00:00
[2023-03-07T13:51:42.423+0000] {processor.py:175} INFO - Processing /home/airflow/.local/lib/python3.7/site-packages/airflow/example_dags/example_task_group_decorator.py took 0.071 seconds
[2023-03-07T13:52:12.862+0000] {processor.py:153} INFO - Started process (PID=981) to work on /home/airflow/.local/lib/python3.7/site-packages/airflow/example_dags/example_task_group_decorator.py
[2023-03-07T13:52:12.863+0000] {processor.py:743} INFO - Processing file /home/airflow/.local/lib/python3.7/site-packages/airflow/example_dags/example_task_group_decorator.py for tasks to queue
[2023-03-07T13:52:12.864+0000] {logging_mixin.py:137} INFO - [2023-03-07T13:52:12.864+0000] {dagbag.py:538} INFO - Filling up the DagBag from /home/airflow/.local/lib/python3.7/site-packages/airflow/example_dags/example_task_group_decorator.py
[2023-03-07T13:52:12.890+0000] {processor.py:753} INFO - DAG(s) dict_keys(['example_task_group_decorator']) retrieved from /home/airflow/.local/lib/python3.7/site-packages/airflow/example_dags/example_task_group_decorator.py
[2023-03-07T13:52:12.968+0000] {logging_mixin.py:137} INFO - [2023-03-07T13:52:12.968+0000] {dag.py:2690} INFO - Sync 1 DAGs
[2023-03-07T13:52:13.002+0000] {logging_mixin.py:137} INFO - [2023-03-07T13:52:13.002+0000] {dag.py:3441} INFO - Setting next_dagrun for example_task_group_decorator to 2023-03-06T13:52:13.001674+00:00, run_after=2023-03-07T13:52:13.001674+00:00
[2023-03-07T13:52:13.024+0000] {processor.py:175} INFO - Processing /home/airflow/.local/lib/python3.7/site-packages/airflow/example_dags/example_task_group_decorator.py took 0.166 seconds
[2023-03-07T13:52:43.655+0000] {processor.py:153} INFO - Started process (PID=1047) to work on /home/airflow/.local/lib/python3.7/site-packages/airflow/example_dags/example_task_group_decorator.py
[2023-03-07T13:52:43.658+0000] {processor.py:743} INFO - Processing file /home/airflow/.local/lib/python3.7/site-packages/airflow/example_dags/example_task_group_decorator.py for tasks to queue
[2023-03-07T13:52:43.659+0000] {logging_mixin.py:137} INFO - [2023-03-07T13:52:43.659+0000] {dagbag.py:538} INFO - Filling up the DagBag from /home/airflow/.local/lib/python3.7/site-packages/airflow/example_dags/example_task_group_decorator.py
[2023-03-07T13:52:43.710+0000] {processor.py:753} INFO - DAG(s) dict_keys(['example_task_group_decorator']) retrieved from /home/airflow/.local/lib/python3.7/site-packages/airflow/example_dags/example_task_group_decorator.py
[2023-03-07T13:52:43.750+0000] {logging_mixin.py:137} INFO - [2023-03-07T13:52:43.750+0000] {dag.py:2690} INFO - Sync 1 DAGs
[2023-03-07T13:52:43.786+0000] {logging_mixin.py:137} INFO - [2023-03-07T13:52:43.786+0000] {dag.py:3441} INFO - Setting next_dagrun for example_task_group_decorator to 2023-03-06T13:52:43.786176+00:00, run_after=2023-03-07T13:52:43.786176+00:00
[2023-03-07T13:52:43.802+0000] {processor.py:175} INFO - Processing /home/airflow/.local/lib/python3.7/site-packages/airflow/example_dags/example_task_group_decorator.py took 0.152 seconds
[2023-03-07T13:53:14.371+0000] {processor.py:153} INFO - Started process (PID=1121) to work on /home/airflow/.local/lib/python3.7/site-packages/airflow/example_dags/example_task_group_decorator.py
[2023-03-07T13:53:14.382+0000] {processor.py:743} INFO - Processing file /home/airflow/.local/lib/python3.7/site-packages/airflow/example_dags/example_task_group_decorator.py for tasks to queue
[2023-03-07T13:53:14.387+0000] {logging_mixin.py:137} INFO - [2023-03-07T13:53:14.387+0000] {dagbag.py:538} INFO - Filling up the DagBag from /home/airflow/.local/lib/python3.7/site-packages/airflow/example_dags/example_task_group_decorator.py
[2023-03-07T13:53:14.449+0000] {processor.py:753} INFO - DAG(s) dict_keys(['example_task_group_decorator']) retrieved from /home/airflow/.local/lib/python3.7/site-packages/airflow/example_dags/example_task_group_decorator.py
[2023-03-07T13:53:14.500+0000] {logging_mixin.py:137} INFO - [2023-03-07T13:53:14.499+0000] {dag.py:2690} INFO - Sync 1 DAGs
[2023-03-07T13:53:14.534+0000] {logging_mixin.py:137} INFO - [2023-03-07T13:53:14.533+0000] {dag.py:3441} INFO - Setting next_dagrun for example_task_group_decorator to 2023-03-06T13:53:14.533585+00:00, run_after=2023-03-07T13:53:14.533585+00:00
[2023-03-07T13:53:14.553+0000] {processor.py:175} INFO - Processing /home/airflow/.local/lib/python3.7/site-packages/airflow/example_dags/example_task_group_decorator.py took 0.189 seconds
