[2023-03-07T13:43:42.846+0000] {processor.py:153} INFO - Started process (PID=61) to work on /home/airflow/.local/lib/python3.7/site-packages/airflow/example_dags/example_python_operator.py
[2023-03-07T13:43:42.849+0000] {processor.py:743} INFO - Processing file /home/airflow/.local/lib/python3.7/site-packages/airflow/example_dags/example_python_operator.py for tasks to queue
[2023-03-07T13:43:42.850+0000] {logging_mixin.py:137} INFO - [2023-03-07T13:43:42.850+0000] {dagbag.py:538} INFO - Filling up the DagBag from /home/airflow/.local/lib/python3.7/site-packages/airflow/example_dags/example_python_operator.py
[2023-03-07T13:43:42.905+0000] {logging_mixin.py:137} INFO - [2023-03-07T13:43:42.905+0000] {taskmixin.py:205} WARNING - Dependency <Task(_PythonDecoratedOperator): print_the_context>, log_sql_query already registered for DAG: example_python_operator
[2023-03-07T13:43:42.908+0000] {logging_mixin.py:137} INFO - [2023-03-07T13:43:42.908+0000] {taskmixin.py:205} WARNING - Dependency <Task(_PythonDecoratedOperator): log_sql_query>, print_the_context already registered for DAG: example_python_operator
[2023-03-07T13:43:42.910+0000] {logging_mixin.py:137} INFO - [2023-03-07T13:43:42.910+0000] {taskmixin.py:205} WARNING - Dependency <Task(_PythonDecoratedOperator): print_the_context>, log_sql_query already registered for DAG: example_python_operator
[2023-03-07T13:43:42.912+0000] {logging_mixin.py:137} INFO - [2023-03-07T13:43:42.912+0000] {taskmixin.py:205} WARNING - Dependency <Task(_PythonDecoratedOperator): log_sql_query>, print_the_context already registered for DAG: example_python_operator
[2023-03-07T13:43:42.914+0000] {logging_mixin.py:137} INFO - [2023-03-07T13:43:42.914+0000] {taskmixin.py:205} WARNING - Dependency <Task(_PythonDecoratedOperator): print_the_context>, log_sql_query already registered for DAG: example_python_operator
[2023-03-07T13:43:42.915+0000] {logging_mixin.py:137} INFO - [2023-03-07T13:43:42.914+0000] {taskmixin.py:205} WARNING - Dependency <Task(_PythonDecoratedOperator): log_sql_query>, print_the_context already registered for DAG: example_python_operator
[2023-03-07T13:43:42.918+0000] {logging_mixin.py:137} INFO - [2023-03-07T13:43:42.918+0000] {taskmixin.py:205} WARNING - Dependency <Task(_PythonDecoratedOperator): print_the_context>, log_sql_query already registered for DAG: example_python_operator
[2023-03-07T13:43:42.919+0000] {logging_mixin.py:137} INFO - [2023-03-07T13:43:42.919+0000] {taskmixin.py:205} WARNING - Dependency <Task(_PythonDecoratedOperator): log_sql_query>, print_the_context already registered for DAG: example_python_operator
[2023-03-07T13:43:42.939+0000] {processor.py:753} INFO - DAG(s) dict_keys(['example_python_operator']) retrieved from /home/airflow/.local/lib/python3.7/site-packages/airflow/example_dags/example_python_operator.py
[2023-03-07T13:43:43.564+0000] {logging_mixin.py:137} INFO - [2023-03-07T13:43:43.564+0000] {dag.py:2690} INFO - Sync 1 DAGs
[2023-03-07T13:43:43.710+0000] {logging_mixin.py:137} INFO - [2023-03-07T13:43:43.710+0000] {dag.py:3441} INFO - Setting next_dagrun for example_python_operator to None, run_after=None
[2023-03-07T13:43:44.057+0000] {processor.py:175} INFO - Processing /home/airflow/.local/lib/python3.7/site-packages/airflow/example_dags/example_python_operator.py took 1.219 seconds
[2023-03-07T13:44:14.853+0000] {processor.py:153} INFO - Started process (PID=123) to work on /home/airflow/.local/lib/python3.7/site-packages/airflow/example_dags/example_python_operator.py
[2023-03-07T13:44:14.880+0000] {processor.py:743} INFO - Processing file /home/airflow/.local/lib/python3.7/site-packages/airflow/example_dags/example_python_operator.py for tasks to queue
[2023-03-07T13:44:14.887+0000] {logging_mixin.py:137} INFO - [2023-03-07T13:44:14.886+0000] {dagbag.py:538} INFO - Filling up the DagBag from /home/airflow/.local/lib/python3.7/site-packages/airflow/example_dags/example_python_operator.py
[2023-03-07T13:44:14.982+0000] {logging_mixin.py:137} INFO - [2023-03-07T13:44:14.980+0000] {taskmixin.py:205} WARNING - Dependency <Task(_PythonDecoratedOperator): print_the_context>, log_sql_query already registered for DAG: example_python_operator
[2023-03-07T13:44:14.988+0000] {logging_mixin.py:137} INFO - [2023-03-07T13:44:14.987+0000] {taskmixin.py:205} WARNING - Dependency <Task(_PythonDecoratedOperator): log_sql_query>, print_the_context already registered for DAG: example_python_operator
[2023-03-07T13:44:14.994+0000] {logging_mixin.py:137} INFO - [2023-03-07T13:44:14.994+0000] {taskmixin.py:205} WARNING - Dependency <Task(_PythonDecoratedOperator): print_the_context>, log_sql_query already registered for DAG: example_python_operator
[2023-03-07T13:44:14.997+0000] {logging_mixin.py:137} INFO - [2023-03-07T13:44:14.996+0000] {taskmixin.py:205} WARNING - Dependency <Task(_PythonDecoratedOperator): log_sql_query>, print_the_context already registered for DAG: example_python_operator
[2023-03-07T13:44:15.004+0000] {logging_mixin.py:137} INFO - [2023-03-07T13:44:15.003+0000] {taskmixin.py:205} WARNING - Dependency <Task(_PythonDecoratedOperator): print_the_context>, log_sql_query already registered for DAG: example_python_operator
[2023-03-07T13:44:15.007+0000] {logging_mixin.py:137} INFO - [2023-03-07T13:44:15.005+0000] {taskmixin.py:205} WARNING - Dependency <Task(_PythonDecoratedOperator): log_sql_query>, print_the_context already registered for DAG: example_python_operator
[2023-03-07T13:44:15.026+0000] {logging_mixin.py:137} INFO - [2023-03-07T13:44:15.025+0000] {taskmixin.py:205} WARNING - Dependency <Task(_PythonDecoratedOperator): print_the_context>, log_sql_query already registered for DAG: example_python_operator
[2023-03-07T13:44:15.033+0000] {logging_mixin.py:137} INFO - [2023-03-07T13:44:15.033+0000] {taskmixin.py:205} WARNING - Dependency <Task(_PythonDecoratedOperator): log_sql_query>, print_the_context already registered for DAG: example_python_operator
[2023-03-07T13:44:15.069+0000] {processor.py:753} INFO - DAG(s) dict_keys(['example_python_operator']) retrieved from /home/airflow/.local/lib/python3.7/site-packages/airflow/example_dags/example_python_operator.py
[2023-03-07T13:44:15.145+0000] {logging_mixin.py:137} INFO - [2023-03-07T13:44:15.145+0000] {dag.py:2690} INFO - Sync 1 DAGs
[2023-03-07T13:44:15.208+0000] {logging_mixin.py:137} INFO - [2023-03-07T13:44:15.208+0000] {dag.py:3441} INFO - Setting next_dagrun for example_python_operator to None, run_after=None
[2023-03-07T13:44:15.237+0000] {processor.py:175} INFO - Processing /home/airflow/.local/lib/python3.7/site-packages/airflow/example_dags/example_python_operator.py took 0.409 seconds
[2023-03-07T13:45:07.863+0000] {processor.py:153} INFO - Started process (PID=189) to work on /home/airflow/.local/lib/python3.7/site-packages/airflow/example_dags/example_python_operator.py
[2023-03-07T13:45:07.877+0000] {processor.py:743} INFO - Processing file /home/airflow/.local/lib/python3.7/site-packages/airflow/example_dags/example_python_operator.py for tasks to queue
[2023-03-07T13:45:07.891+0000] {logging_mixin.py:137} INFO - [2023-03-07T13:45:07.889+0000] {dagbag.py:538} INFO - Filling up the DagBag from /home/airflow/.local/lib/python3.7/site-packages/airflow/example_dags/example_python_operator.py
[2023-03-07T13:45:08.751+0000] {logging_mixin.py:137} INFO - [2023-03-07T13:45:08.746+0000] {taskmixin.py:205} WARNING - Dependency <Task(_PythonDecoratedOperator): print_the_context>, log_sql_query already registered for DAG: example_python_operator
[2023-03-07T13:45:08.770+0000] {logging_mixin.py:137} INFO - [2023-03-07T13:45:08.767+0000] {taskmixin.py:205} WARNING - Dependency <Task(_PythonDecoratedOperator): log_sql_query>, print_the_context already registered for DAG: example_python_operator
[2023-03-07T13:45:08.803+0000] {logging_mixin.py:137} INFO - [2023-03-07T13:45:08.802+0000] {taskmixin.py:205} WARNING - Dependency <Task(_PythonDecoratedOperator): print_the_context>, log_sql_query already registered for DAG: example_python_operator
[2023-03-07T13:45:08.831+0000] {logging_mixin.py:137} INFO - [2023-03-07T13:45:08.830+0000] {taskmixin.py:205} WARNING - Dependency <Task(_PythonDecoratedOperator): log_sql_query>, print_the_context already registered for DAG: example_python_operator
[2023-03-07T13:45:08.852+0000] {logging_mixin.py:137} INFO - [2023-03-07T13:45:08.852+0000] {taskmixin.py:205} WARNING - Dependency <Task(_PythonDecoratedOperator): print_the_context>, log_sql_query already registered for DAG: example_python_operator
[2023-03-07T13:45:08.875+0000] {logging_mixin.py:137} INFO - [2023-03-07T13:45:08.874+0000] {taskmixin.py:205} WARNING - Dependency <Task(_PythonDecoratedOperator): log_sql_query>, print_the_context already registered for DAG: example_python_operator
[2023-03-07T13:45:08.886+0000] {logging_mixin.py:137} INFO - [2023-03-07T13:45:08.886+0000] {taskmixin.py:205} WARNING - Dependency <Task(_PythonDecoratedOperator): print_the_context>, log_sql_query already registered for DAG: example_python_operator
[2023-03-07T13:45:08.902+0000] {logging_mixin.py:137} INFO - [2023-03-07T13:45:08.902+0000] {taskmixin.py:205} WARNING - Dependency <Task(_PythonDecoratedOperator): log_sql_query>, print_the_context already registered for DAG: example_python_operator
[2023-03-07T13:45:09.037+0000] {processor.py:753} INFO - DAG(s) dict_keys(['example_python_operator']) retrieved from /home/airflow/.local/lib/python3.7/site-packages/airflow/example_dags/example_python_operator.py
[2023-03-07T13:45:11.129+0000] {logging_mixin.py:137} INFO - [2023-03-07T13:45:11.044+0000] {dag.py:2690} INFO - Sync 1 DAGs
[2023-03-07T13:45:12.006+0000] {logging_mixin.py:137} INFO - [2023-03-07T13:45:12.005+0000] {dag.py:3441} INFO - Setting next_dagrun for example_python_operator to None, run_after=None
[2023-03-07T13:45:13.001+0000] {processor.py:175} INFO - Processing /home/airflow/.local/lib/python3.7/site-packages/airflow/example_dags/example_python_operator.py took 5.343 seconds
[2023-03-07T13:45:50.671+0000] {processor.py:153} INFO - Started process (PID=259) to work on /home/airflow/.local/lib/python3.7/site-packages/airflow/example_dags/example_python_operator.py
[2023-03-07T13:45:50.716+0000] {processor.py:743} INFO - Processing file /home/airflow/.local/lib/python3.7/site-packages/airflow/example_dags/example_python_operator.py for tasks to queue
[2023-03-07T13:45:50.724+0000] {logging_mixin.py:137} INFO - [2023-03-07T13:45:50.723+0000] {dagbag.py:538} INFO - Filling up the DagBag from /home/airflow/.local/lib/python3.7/site-packages/airflow/example_dags/example_python_operator.py
[2023-03-07T13:45:51.011+0000] {logging_mixin.py:137} INFO - [2023-03-07T13:45:51.010+0000] {taskmixin.py:205} WARNING - Dependency <Task(_PythonDecoratedOperator): print_the_context>, log_sql_query already registered for DAG: example_python_operator
[2023-03-07T13:45:51.015+0000] {logging_mixin.py:137} INFO - [2023-03-07T13:45:51.015+0000] {taskmixin.py:205} WARNING - Dependency <Task(_PythonDecoratedOperator): log_sql_query>, print_the_context already registered for DAG: example_python_operator
[2023-03-07T13:45:51.028+0000] {logging_mixin.py:137} INFO - [2023-03-07T13:45:51.026+0000] {taskmixin.py:205} WARNING - Dependency <Task(_PythonDecoratedOperator): print_the_context>, log_sql_query already registered for DAG: example_python_operator
[2023-03-07T13:45:51.048+0000] {logging_mixin.py:137} INFO - [2023-03-07T13:45:51.043+0000] {taskmixin.py:205} WARNING - Dependency <Task(_PythonDecoratedOperator): log_sql_query>, print_the_context already registered for DAG: example_python_operator
[2023-03-07T13:45:51.063+0000] {logging_mixin.py:137} INFO - [2023-03-07T13:45:51.062+0000] {taskmixin.py:205} WARNING - Dependency <Task(_PythonDecoratedOperator): print_the_context>, log_sql_query already registered for DAG: example_python_operator
[2023-03-07T13:45:51.071+0000] {logging_mixin.py:137} INFO - [2023-03-07T13:45:51.071+0000] {taskmixin.py:205} WARNING - Dependency <Task(_PythonDecoratedOperator): log_sql_query>, print_the_context already registered for DAG: example_python_operator
[2023-03-07T13:45:51.075+0000] {logging_mixin.py:137} INFO - [2023-03-07T13:45:51.074+0000] {taskmixin.py:205} WARNING - Dependency <Task(_PythonDecoratedOperator): print_the_context>, log_sql_query already registered for DAG: example_python_operator
[2023-03-07T13:45:51.086+0000] {logging_mixin.py:137} INFO - [2023-03-07T13:45:51.086+0000] {taskmixin.py:205} WARNING - Dependency <Task(_PythonDecoratedOperator): log_sql_query>, print_the_context already registered for DAG: example_python_operator
[2023-03-07T13:45:51.139+0000] {processor.py:753} INFO - DAG(s) dict_keys(['example_python_operator']) retrieved from /home/airflow/.local/lib/python3.7/site-packages/airflow/example_dags/example_python_operator.py
[2023-03-07T13:45:51.695+0000] {logging_mixin.py:137} INFO - [2023-03-07T13:45:51.695+0000] {dag.py:2690} INFO - Sync 1 DAGs
[2023-03-07T13:45:51.953+0000] {logging_mixin.py:137} INFO - [2023-03-07T13:45:51.953+0000] {dag.py:3441} INFO - Setting next_dagrun for example_python_operator to None, run_after=None
[2023-03-07T13:45:52.065+0000] {processor.py:175} INFO - Processing /home/airflow/.local/lib/python3.7/site-packages/airflow/example_dags/example_python_operator.py took 1.448 seconds
