[2023-03-07T13:43:33.988+0000] {processor.py:153} INFO - Started process (PID=46) to work on /home/airflow/.local/lib/python3.7/site-packages/airflow/example_dags/example_datasets.py
[2023-03-07T13:43:33.992+0000] {processor.py:743} INFO - Processing file /home/airflow/.local/lib/python3.7/site-packages/airflow/example_dags/example_datasets.py for tasks to queue
[2023-03-07T13:43:33.994+0000] {logging_mixin.py:137} INFO - [2023-03-07T13:43:33.994+0000] {dagbag.py:538} INFO - Filling up the DagBag from /home/airflow/.local/lib/python3.7/site-packages/airflow/example_dags/example_datasets.py
[2023-03-07T13:43:34.698+0000] {processor.py:753} INFO - DAG(s) dict_keys(['dataset_consumes_1_and_2', 'dataset_consumes_1_never_scheduled', 'dataset_consumes_1', 'dataset_consumes_unknown_never_scheduled', 'dataset_produces_2', 'dataset_produces_1']) retrieved from /home/airflow/.local/lib/python3.7/site-packages/airflow/example_dags/example_datasets.py
[2023-03-07T13:43:34.996+0000] {logging_mixin.py:137} INFO - [2023-03-07T13:43:34.995+0000] {dag.py:2690} INFO - Sync 6 DAGs
[2023-03-07T13:43:35.445+0000] {logging_mixin.py:137} INFO - [2023-03-07T13:43:35.445+0000] {dag.py:3441} INFO - Setting next_dagrun for dataset_consumes_1 to None, run_after=None
[2023-03-07T13:43:35.556+0000] {logging_mixin.py:137} INFO - [2023-03-07T13:43:35.548+0000] {dag.py:3441} INFO - Setting next_dagrun for dataset_consumes_1_and_2 to None, run_after=None
[2023-03-07T13:43:35.567+0000] {logging_mixin.py:137} INFO - [2023-03-07T13:43:35.566+0000] {dag.py:3441} INFO - Setting next_dagrun for dataset_consumes_1_never_scheduled to None, run_after=None
[2023-03-07T13:43:35.572+0000] {logging_mixin.py:137} INFO - [2023-03-07T13:43:35.571+0000] {dag.py:3441} INFO - Setting next_dagrun for dataset_consumes_unknown_never_scheduled to None, run_after=None
[2023-03-07T13:43:35.584+0000] {logging_mixin.py:137} INFO - [2023-03-07T13:43:35.584+0000] {dag.py:3441} INFO - Setting next_dagrun for dataset_produces_1 to 2023-03-06T00:00:00+00:00, run_after=2023-03-07T00:00:00+00:00
[2023-03-07T13:43:35.594+0000] {logging_mixin.py:137} INFO - [2023-03-07T13:43:35.594+0000] {dag.py:3441} INFO - Setting next_dagrun for dataset_produces_2 to None, run_after=None
[2023-03-07T13:43:35.851+0000] {processor.py:175} INFO - Processing /home/airflow/.local/lib/python3.7/site-packages/airflow/example_dags/example_datasets.py took 2.109 seconds
[2023-03-07T13:44:06.209+0000] {processor.py:153} INFO - Started process (PID=96) to work on /home/airflow/.local/lib/python3.7/site-packages/airflow/example_dags/example_datasets.py
[2023-03-07T13:44:06.212+0000] {processor.py:743} INFO - Processing file /home/airflow/.local/lib/python3.7/site-packages/airflow/example_dags/example_datasets.py for tasks to queue
[2023-03-07T13:44:06.213+0000] {logging_mixin.py:137} INFO - [2023-03-07T13:44:06.212+0000] {dagbag.py:538} INFO - Filling up the DagBag from /home/airflow/.local/lib/python3.7/site-packages/airflow/example_dags/example_datasets.py
[2023-03-07T13:44:06.229+0000] {processor.py:753} INFO - DAG(s) dict_keys(['dataset_consumes_1', 'dataset_consumes_1_never_scheduled', 'dataset_produces_1', 'dataset_consumes_1_and_2', 'dataset_consumes_unknown_never_scheduled', 'dataset_produces_2']) retrieved from /home/airflow/.local/lib/python3.7/site-packages/airflow/example_dags/example_datasets.py
[2023-03-07T13:44:06.291+0000] {logging_mixin.py:137} INFO - [2023-03-07T13:44:06.291+0000] {dag.py:2690} INFO - Sync 6 DAGs
[2023-03-07T13:44:06.313+0000] {logging_mixin.py:137} INFO - [2023-03-07T13:44:06.313+0000] {dag.py:3441} INFO - Setting next_dagrun for dataset_consumes_1 to None, run_after=None
[2023-03-07T13:44:06.318+0000] {logging_mixin.py:137} INFO - [2023-03-07T13:44:06.318+0000] {dag.py:3441} INFO - Setting next_dagrun for dataset_consumes_1_and_2 to None, run_after=None
[2023-03-07T13:44:06.320+0000] {logging_mixin.py:137} INFO - [2023-03-07T13:44:06.320+0000] {dag.py:3441} INFO - Setting next_dagrun for dataset_consumes_1_never_scheduled to None, run_after=None
[2023-03-07T13:44:06.321+0000] {logging_mixin.py:137} INFO - [2023-03-07T13:44:06.321+0000] {dag.py:3441} INFO - Setting next_dagrun for dataset_consumes_unknown_never_scheduled to None, run_after=None
[2023-03-07T13:44:06.324+0000] {logging_mixin.py:137} INFO - [2023-03-07T13:44:06.323+0000] {dag.py:3441} INFO - Setting next_dagrun for dataset_produces_1 to 2023-03-06T00:00:00+00:00, run_after=2023-03-07T00:00:00+00:00
[2023-03-07T13:44:06.325+0000] {logging_mixin.py:137} INFO - [2023-03-07T13:44:06.325+0000] {dag.py:3441} INFO - Setting next_dagrun for dataset_produces_2 to None, run_after=None
[2023-03-07T13:44:06.362+0000] {processor.py:175} INFO - Processing /home/airflow/.local/lib/python3.7/site-packages/airflow/example_dags/example_datasets.py took 0.156 seconds
[2023-03-07T13:44:37.318+0000] {processor.py:153} INFO - Started process (PID=159) to work on /home/airflow/.local/lib/python3.7/site-packages/airflow/example_dags/example_datasets.py
[2023-03-07T13:44:37.360+0000] {processor.py:743} INFO - Processing file /home/airflow/.local/lib/python3.7/site-packages/airflow/example_dags/example_datasets.py for tasks to queue
[2023-03-07T13:44:37.365+0000] {logging_mixin.py:137} INFO - [2023-03-07T13:44:37.365+0000] {dagbag.py:538} INFO - Filling up the DagBag from /home/airflow/.local/lib/python3.7/site-packages/airflow/example_dags/example_datasets.py
[2023-03-07T13:44:38.557+0000] {processor.py:753} INFO - DAG(s) dict_keys(['dataset_consumes_1_and_2', 'dataset_consumes_1', 'dataset_produces_1', 'dataset_consumes_1_never_scheduled', 'dataset_consumes_unknown_never_scheduled', 'dataset_produces_2']) retrieved from /home/airflow/.local/lib/python3.7/site-packages/airflow/example_dags/example_datasets.py
[2023-03-07T13:44:40.507+0000] {logging_mixin.py:137} INFO - [2023-03-07T13:44:40.506+0000] {dag.py:2690} INFO - Sync 6 DAGs
[2023-03-07T13:44:40.967+0000] {logging_mixin.py:137} INFO - [2023-03-07T13:44:40.966+0000] {dag.py:3441} INFO - Setting next_dagrun for dataset_consumes_1 to None, run_after=None
[2023-03-07T13:44:41.009+0000] {logging_mixin.py:137} INFO - [2023-03-07T13:44:41.009+0000] {dag.py:3441} INFO - Setting next_dagrun for dataset_consumes_1_and_2 to None, run_after=None
[2023-03-07T13:44:41.020+0000] {logging_mixin.py:137} INFO - [2023-03-07T13:44:41.020+0000] {dag.py:3441} INFO - Setting next_dagrun for dataset_consumes_1_never_scheduled to None, run_after=None
[2023-03-07T13:44:41.028+0000] {logging_mixin.py:137} INFO - [2023-03-07T13:44:41.028+0000] {dag.py:3441} INFO - Setting next_dagrun for dataset_consumes_unknown_never_scheduled to None, run_after=None
[2023-03-07T13:44:41.063+0000] {logging_mixin.py:137} INFO - [2023-03-07T13:44:41.063+0000] {dag.py:3441} INFO - Setting next_dagrun for dataset_produces_1 to 2023-03-06T00:00:00+00:00, run_after=2023-03-07T00:00:00+00:00
[2023-03-07T13:44:41.083+0000] {logging_mixin.py:137} INFO - [2023-03-07T13:44:41.083+0000] {dag.py:3441} INFO - Setting next_dagrun for dataset_produces_2 to None, run_after=None
[2023-03-07T13:44:41.771+0000] {processor.py:175} INFO - Processing /home/airflow/.local/lib/python3.7/site-packages/airflow/example_dags/example_datasets.py took 4.575 seconds
[2023-03-07T13:45:34.445+0000] {processor.py:153} INFO - Started process (PID=227) to work on /home/airflow/.local/lib/python3.7/site-packages/airflow/example_dags/example_datasets.py
[2023-03-07T13:45:35.768+0000] {processor.py:743} INFO - Processing file /home/airflow/.local/lib/python3.7/site-packages/airflow/example_dags/example_datasets.py for tasks to queue
[2023-03-07T13:45:36.043+0000] {logging_mixin.py:137} INFO - [2023-03-07T13:45:36.034+0000] {dagbag.py:538} INFO - Filling up the DagBag from /home/airflow/.local/lib/python3.7/site-packages/airflow/example_dags/example_datasets.py
[2023-03-07T13:45:37.331+0000] {processor.py:753} INFO - DAG(s) dict_keys(['dataset_produces_1', 'dataset_consumes_unknown_never_scheduled', 'dataset_consumes_1_never_scheduled', 'dataset_consumes_1', 'dataset_produces_2', 'dataset_consumes_1_and_2']) retrieved from /home/airflow/.local/lib/python3.7/site-packages/airflow/example_dags/example_datasets.py
[2023-03-07T13:45:37.951+0000] {logging_mixin.py:137} INFO - [2023-03-07T13:45:37.947+0000] {dag.py:2690} INFO - Sync 6 DAGs
[2023-03-07T13:45:38.375+0000] {logging_mixin.py:137} INFO - [2023-03-07T13:45:38.369+0000] {dag.py:3441} INFO - Setting next_dagrun for dataset_consumes_1 to None, run_after=None
[2023-03-07T13:45:38.411+0000] {logging_mixin.py:137} INFO - [2023-03-07T13:45:38.411+0000] {dag.py:3441} INFO - Setting next_dagrun for dataset_consumes_1_and_2 to None, run_after=None
[2023-03-07T13:45:38.435+0000] {logging_mixin.py:137} INFO - [2023-03-07T13:45:38.435+0000] {dag.py:3441} INFO - Setting next_dagrun for dataset_consumes_1_never_scheduled to None, run_after=None
[2023-03-07T13:45:38.442+0000] {logging_mixin.py:137} INFO - [2023-03-07T13:45:38.442+0000] {dag.py:3441} INFO - Setting next_dagrun for dataset_consumes_unknown_never_scheduled to None, run_after=None
[2023-03-07T13:45:38.453+0000] {logging_mixin.py:137} INFO - [2023-03-07T13:45:38.453+0000] {dag.py:3441} INFO - Setting next_dagrun for dataset_produces_1 to 2023-03-06T00:00:00+00:00, run_after=2023-03-07T00:00:00+00:00
[2023-03-07T13:45:38.461+0000] {logging_mixin.py:137} INFO - [2023-03-07T13:45:38.460+0000] {dag.py:3441} INFO - Setting next_dagrun for dataset_produces_2 to None, run_after=None
[2023-03-07T13:45:38.796+0000] {processor.py:175} INFO - Processing /home/airflow/.local/lib/python3.7/site-packages/airflow/example_dags/example_datasets.py took 4.906 seconds
[2023-03-07T13:46:09.886+0000] {processor.py:153} INFO - Started process (PID=290) to work on /home/airflow/.local/lib/python3.7/site-packages/airflow/example_dags/example_datasets.py
[2023-03-07T13:46:09.901+0000] {processor.py:743} INFO - Processing file /home/airflow/.local/lib/python3.7/site-packages/airflow/example_dags/example_datasets.py for tasks to queue
[2023-03-07T13:46:09.918+0000] {logging_mixin.py:137} INFO - [2023-03-07T13:46:09.915+0000] {dagbag.py:538} INFO - Filling up the DagBag from /home/airflow/.local/lib/python3.7/site-packages/airflow/example_dags/example_datasets.py
[2023-03-07T13:46:10.277+0000] {processor.py:753} INFO - DAG(s) dict_keys(['dataset_consumes_1', 'dataset_consumes_1_and_2', 'dataset_consumes_unknown_never_scheduled', 'dataset_consumes_1_never_scheduled', 'dataset_produces_1', 'dataset_produces_2']) retrieved from /home/airflow/.local/lib/python3.7/site-packages/airflow/example_dags/example_datasets.py
[2023-03-07T13:46:11.407+0000] {logging_mixin.py:137} INFO - [2023-03-07T13:46:11.405+0000] {dag.py:2690} INFO - Sync 6 DAGs
[2023-03-07T13:46:12.292+0000] {logging_mixin.py:137} INFO - [2023-03-07T13:46:12.291+0000] {dag.py:3441} INFO - Setting next_dagrun for dataset_consumes_1 to None, run_after=None
[2023-03-07T13:46:12.339+0000] {logging_mixin.py:137} INFO - [2023-03-07T13:46:12.338+0000] {dag.py:3441} INFO - Setting next_dagrun for dataset_consumes_1_and_2 to None, run_after=None
[2023-03-07T13:46:12.359+0000] {logging_mixin.py:137} INFO - [2023-03-07T13:46:12.359+0000] {dag.py:3441} INFO - Setting next_dagrun for dataset_consumes_1_never_scheduled to None, run_after=None
[2023-03-07T13:46:12.396+0000] {logging_mixin.py:137} INFO - [2023-03-07T13:46:12.396+0000] {dag.py:3441} INFO - Setting next_dagrun for dataset_consumes_unknown_never_scheduled to None, run_after=None
[2023-03-07T13:46:12.430+0000] {logging_mixin.py:137} INFO - [2023-03-07T13:46:12.430+0000] {dag.py:3441} INFO - Setting next_dagrun for dataset_produces_1 to 2023-03-06T00:00:00+00:00, run_after=2023-03-07T00:00:00+00:00
[2023-03-07T13:46:12.472+0000] {logging_mixin.py:137} INFO - [2023-03-07T13:46:12.471+0000] {dag.py:3441} INFO - Setting next_dagrun for dataset_produces_2 to None, run_after=None
[2023-03-07T13:46:13.032+0000] {processor.py:175} INFO - Processing /home/airflow/.local/lib/python3.7/site-packages/airflow/example_dags/example_datasets.py took 3.364 seconds
[2023-03-07T13:46:47.638+0000] {processor.py:153} INFO - Started process (PID=351) to work on /home/airflow/.local/lib/python3.7/site-packages/airflow/example_dags/example_datasets.py
[2023-03-07T13:46:47.670+0000] {processor.py:743} INFO - Processing file /home/airflow/.local/lib/python3.7/site-packages/airflow/example_dags/example_datasets.py for tasks to queue
[2023-03-07T13:46:47.680+0000] {logging_mixin.py:137} INFO - [2023-03-07T13:46:47.678+0000] {dagbag.py:538} INFO - Filling up the DagBag from /home/airflow/.local/lib/python3.7/site-packages/airflow/example_dags/example_datasets.py
[2023-03-07T13:46:47.775+0000] {processor.py:753} INFO - DAG(s) dict_keys(['dataset_consumes_1_and_2', 'dataset_consumes_1', 'dataset_produces_1', 'dataset_consumes_1_never_scheduled', 'dataset_produces_2', 'dataset_consumes_unknown_never_scheduled']) retrieved from /home/airflow/.local/lib/python3.7/site-packages/airflow/example_dags/example_datasets.py
[2023-03-07T13:46:48.752+0000] {logging_mixin.py:137} INFO - [2023-03-07T13:46:48.751+0000] {dag.py:2690} INFO - Sync 6 DAGs
[2023-03-07T13:46:49.332+0000] {logging_mixin.py:137} INFO - [2023-03-07T13:46:49.329+0000] {dag.py:3441} INFO - Setting next_dagrun for dataset_consumes_1 to None, run_after=None
[2023-03-07T13:46:49.403+0000] {logging_mixin.py:137} INFO - [2023-03-07T13:46:49.403+0000] {dag.py:3441} INFO - Setting next_dagrun for dataset_consumes_1_and_2 to None, run_after=None
[2023-03-07T13:46:49.409+0000] {logging_mixin.py:137} INFO - [2023-03-07T13:46:49.409+0000] {dag.py:3441} INFO - Setting next_dagrun for dataset_consumes_1_never_scheduled to None, run_after=None
[2023-03-07T13:46:49.412+0000] {logging_mixin.py:137} INFO - [2023-03-07T13:46:49.411+0000] {dag.py:3441} INFO - Setting next_dagrun for dataset_consumes_unknown_never_scheduled to None, run_after=None
[2023-03-07T13:46:49.451+0000] {logging_mixin.py:137} INFO - [2023-03-07T13:46:49.450+0000] {dag.py:3441} INFO - Setting next_dagrun for dataset_produces_1 to 2023-03-06T00:00:00+00:00, run_after=2023-03-07T00:00:00+00:00
[2023-03-07T13:46:49.465+0000] {logging_mixin.py:137} INFO - [2023-03-07T13:46:49.465+0000] {dag.py:3441} INFO - Setting next_dagrun for dataset_produces_2 to None, run_after=None
[2023-03-07T13:46:50.432+0000] {processor.py:175} INFO - Processing /home/airflow/.local/lib/python3.7/site-packages/airflow/example_dags/example_datasets.py took 2.773 seconds
[2023-03-07T13:47:23.675+0000] {processor.py:153} INFO - Started process (PID=396) to work on /home/airflow/.local/lib/python3.7/site-packages/airflow/example_dags/example_datasets.py
[2023-03-07T13:47:23.684+0000] {processor.py:743} INFO - Processing file /home/airflow/.local/lib/python3.7/site-packages/airflow/example_dags/example_datasets.py for tasks to queue
[2023-03-07T13:47:23.696+0000] {logging_mixin.py:137} INFO - [2023-03-07T13:47:23.691+0000] {dagbag.py:538} INFO - Filling up the DagBag from /home/airflow/.local/lib/python3.7/site-packages/airflow/example_dags/example_datasets.py
[2023-03-07T13:47:23.867+0000] {processor.py:753} INFO - DAG(s) dict_keys(['dataset_produces_1', 'dataset_consumes_1', 'dataset_consumes_1_never_scheduled', 'dataset_consumes_unknown_never_scheduled', 'dataset_consumes_1_and_2', 'dataset_produces_2']) retrieved from /home/airflow/.local/lib/python3.7/site-packages/airflow/example_dags/example_datasets.py
[2023-03-07T13:47:24.279+0000] {logging_mixin.py:137} INFO - [2023-03-07T13:47:24.278+0000] {dag.py:2690} INFO - Sync 6 DAGs
[2023-03-07T13:47:24.802+0000] {logging_mixin.py:137} INFO - [2023-03-07T13:47:24.799+0000] {dag.py:3441} INFO - Setting next_dagrun for dataset_consumes_1 to None, run_after=None
[2023-03-07T13:47:24.853+0000] {logging_mixin.py:137} INFO - [2023-03-07T13:47:24.842+0000] {dag.py:3441} INFO - Setting next_dagrun for dataset_consumes_1_and_2 to None, run_after=None
[2023-03-07T13:47:24.881+0000] {logging_mixin.py:137} INFO - [2023-03-07T13:47:24.880+0000] {dag.py:3441} INFO - Setting next_dagrun for dataset_consumes_1_never_scheduled to None, run_after=None
[2023-03-07T13:47:24.919+0000] {logging_mixin.py:137} INFO - [2023-03-07T13:47:24.918+0000] {dag.py:3441} INFO - Setting next_dagrun for dataset_consumes_unknown_never_scheduled to None, run_after=None
[2023-03-07T13:47:24.985+0000] {logging_mixin.py:137} INFO - [2023-03-07T13:47:24.978+0000] {dag.py:3441} INFO - Setting next_dagrun for dataset_produces_1 to 2023-03-06T00:00:00+00:00, run_after=2023-03-07T00:00:00+00:00
[2023-03-07T13:47:25.015+0000] {logging_mixin.py:137} INFO - [2023-03-07T13:47:25.014+0000] {dag.py:3441} INFO - Setting next_dagrun for dataset_produces_2 to None, run_after=None
[2023-03-07T13:47:25.801+0000] {processor.py:175} INFO - Processing /home/airflow/.local/lib/python3.7/site-packages/airflow/example_dags/example_datasets.py took 2.165 seconds
[2023-03-07T13:48:04.616+0000] {processor.py:153} INFO - Started process (PID=432) to work on /home/airflow/.local/lib/python3.7/site-packages/airflow/example_dags/example_datasets.py
[2023-03-07T13:48:04.629+0000] {processor.py:743} INFO - Processing file /home/airflow/.local/lib/python3.7/site-packages/airflow/example_dags/example_datasets.py for tasks to queue
[2023-03-07T13:48:04.644+0000] {logging_mixin.py:137} INFO - [2023-03-07T13:48:04.643+0000] {dagbag.py:538} INFO - Filling up the DagBag from /home/airflow/.local/lib/python3.7/site-packages/airflow/example_dags/example_datasets.py
[2023-03-07T13:48:04.734+0000] {processor.py:753} INFO - DAG(s) dict_keys(['dataset_consumes_1', 'dataset_produces_2', 'dataset_consumes_1_and_2', 'dataset_produces_1', 'dataset_consumes_unknown_never_scheduled', 'dataset_consumes_1_never_scheduled']) retrieved from /home/airflow/.local/lib/python3.7/site-packages/airflow/example_dags/example_datasets.py
[2023-03-07T13:48:04.812+0000] {logging_mixin.py:137} INFO - [2023-03-07T13:48:04.812+0000] {dag.py:2690} INFO - Sync 6 DAGs
[2023-03-07T13:48:04.860+0000] {logging_mixin.py:137} INFO - [2023-03-07T13:48:04.860+0000] {dag.py:3441} INFO - Setting next_dagrun for dataset_consumes_1 to None, run_after=None
[2023-03-07T13:48:04.906+0000] {logging_mixin.py:137} INFO - [2023-03-07T13:48:04.906+0000] {dag.py:3441} INFO - Setting next_dagrun for dataset_consumes_1_and_2 to None, run_after=None
[2023-03-07T13:48:04.934+0000] {logging_mixin.py:137} INFO - [2023-03-07T13:48:04.934+0000] {dag.py:3441} INFO - Setting next_dagrun for dataset_consumes_1_never_scheduled to None, run_after=None
[2023-03-07T13:48:04.940+0000] {logging_mixin.py:137} INFO - [2023-03-07T13:48:04.940+0000] {dag.py:3441} INFO - Setting next_dagrun for dataset_consumes_unknown_never_scheduled to None, run_after=None
[2023-03-07T13:48:04.956+0000] {logging_mixin.py:137} INFO - [2023-03-07T13:48:04.956+0000] {dag.py:3441} INFO - Setting next_dagrun for dataset_produces_1 to 2023-03-06T00:00:00+00:00, run_after=2023-03-07T00:00:00+00:00
[2023-03-07T13:48:04.961+0000] {logging_mixin.py:137} INFO - [2023-03-07T13:48:04.961+0000] {dag.py:3441} INFO - Setting next_dagrun for dataset_produces_2 to None, run_after=None
[2023-03-07T13:48:05.400+0000] {processor.py:175} INFO - Processing /home/airflow/.local/lib/python3.7/site-packages/airflow/example_dags/example_datasets.py took 0.788 seconds
[2023-03-07T13:48:36.215+0000] {processor.py:153} INFO - Started process (PID=475) to work on /home/airflow/.local/lib/python3.7/site-packages/airflow/example_dags/example_datasets.py
[2023-03-07T13:48:36.218+0000] {processor.py:743} INFO - Processing file /home/airflow/.local/lib/python3.7/site-packages/airflow/example_dags/example_datasets.py for tasks to queue
[2023-03-07T13:48:36.224+0000] {logging_mixin.py:137} INFO - [2023-03-07T13:48:36.219+0000] {dagbag.py:538} INFO - Filling up the DagBag from /home/airflow/.local/lib/python3.7/site-packages/airflow/example_dags/example_datasets.py
[2023-03-07T13:48:36.249+0000] {processor.py:753} INFO - DAG(s) dict_keys(['dataset_produces_2', 'dataset_consumes_unknown_never_scheduled', 'dataset_consumes_1_never_scheduled', 'dataset_consumes_1_and_2', 'dataset_consumes_1', 'dataset_produces_1']) retrieved from /home/airflow/.local/lib/python3.7/site-packages/airflow/example_dags/example_datasets.py
[2023-03-07T13:48:36.310+0000] {logging_mixin.py:137} INFO - [2023-03-07T13:48:36.310+0000] {dag.py:2690} INFO - Sync 6 DAGs
[2023-03-07T13:48:36.337+0000] {logging_mixin.py:137} INFO - [2023-03-07T13:48:36.336+0000] {dag.py:3441} INFO - Setting next_dagrun for dataset_consumes_1 to None, run_after=None
[2023-03-07T13:48:36.341+0000] {logging_mixin.py:137} INFO - [2023-03-07T13:48:36.341+0000] {dag.py:3441} INFO - Setting next_dagrun for dataset_consumes_1_and_2 to None, run_after=None
[2023-03-07T13:48:36.343+0000] {logging_mixin.py:137} INFO - [2023-03-07T13:48:36.343+0000] {dag.py:3441} INFO - Setting next_dagrun for dataset_consumes_1_never_scheduled to None, run_after=None
[2023-03-07T13:48:36.345+0000] {logging_mixin.py:137} INFO - [2023-03-07T13:48:36.345+0000] {dag.py:3441} INFO - Setting next_dagrun for dataset_consumes_unknown_never_scheduled to None, run_after=None
[2023-03-07T13:48:36.348+0000] {logging_mixin.py:137} INFO - [2023-03-07T13:48:36.348+0000] {dag.py:3441} INFO - Setting next_dagrun for dataset_produces_1 to 2023-03-06T00:00:00+00:00, run_after=2023-03-07T00:00:00+00:00
[2023-03-07T13:48:36.351+0000] {logging_mixin.py:137} INFO - [2023-03-07T13:48:36.350+0000] {dag.py:3441} INFO - Setting next_dagrun for dataset_produces_2 to None, run_after=None
[2023-03-07T13:48:36.406+0000] {processor.py:175} INFO - Processing /home/airflow/.local/lib/python3.7/site-packages/airflow/example_dags/example_datasets.py took 0.207 seconds
[2023-03-07T13:49:06.533+0000] {processor.py:153} INFO - Started process (PID=536) to work on /home/airflow/.local/lib/python3.7/site-packages/airflow/example_dags/example_datasets.py
[2023-03-07T13:49:06.536+0000] {processor.py:743} INFO - Processing file /home/airflow/.local/lib/python3.7/site-packages/airflow/example_dags/example_datasets.py for tasks to queue
[2023-03-07T13:49:06.537+0000] {logging_mixin.py:137} INFO - [2023-03-07T13:49:06.537+0000] {dagbag.py:538} INFO - Filling up the DagBag from /home/airflow/.local/lib/python3.7/site-packages/airflow/example_dags/example_datasets.py
[2023-03-07T13:49:06.559+0000] {processor.py:753} INFO - DAG(s) dict_keys(['dataset_consumes_1', 'dataset_consumes_unknown_never_scheduled', 'dataset_consumes_1_and_2', 'dataset_consumes_1_never_scheduled', 'dataset_produces_2', 'dataset_produces_1']) retrieved from /home/airflow/.local/lib/python3.7/site-packages/airflow/example_dags/example_datasets.py
[2023-03-07T13:49:06.593+0000] {logging_mixin.py:137} INFO - [2023-03-07T13:49:06.593+0000] {dag.py:2690} INFO - Sync 6 DAGs
[2023-03-07T13:49:06.610+0000] {logging_mixin.py:137} INFO - [2023-03-07T13:49:06.610+0000] {dag.py:3441} INFO - Setting next_dagrun for dataset_consumes_1 to None, run_after=None
[2023-03-07T13:49:06.613+0000] {logging_mixin.py:137} INFO - [2023-03-07T13:49:06.613+0000] {dag.py:3441} INFO - Setting next_dagrun for dataset_consumes_1_and_2 to None, run_after=None
[2023-03-07T13:49:06.614+0000] {logging_mixin.py:137} INFO - [2023-03-07T13:49:06.614+0000] {dag.py:3441} INFO - Setting next_dagrun for dataset_consumes_1_never_scheduled to None, run_after=None
[2023-03-07T13:49:06.615+0000] {logging_mixin.py:137} INFO - [2023-03-07T13:49:06.615+0000] {dag.py:3441} INFO - Setting next_dagrun for dataset_consumes_unknown_never_scheduled to None, run_after=None
[2023-03-07T13:49:06.616+0000] {logging_mixin.py:137} INFO - [2023-03-07T13:49:06.616+0000] {dag.py:3441} INFO - Setting next_dagrun for dataset_produces_1 to 2023-03-06T00:00:00+00:00, run_after=2023-03-07T00:00:00+00:00
[2023-03-07T13:49:06.617+0000] {logging_mixin.py:137} INFO - [2023-03-07T13:49:06.617+0000] {dag.py:3441} INFO - Setting next_dagrun for dataset_produces_2 to None, run_after=None
[2023-03-07T13:49:06.637+0000] {processor.py:175} INFO - Processing /home/airflow/.local/lib/python3.7/site-packages/airflow/example_dags/example_datasets.py took 0.110 seconds
[2023-03-07T13:49:36.822+0000] {processor.py:153} INFO - Started process (PID=611) to work on /home/airflow/.local/lib/python3.7/site-packages/airflow/example_dags/example_datasets.py
[2023-03-07T13:49:36.857+0000] {processor.py:743} INFO - Processing file /home/airflow/.local/lib/python3.7/site-packages/airflow/example_dags/example_datasets.py for tasks to queue
[2023-03-07T13:49:36.859+0000] {logging_mixin.py:137} INFO - [2023-03-07T13:49:36.859+0000] {dagbag.py:538} INFO - Filling up the DagBag from /home/airflow/.local/lib/python3.7/site-packages/airflow/example_dags/example_datasets.py
[2023-03-07T13:49:36.886+0000] {processor.py:753} INFO - DAG(s) dict_keys(['dataset_produces_2', 'dataset_consumes_1_never_scheduled', 'dataset_consumes_1_and_2', 'dataset_consumes_unknown_never_scheduled', 'dataset_produces_1', 'dataset_consumes_1']) retrieved from /home/airflow/.local/lib/python3.7/site-packages/airflow/example_dags/example_datasets.py
[2023-03-07T13:49:36.943+0000] {logging_mixin.py:137} INFO - [2023-03-07T13:49:36.943+0000] {dag.py:2690} INFO - Sync 6 DAGs
[2023-03-07T13:49:36.964+0000] {logging_mixin.py:137} INFO - [2023-03-07T13:49:36.964+0000] {dag.py:3441} INFO - Setting next_dagrun for dataset_consumes_1 to None, run_after=None
[2023-03-07T13:49:36.969+0000] {logging_mixin.py:137} INFO - [2023-03-07T13:49:36.969+0000] {dag.py:3441} INFO - Setting next_dagrun for dataset_consumes_1_and_2 to None, run_after=None
[2023-03-07T13:49:36.970+0000] {logging_mixin.py:137} INFO - [2023-03-07T13:49:36.970+0000] {dag.py:3441} INFO - Setting next_dagrun for dataset_consumes_1_never_scheduled to None, run_after=None
[2023-03-07T13:49:36.972+0000] {logging_mixin.py:137} INFO - [2023-03-07T13:49:36.972+0000] {dag.py:3441} INFO - Setting next_dagrun for dataset_consumes_unknown_never_scheduled to None, run_after=None
[2023-03-07T13:49:36.974+0000] {logging_mixin.py:137} INFO - [2023-03-07T13:49:36.974+0000] {dag.py:3441} INFO - Setting next_dagrun for dataset_produces_1 to 2023-03-06T00:00:00+00:00, run_after=2023-03-07T00:00:00+00:00
[2023-03-07T13:49:36.976+0000] {logging_mixin.py:137} INFO - [2023-03-07T13:49:36.976+0000] {dag.py:3441} INFO - Setting next_dagrun for dataset_produces_2 to None, run_after=None
[2023-03-07T13:49:37.006+0000] {processor.py:175} INFO - Processing /home/airflow/.local/lib/python3.7/site-packages/airflow/example_dags/example_datasets.py took 0.191 seconds
[2023-03-07T13:50:07.828+0000] {processor.py:153} INFO - Started process (PID=674) to work on /home/airflow/.local/lib/python3.7/site-packages/airflow/example_dags/example_datasets.py
[2023-03-07T13:50:07.973+0000] {processor.py:743} INFO - Processing file /home/airflow/.local/lib/python3.7/site-packages/airflow/example_dags/example_datasets.py for tasks to queue
[2023-03-07T13:50:07.974+0000] {logging_mixin.py:137} INFO - [2023-03-07T13:50:07.974+0000] {dagbag.py:538} INFO - Filling up the DagBag from /home/airflow/.local/lib/python3.7/site-packages/airflow/example_dags/example_datasets.py
[2023-03-07T13:50:07.987+0000] {processor.py:753} INFO - DAG(s) dict_keys(['dataset_consumes_1', 'dataset_consumes_unknown_never_scheduled', 'dataset_produces_1', 'dataset_produces_2', 'dataset_consumes_1_and_2', 'dataset_consumes_1_never_scheduled']) retrieved from /home/airflow/.local/lib/python3.7/site-packages/airflow/example_dags/example_datasets.py
[2023-03-07T13:50:08.017+0000] {logging_mixin.py:137} INFO - [2023-03-07T13:50:08.017+0000] {dag.py:2690} INFO - Sync 6 DAGs
[2023-03-07T13:50:08.036+0000] {logging_mixin.py:137} INFO - [2023-03-07T13:50:08.036+0000] {dag.py:3441} INFO - Setting next_dagrun for dataset_consumes_1 to None, run_after=None
[2023-03-07T13:50:08.041+0000] {logging_mixin.py:137} INFO - [2023-03-07T13:50:08.041+0000] {dag.py:3441} INFO - Setting next_dagrun for dataset_consumes_1_and_2 to None, run_after=None
[2023-03-07T13:50:08.044+0000] {logging_mixin.py:137} INFO - [2023-03-07T13:50:08.044+0000] {dag.py:3441} INFO - Setting next_dagrun for dataset_consumes_1_never_scheduled to None, run_after=None
[2023-03-07T13:50:08.047+0000] {logging_mixin.py:137} INFO - [2023-03-07T13:50:08.047+0000] {dag.py:3441} INFO - Setting next_dagrun for dataset_consumes_unknown_never_scheduled to None, run_after=None
[2023-03-07T13:50:08.051+0000] {logging_mixin.py:137} INFO - [2023-03-07T13:50:08.050+0000] {dag.py:3441} INFO - Setting next_dagrun for dataset_produces_1 to 2023-03-06T00:00:00+00:00, run_after=2023-03-07T00:00:00+00:00
[2023-03-07T13:50:08.053+0000] {logging_mixin.py:137} INFO - [2023-03-07T13:50:08.053+0000] {dag.py:3441} INFO - Setting next_dagrun for dataset_produces_2 to None, run_after=None
[2023-03-07T13:50:08.088+0000] {processor.py:175} INFO - Processing /home/airflow/.local/lib/python3.7/site-packages/airflow/example_dags/example_datasets.py took 0.266 seconds
[2023-03-07T13:50:38.428+0000] {processor.py:153} INFO - Started process (PID=748) to work on /home/airflow/.local/lib/python3.7/site-packages/airflow/example_dags/example_datasets.py
[2023-03-07T13:50:38.431+0000] {processor.py:743} INFO - Processing file /home/airflow/.local/lib/python3.7/site-packages/airflow/example_dags/example_datasets.py for tasks to queue
[2023-03-07T13:50:38.432+0000] {logging_mixin.py:137} INFO - [2023-03-07T13:50:38.432+0000] {dagbag.py:538} INFO - Filling up the DagBag from /home/airflow/.local/lib/python3.7/site-packages/airflow/example_dags/example_datasets.py
[2023-03-07T13:50:38.452+0000] {processor.py:753} INFO - DAG(s) dict_keys(['dataset_consumes_unknown_never_scheduled', 'dataset_consumes_1', 'dataset_produces_1', 'dataset_consumes_1_and_2', 'dataset_produces_2', 'dataset_consumes_1_never_scheduled']) retrieved from /home/airflow/.local/lib/python3.7/site-packages/airflow/example_dags/example_datasets.py
[2023-03-07T13:50:38.515+0000] {logging_mixin.py:137} INFO - [2023-03-07T13:50:38.515+0000] {dag.py:2690} INFO - Sync 6 DAGs
[2023-03-07T13:50:38.543+0000] {logging_mixin.py:137} INFO - [2023-03-07T13:50:38.542+0000] {dag.py:3441} INFO - Setting next_dagrun for dataset_consumes_1 to None, run_after=None
[2023-03-07T13:50:38.546+0000] {logging_mixin.py:137} INFO - [2023-03-07T13:50:38.546+0000] {dag.py:3441} INFO - Setting next_dagrun for dataset_consumes_1_and_2 to None, run_after=None
[2023-03-07T13:50:38.547+0000] {logging_mixin.py:137} INFO - [2023-03-07T13:50:38.547+0000] {dag.py:3441} INFO - Setting next_dagrun for dataset_consumes_1_never_scheduled to None, run_after=None
[2023-03-07T13:50:38.548+0000] {logging_mixin.py:137} INFO - [2023-03-07T13:50:38.548+0000] {dag.py:3441} INFO - Setting next_dagrun for dataset_consumes_unknown_never_scheduled to None, run_after=None
[2023-03-07T13:50:38.550+0000] {logging_mixin.py:137} INFO - [2023-03-07T13:50:38.550+0000] {dag.py:3441} INFO - Setting next_dagrun for dataset_produces_1 to 2023-03-06T00:00:00+00:00, run_after=2023-03-07T00:00:00+00:00
[2023-03-07T13:50:38.552+0000] {logging_mixin.py:137} INFO - [2023-03-07T13:50:38.552+0000] {dag.py:3441} INFO - Setting next_dagrun for dataset_produces_2 to None, run_after=None
[2023-03-07T13:50:38.575+0000] {processor.py:175} INFO - Processing /home/airflow/.local/lib/python3.7/site-packages/airflow/example_dags/example_datasets.py took 0.152 seconds
[2023-03-07T13:51:08.749+0000] {processor.py:153} INFO - Started process (PID=811) to work on /home/airflow/.local/lib/python3.7/site-packages/airflow/example_dags/example_datasets.py
[2023-03-07T13:51:08.751+0000] {processor.py:743} INFO - Processing file /home/airflow/.local/lib/python3.7/site-packages/airflow/example_dags/example_datasets.py for tasks to queue
[2023-03-07T13:51:08.752+0000] {logging_mixin.py:137} INFO - [2023-03-07T13:51:08.752+0000] {dagbag.py:538} INFO - Filling up the DagBag from /home/airflow/.local/lib/python3.7/site-packages/airflow/example_dags/example_datasets.py
[2023-03-07T13:51:08.766+0000] {processor.py:753} INFO - DAG(s) dict_keys(['dataset_produces_2', 'dataset_consumes_1_never_scheduled', 'dataset_produces_1', 'dataset_consumes_1_and_2', 'dataset_consumes_unknown_never_scheduled', 'dataset_consumes_1']) retrieved from /home/airflow/.local/lib/python3.7/site-packages/airflow/example_dags/example_datasets.py
[2023-03-07T13:51:08.833+0000] {logging_mixin.py:137} INFO - [2023-03-07T13:51:08.833+0000] {dag.py:2690} INFO - Sync 6 DAGs
[2023-03-07T13:51:08.882+0000] {logging_mixin.py:137} INFO - [2023-03-07T13:51:08.882+0000] {dag.py:3441} INFO - Setting next_dagrun for dataset_consumes_1 to None, run_after=None
[2023-03-07T13:51:08.887+0000] {logging_mixin.py:137} INFO - [2023-03-07T13:51:08.887+0000] {dag.py:3441} INFO - Setting next_dagrun for dataset_consumes_1_and_2 to None, run_after=None
[2023-03-07T13:51:08.890+0000] {logging_mixin.py:137} INFO - [2023-03-07T13:51:08.889+0000] {dag.py:3441} INFO - Setting next_dagrun for dataset_consumes_1_never_scheduled to None, run_after=None
[2023-03-07T13:51:08.891+0000] {logging_mixin.py:137} INFO - [2023-03-07T13:51:08.891+0000] {dag.py:3441} INFO - Setting next_dagrun for dataset_consumes_unknown_never_scheduled to None, run_after=None
[2023-03-07T13:51:08.895+0000] {logging_mixin.py:137} INFO - [2023-03-07T13:51:08.895+0000] {dag.py:3441} INFO - Setting next_dagrun for dataset_produces_1 to 2023-03-06T00:00:00+00:00, run_after=2023-03-07T00:00:00+00:00
[2023-03-07T13:51:08.897+0000] {logging_mixin.py:137} INFO - [2023-03-07T13:51:08.897+0000] {dag.py:3441} INFO - Setting next_dagrun for dataset_produces_2 to None, run_after=None
[2023-03-07T13:51:08.941+0000] {processor.py:175} INFO - Processing /home/airflow/.local/lib/python3.7/site-packages/airflow/example_dags/example_datasets.py took 0.195 seconds
[2023-03-07T13:51:39.071+0000] {processor.py:153} INFO - Started process (PID=887) to work on /home/airflow/.local/lib/python3.7/site-packages/airflow/example_dags/example_datasets.py
[2023-03-07T13:51:39.073+0000] {processor.py:743} INFO - Processing file /home/airflow/.local/lib/python3.7/site-packages/airflow/example_dags/example_datasets.py for tasks to queue
[2023-03-07T13:51:39.074+0000] {logging_mixin.py:137} INFO - [2023-03-07T13:51:39.074+0000] {dagbag.py:538} INFO - Filling up the DagBag from /home/airflow/.local/lib/python3.7/site-packages/airflow/example_dags/example_datasets.py
[2023-03-07T13:51:39.087+0000] {processor.py:753} INFO - DAG(s) dict_keys(['dataset_consumes_1', 'dataset_produces_2', 'dataset_produces_1', 'dataset_consumes_unknown_never_scheduled', 'dataset_consumes_1_never_scheduled', 'dataset_consumes_1_and_2']) retrieved from /home/airflow/.local/lib/python3.7/site-packages/airflow/example_dags/example_datasets.py
[2023-03-07T13:51:39.127+0000] {logging_mixin.py:137} INFO - [2023-03-07T13:51:39.127+0000] {dag.py:2690} INFO - Sync 6 DAGs
[2023-03-07T13:51:39.167+0000] {logging_mixin.py:137} INFO - [2023-03-07T13:51:39.167+0000] {dag.py:3441} INFO - Setting next_dagrun for dataset_consumes_1 to None, run_after=None
[2023-03-07T13:51:39.172+0000] {logging_mixin.py:137} INFO - [2023-03-07T13:51:39.172+0000] {dag.py:3441} INFO - Setting next_dagrun for dataset_consumes_1_and_2 to None, run_after=None
[2023-03-07T13:51:39.174+0000] {logging_mixin.py:137} INFO - [2023-03-07T13:51:39.174+0000] {dag.py:3441} INFO - Setting next_dagrun for dataset_consumes_1_never_scheduled to None, run_after=None
[2023-03-07T13:51:39.176+0000] {logging_mixin.py:137} INFO - [2023-03-07T13:51:39.176+0000] {dag.py:3441} INFO - Setting next_dagrun for dataset_consumes_unknown_never_scheduled to None, run_after=None
[2023-03-07T13:51:39.178+0000] {logging_mixin.py:137} INFO - [2023-03-07T13:51:39.178+0000] {dag.py:3441} INFO - Setting next_dagrun for dataset_produces_1 to 2023-03-06T00:00:00+00:00, run_after=2023-03-07T00:00:00+00:00
[2023-03-07T13:51:39.180+0000] {logging_mixin.py:137} INFO - [2023-03-07T13:51:39.179+0000] {dag.py:3441} INFO - Setting next_dagrun for dataset_produces_2 to None, run_after=None
[2023-03-07T13:51:39.220+0000] {processor.py:175} INFO - Processing /home/airflow/.local/lib/python3.7/site-packages/airflow/example_dags/example_datasets.py took 0.152 seconds
[2023-03-07T13:52:09.315+0000] {processor.py:153} INFO - Started process (PID=950) to work on /home/airflow/.local/lib/python3.7/site-packages/airflow/example_dags/example_datasets.py
[2023-03-07T13:52:09.318+0000] {processor.py:743} INFO - Processing file /home/airflow/.local/lib/python3.7/site-packages/airflow/example_dags/example_datasets.py for tasks to queue
[2023-03-07T13:52:09.320+0000] {logging_mixin.py:137} INFO - [2023-03-07T13:52:09.320+0000] {dagbag.py:538} INFO - Filling up the DagBag from /home/airflow/.local/lib/python3.7/site-packages/airflow/example_dags/example_datasets.py
[2023-03-07T13:52:09.343+0000] {processor.py:753} INFO - DAG(s) dict_keys(['dataset_consumes_1', 'dataset_produces_2', 'dataset_consumes_1_and_2', 'dataset_consumes_unknown_never_scheduled', 'dataset_consumes_1_never_scheduled', 'dataset_produces_1']) retrieved from /home/airflow/.local/lib/python3.7/site-packages/airflow/example_dags/example_datasets.py
[2023-03-07T13:52:09.377+0000] {logging_mixin.py:137} INFO - [2023-03-07T13:52:09.377+0000] {dag.py:2690} INFO - Sync 6 DAGs
[2023-03-07T13:52:09.394+0000] {logging_mixin.py:137} INFO - [2023-03-07T13:52:09.394+0000] {dag.py:3441} INFO - Setting next_dagrun for dataset_consumes_1 to None, run_after=None
[2023-03-07T13:52:09.397+0000] {logging_mixin.py:137} INFO - [2023-03-07T13:52:09.397+0000] {dag.py:3441} INFO - Setting next_dagrun for dataset_consumes_1_and_2 to None, run_after=None
[2023-03-07T13:52:09.398+0000] {logging_mixin.py:137} INFO - [2023-03-07T13:52:09.398+0000] {dag.py:3441} INFO - Setting next_dagrun for dataset_consumes_1_never_scheduled to None, run_after=None
[2023-03-07T13:52:09.399+0000] {logging_mixin.py:137} INFO - [2023-03-07T13:52:09.399+0000] {dag.py:3441} INFO - Setting next_dagrun for dataset_consumes_unknown_never_scheduled to None, run_after=None
[2023-03-07T13:52:09.401+0000] {logging_mixin.py:137} INFO - [2023-03-07T13:52:09.401+0000] {dag.py:3441} INFO - Setting next_dagrun for dataset_produces_1 to 2023-03-06T00:00:00+00:00, run_after=2023-03-07T00:00:00+00:00
[2023-03-07T13:52:09.402+0000] {logging_mixin.py:137} INFO - [2023-03-07T13:52:09.402+0000] {dag.py:3441} INFO - Setting next_dagrun for dataset_produces_2 to None, run_after=None
[2023-03-07T13:52:09.425+0000] {processor.py:175} INFO - Processing /home/airflow/.local/lib/python3.7/site-packages/airflow/example_dags/example_datasets.py took 0.116 seconds
[2023-03-07T13:52:39.969+0000] {processor.py:153} INFO - Started process (PID=1025) to work on /home/airflow/.local/lib/python3.7/site-packages/airflow/example_dags/example_datasets.py
[2023-03-07T13:52:39.975+0000] {processor.py:743} INFO - Processing file /home/airflow/.local/lib/python3.7/site-packages/airflow/example_dags/example_datasets.py for tasks to queue
[2023-03-07T13:52:39.977+0000] {logging_mixin.py:137} INFO - [2023-03-07T13:52:39.977+0000] {dagbag.py:538} INFO - Filling up the DagBag from /home/airflow/.local/lib/python3.7/site-packages/airflow/example_dags/example_datasets.py
[2023-03-07T13:52:40.006+0000] {processor.py:753} INFO - DAG(s) dict_keys(['dataset_consumes_1_never_scheduled', 'dataset_produces_2', 'dataset_consumes_1_and_2', 'dataset_produces_1', 'dataset_consumes_unknown_never_scheduled', 'dataset_consumes_1']) retrieved from /home/airflow/.local/lib/python3.7/site-packages/airflow/example_dags/example_datasets.py
[2023-03-07T13:52:40.099+0000] {logging_mixin.py:137} INFO - [2023-03-07T13:52:40.098+0000] {dag.py:2690} INFO - Sync 6 DAGs
[2023-03-07T13:52:40.135+0000] {logging_mixin.py:137} INFO - [2023-03-07T13:52:40.135+0000] {dag.py:3441} INFO - Setting next_dagrun for dataset_consumes_1 to None, run_after=None
[2023-03-07T13:52:40.138+0000] {logging_mixin.py:137} INFO - [2023-03-07T13:52:40.138+0000] {dag.py:3441} INFO - Setting next_dagrun for dataset_consumes_1_and_2 to None, run_after=None
[2023-03-07T13:52:40.139+0000] {logging_mixin.py:137} INFO - [2023-03-07T13:52:40.139+0000] {dag.py:3441} INFO - Setting next_dagrun for dataset_consumes_1_never_scheduled to None, run_after=None
[2023-03-07T13:52:40.141+0000] {logging_mixin.py:137} INFO - [2023-03-07T13:52:40.140+0000] {dag.py:3441} INFO - Setting next_dagrun for dataset_consumes_unknown_never_scheduled to None, run_after=None
[2023-03-07T13:52:40.143+0000] {logging_mixin.py:137} INFO - [2023-03-07T13:52:40.143+0000] {dag.py:3441} INFO - Setting next_dagrun for dataset_produces_1 to 2023-03-06T00:00:00+00:00, run_after=2023-03-07T00:00:00+00:00
[2023-03-07T13:52:40.144+0000] {logging_mixin.py:137} INFO - [2023-03-07T13:52:40.144+0000] {dag.py:3441} INFO - Setting next_dagrun for dataset_produces_2 to None, run_after=None
[2023-03-07T13:52:40.169+0000] {processor.py:175} INFO - Processing /home/airflow/.local/lib/python3.7/site-packages/airflow/example_dags/example_datasets.py took 0.211 seconds
