[2023-03-07T13:43:45.456+0000] {processor.py:153} INFO - Started process (PID=68) to work on /home/airflow/.local/lib/python3.7/site-packages/airflow/example_dags/example_task_group.py
[2023-03-07T13:43:45.460+0000] {processor.py:743} INFO - Processing file /home/airflow/.local/lib/python3.7/site-packages/airflow/example_dags/example_task_group.py for tasks to queue
[2023-03-07T13:43:45.465+0000] {logging_mixin.py:137} INFO - [2023-03-07T13:43:45.465+0000] {dagbag.py:538} INFO - Filling up the DagBag from /home/airflow/.local/lib/python3.7/site-packages/airflow/example_dags/example_task_group.py
[2023-03-07T13:43:45.500+0000] {processor.py:753} INFO - DAG(s) dict_keys(['example_task_group']) retrieved from /home/airflow/.local/lib/python3.7/site-packages/airflow/example_dags/example_task_group.py
[2023-03-07T13:43:45.722+0000] {logging_mixin.py:137} INFO - [2023-03-07T13:43:45.722+0000] {dag.py:2690} INFO - Sync 1 DAGs
[2023-03-07T13:43:45.836+0000] {logging_mixin.py:137} INFO - [2023-03-07T13:43:45.835+0000] {dag.py:3441} INFO - Setting next_dagrun for example_task_group to 2023-03-06T13:43:45.828743+00:00, run_after=2023-03-07T13:43:45.828743+00:00
[2023-03-07T13:43:45.977+0000] {processor.py:175} INFO - Processing /home/airflow/.local/lib/python3.7/site-packages/airflow/example_dags/example_task_group.py took 0.533 seconds
[2023-03-07T13:44:16.280+0000] {processor.py:153} INFO - Started process (PID=130) to work on /home/airflow/.local/lib/python3.7/site-packages/airflow/example_dags/example_task_group.py
[2023-03-07T13:44:16.282+0000] {processor.py:743} INFO - Processing file /home/airflow/.local/lib/python3.7/site-packages/airflow/example_dags/example_task_group.py for tasks to queue
[2023-03-07T13:44:16.283+0000] {logging_mixin.py:137} INFO - [2023-03-07T13:44:16.283+0000] {dagbag.py:538} INFO - Filling up the DagBag from /home/airflow/.local/lib/python3.7/site-packages/airflow/example_dags/example_task_group.py
[2023-03-07T13:44:16.320+0000] {processor.py:753} INFO - DAG(s) dict_keys(['example_task_group']) retrieved from /home/airflow/.local/lib/python3.7/site-packages/airflow/example_dags/example_task_group.py
[2023-03-07T13:44:16.348+0000] {logging_mixin.py:137} INFO - [2023-03-07T13:44:16.348+0000] {dag.py:2690} INFO - Sync 1 DAGs
[2023-03-07T13:44:16.398+0000] {logging_mixin.py:137} INFO - [2023-03-07T13:44:16.398+0000] {dag.py:3441} INFO - Setting next_dagrun for example_task_group to 2023-03-06T13:44:16.397798+00:00, run_after=2023-03-07T13:44:16.397798+00:00
[2023-03-07T13:44:16.433+0000] {processor.py:175} INFO - Processing /home/airflow/.local/lib/python3.7/site-packages/airflow/example_dags/example_task_group.py took 0.157 seconds
[2023-03-07T13:45:21.012+0000] {processor.py:153} INFO - Started process (PID=205) to work on /home/airflow/.local/lib/python3.7/site-packages/airflow/example_dags/example_task_group.py
[2023-03-07T13:45:21.021+0000] {processor.py:743} INFO - Processing file /home/airflow/.local/lib/python3.7/site-packages/airflow/example_dags/example_task_group.py for tasks to queue
[2023-03-07T13:45:21.024+0000] {logging_mixin.py:137} INFO - [2023-03-07T13:45:21.024+0000] {dagbag.py:538} INFO - Filling up the DagBag from /home/airflow/.local/lib/python3.7/site-packages/airflow/example_dags/example_task_group.py
[2023-03-07T13:45:21.279+0000] {processor.py:753} INFO - DAG(s) dict_keys(['example_task_group']) retrieved from /home/airflow/.local/lib/python3.7/site-packages/airflow/example_dags/example_task_group.py
[2023-03-07T13:45:21.731+0000] {logging_mixin.py:137} INFO - [2023-03-07T13:45:21.691+0000] {dag.py:2690} INFO - Sync 1 DAGs
[2023-03-07T13:45:22.045+0000] {logging_mixin.py:137} INFO - [2023-03-07T13:45:22.044+0000] {dag.py:3441} INFO - Setting next_dagrun for example_task_group to 2023-03-06T13:45:22.042451+00:00, run_after=2023-03-07T13:45:22.042451+00:00
[2023-03-07T13:45:22.224+0000] {processor.py:175} INFO - Processing /home/airflow/.local/lib/python3.7/site-packages/airflow/example_dags/example_task_group.py took 1.267 seconds
[2023-03-07T13:45:58.372+0000] {processor.py:153} INFO - Started process (PID=269) to work on /home/airflow/.local/lib/python3.7/site-packages/airflow/example_dags/example_task_group.py
[2023-03-07T13:45:58.387+0000] {processor.py:743} INFO - Processing file /home/airflow/.local/lib/python3.7/site-packages/airflow/example_dags/example_task_group.py for tasks to queue
[2023-03-07T13:45:58.389+0000] {logging_mixin.py:137} INFO - [2023-03-07T13:45:58.389+0000] {dagbag.py:538} INFO - Filling up the DagBag from /home/airflow/.local/lib/python3.7/site-packages/airflow/example_dags/example_task_group.py
[2023-03-07T13:45:58.453+0000] {processor.py:753} INFO - DAG(s) dict_keys(['example_task_group']) retrieved from /home/airflow/.local/lib/python3.7/site-packages/airflow/example_dags/example_task_group.py
[2023-03-07T13:45:58.826+0000] {logging_mixin.py:137} INFO - [2023-03-07T13:45:58.826+0000] {dag.py:2690} INFO - Sync 1 DAGs
[2023-03-07T13:45:58.927+0000] {logging_mixin.py:137} INFO - [2023-03-07T13:45:58.927+0000] {dag.py:3441} INFO - Setting next_dagrun for example_task_group to 2023-03-06T13:45:58.926980+00:00, run_after=2023-03-07T13:45:58.926980+00:00
[2023-03-07T13:45:58.993+0000] {processor.py:175} INFO - Processing /home/airflow/.local/lib/python3.7/site-packages/airflow/example_dags/example_task_group.py took 0.640 seconds
