[2023-03-07T13:43:48.356+0000] {processor.py:153} INFO - Started process (PID=76) to work on /home/airflow/.local/lib/python3.7/site-packages/airflow/example_dags/example_nested_branch_dag.py
[2023-03-07T13:43:48.367+0000] {processor.py:743} INFO - Processing file /home/airflow/.local/lib/python3.7/site-packages/airflow/example_dags/example_nested_branch_dag.py for tasks to queue
[2023-03-07T13:43:48.369+0000] {logging_mixin.py:137} INFO - [2023-03-07T13:43:48.369+0000] {dagbag.py:538} INFO - Filling up the DagBag from /home/airflow/.local/lib/python3.7/site-packages/airflow/example_dags/example_nested_branch_dag.py
[2023-03-07T13:43:48.600+0000] {processor.py:753} INFO - DAG(s) dict_keys(['example_nested_branch_dag']) retrieved from /home/airflow/.local/lib/python3.7/site-packages/airflow/example_dags/example_nested_branch_dag.py
[2023-03-07T13:43:48.779+0000] {logging_mixin.py:137} INFO - [2023-03-07T13:43:48.778+0000] {dag.py:2690} INFO - Sync 1 DAGs
[2023-03-07T13:43:48.885+0000] {logging_mixin.py:137} INFO - [2023-03-07T13:43:48.884+0000] {dag.py:3441} INFO - Setting next_dagrun for example_nested_branch_dag to 2023-03-06T00:00:00+00:00, run_after=2023-03-07T00:00:00+00:00
[2023-03-07T13:43:48.933+0000] {processor.py:175} INFO - Processing /home/airflow/.local/lib/python3.7/site-packages/airflow/example_dags/example_nested_branch_dag.py took 0.582 seconds
[2023-03-07T13:44:19.204+0000] {processor.py:153} INFO - Started process (PID=138) to work on /home/airflow/.local/lib/python3.7/site-packages/airflow/example_dags/example_nested_branch_dag.py
[2023-03-07T13:44:19.219+0000] {processor.py:743} INFO - Processing file /home/airflow/.local/lib/python3.7/site-packages/airflow/example_dags/example_nested_branch_dag.py for tasks to queue
[2023-03-07T13:44:19.224+0000] {logging_mixin.py:137} INFO - [2023-03-07T13:44:19.224+0000] {dagbag.py:538} INFO - Filling up the DagBag from /home/airflow/.local/lib/python3.7/site-packages/airflow/example_dags/example_nested_branch_dag.py
[2023-03-07T13:44:19.279+0000] {processor.py:753} INFO - DAG(s) dict_keys(['example_nested_branch_dag']) retrieved from /home/airflow/.local/lib/python3.7/site-packages/airflow/example_dags/example_nested_branch_dag.py
[2023-03-07T13:44:19.419+0000] {logging_mixin.py:137} INFO - [2023-03-07T13:44:19.419+0000] {dag.py:2690} INFO - Sync 1 DAGs
[2023-03-07T13:44:19.774+0000] {logging_mixin.py:137} INFO - [2023-03-07T13:44:19.773+0000] {dag.py:3441} INFO - Setting next_dagrun for example_nested_branch_dag to 2023-03-06T00:00:00+00:00, run_after=2023-03-07T00:00:00+00:00
[2023-03-07T13:44:19.844+0000] {processor.py:175} INFO - Processing /home/airflow/.local/lib/python3.7/site-packages/airflow/example_dags/example_nested_branch_dag.py took 0.666 seconds
[2023-03-07T13:45:28.676+0000] {processor.py:153} INFO - Started process (PID=223) to work on /home/airflow/.local/lib/python3.7/site-packages/airflow/example_dags/example_nested_branch_dag.py
[2023-03-07T13:45:28.723+0000] {processor.py:743} INFO - Processing file /home/airflow/.local/lib/python3.7/site-packages/airflow/example_dags/example_nested_branch_dag.py for tasks to queue
[2023-03-07T13:45:28.810+0000] {logging_mixin.py:137} INFO - [2023-03-07T13:45:28.800+0000] {dagbag.py:538} INFO - Filling up the DagBag from /home/airflow/.local/lib/python3.7/site-packages/airflow/example_dags/example_nested_branch_dag.py
[2023-03-07T13:45:29.214+0000] {processor.py:753} INFO - DAG(s) dict_keys(['example_nested_branch_dag']) retrieved from /home/airflow/.local/lib/python3.7/site-packages/airflow/example_dags/example_nested_branch_dag.py
[2023-03-07T13:45:29.666+0000] {logging_mixin.py:137} INFO - [2023-03-07T13:45:29.665+0000] {dag.py:2690} INFO - Sync 1 DAGs
[2023-03-07T13:45:30.037+0000] {logging_mixin.py:137} INFO - [2023-03-07T13:45:30.021+0000] {dag.py:3441} INFO - Setting next_dagrun for example_nested_branch_dag to 2023-03-06T00:00:00+00:00, run_after=2023-03-07T00:00:00+00:00
[2023-03-07T13:45:30.369+0000] {processor.py:175} INFO - Processing /home/airflow/.local/lib/python3.7/site-packages/airflow/example_dags/example_nested_branch_dag.py took 1.788 seconds
[2023-03-07T13:46:02.132+0000] {processor.py:153} INFO - Started process (PID=277) to work on /home/airflow/.local/lib/python3.7/site-packages/airflow/example_dags/example_nested_branch_dag.py
[2023-03-07T13:46:02.239+0000] {processor.py:743} INFO - Processing file /home/airflow/.local/lib/python3.7/site-packages/airflow/example_dags/example_nested_branch_dag.py for tasks to queue
[2023-03-07T13:46:02.243+0000] {logging_mixin.py:137} INFO - [2023-03-07T13:46:02.242+0000] {dagbag.py:538} INFO - Filling up the DagBag from /home/airflow/.local/lib/python3.7/site-packages/airflow/example_dags/example_nested_branch_dag.py
[2023-03-07T13:46:02.282+0000] {processor.py:753} INFO - DAG(s) dict_keys(['example_nested_branch_dag']) retrieved from /home/airflow/.local/lib/python3.7/site-packages/airflow/example_dags/example_nested_branch_dag.py
[2023-03-07T13:46:02.383+0000] {logging_mixin.py:137} INFO - [2023-03-07T13:46:02.383+0000] {dag.py:2690} INFO - Sync 1 DAGs
[2023-03-07T13:46:02.495+0000] {logging_mixin.py:137} INFO - [2023-03-07T13:46:02.494+0000] {dag.py:3441} INFO - Setting next_dagrun for example_nested_branch_dag to 2023-03-06T00:00:00+00:00, run_after=2023-03-07T00:00:00+00:00
[2023-03-07T13:46:02.569+0000] {processor.py:175} INFO - Processing /home/airflow/.local/lib/python3.7/site-packages/airflow/example_dags/example_nested_branch_dag.py took 0.446 seconds
