[2023-03-07T13:43:47.781+0000] {processor.py:153} INFO - Started process (PID=74) to work on /home/airflow/.local/lib/python3.7/site-packages/airflow/example_dags/tutorial.py
[2023-03-07T13:43:47.786+0000] {processor.py:743} INFO - Processing file /home/airflow/.local/lib/python3.7/site-packages/airflow/example_dags/tutorial.py for tasks to queue
[2023-03-07T13:43:47.789+0000] {logging_mixin.py:137} INFO - [2023-03-07T13:43:47.789+0000] {dagbag.py:538} INFO - Filling up the DagBag from /home/airflow/.local/lib/python3.7/site-packages/airflow/example_dags/tutorial.py
[2023-03-07T13:43:47.826+0000] {processor.py:753} INFO - DAG(s) dict_keys(['tutorial']) retrieved from /home/airflow/.local/lib/python3.7/site-packages/airflow/example_dags/tutorial.py
[2023-03-07T13:43:47.939+0000] {logging_mixin.py:137} INFO - [2023-03-07T13:43:47.938+0000] {dag.py:2690} INFO - Sync 1 DAGs
[2023-03-07T13:43:48.029+0000] {logging_mixin.py:137} INFO - [2023-03-07T13:43:48.029+0000] {dag.py:3441} INFO - Setting next_dagrun for tutorial to 2023-03-06T13:43:48.028736+00:00, run_after=2023-03-07T13:43:48.028736+00:00
[2023-03-07T13:43:48.154+0000] {processor.py:175} INFO - Processing /home/airflow/.local/lib/python3.7/site-packages/airflow/example_dags/tutorial.py took 0.391 seconds
[2023-03-07T13:44:18.860+0000] {processor.py:153} INFO - Started process (PID=135) to work on /home/airflow/.local/lib/python3.7/site-packages/airflow/example_dags/tutorial.py
[2023-03-07T13:44:18.864+0000] {processor.py:743} INFO - Processing file /home/airflow/.local/lib/python3.7/site-packages/airflow/example_dags/tutorial.py for tasks to queue
[2023-03-07T13:44:18.866+0000] {logging_mixin.py:137} INFO - [2023-03-07T13:44:18.866+0000] {dagbag.py:538} INFO - Filling up the DagBag from /home/airflow/.local/lib/python3.7/site-packages/airflow/example_dags/tutorial.py
[2023-03-07T13:44:18.898+0000] {processor.py:753} INFO - DAG(s) dict_keys(['tutorial']) retrieved from /home/airflow/.local/lib/python3.7/site-packages/airflow/example_dags/tutorial.py
[2023-03-07T13:44:18.960+0000] {logging_mixin.py:137} INFO - [2023-03-07T13:44:18.960+0000] {dag.py:2690} INFO - Sync 1 DAGs
[2023-03-07T13:44:19.002+0000] {logging_mixin.py:137} INFO - [2023-03-07T13:44:19.001+0000] {dag.py:3441} INFO - Setting next_dagrun for tutorial to 2023-03-06T13:44:19.001416+00:00, run_after=2023-03-07T13:44:19.001416+00:00
[2023-03-07T13:44:19.032+0000] {processor.py:175} INFO - Processing /home/airflow/.local/lib/python3.7/site-packages/airflow/example_dags/tutorial.py took 0.178 seconds
[2023-03-07T13:45:26.176+0000] {processor.py:153} INFO - Started process (PID=219) to work on /home/airflow/.local/lib/python3.7/site-packages/airflow/example_dags/tutorial.py
[2023-03-07T13:45:26.181+0000] {processor.py:743} INFO - Processing file /home/airflow/.local/lib/python3.7/site-packages/airflow/example_dags/tutorial.py for tasks to queue
[2023-03-07T13:45:26.188+0000] {logging_mixin.py:137} INFO - [2023-03-07T13:45:26.186+0000] {dagbag.py:538} INFO - Filling up the DagBag from /home/airflow/.local/lib/python3.7/site-packages/airflow/example_dags/tutorial.py
[2023-03-07T13:45:26.285+0000] {processor.py:753} INFO - DAG(s) dict_keys(['tutorial']) retrieved from /home/airflow/.local/lib/python3.7/site-packages/airflow/example_dags/tutorial.py
[2023-03-07T13:45:26.699+0000] {logging_mixin.py:137} INFO - [2023-03-07T13:45:26.679+0000] {dag.py:2690} INFO - Sync 1 DAGs
[2023-03-07T13:45:26.964+0000] {logging_mixin.py:137} INFO - [2023-03-07T13:45:26.964+0000] {dag.py:3441} INFO - Setting next_dagrun for tutorial to 2023-03-06T13:45:26.963077+00:00, run_after=2023-03-07T13:45:26.963077+00:00
[2023-03-07T13:45:27.265+0000] {processor.py:175} INFO - Processing /home/airflow/.local/lib/python3.7/site-packages/airflow/example_dags/tutorial.py took 1.103 seconds
[2023-03-07T13:46:01.499+0000] {processor.py:153} INFO - Started process (PID=275) to work on /home/airflow/.local/lib/python3.7/site-packages/airflow/example_dags/tutorial.py
[2023-03-07T13:46:01.778+0000] {processor.py:743} INFO - Processing file /home/airflow/.local/lib/python3.7/site-packages/airflow/example_dags/tutorial.py for tasks to queue
[2023-03-07T13:46:01.787+0000] {logging_mixin.py:137} INFO - [2023-03-07T13:46:01.786+0000] {dagbag.py:538} INFO - Filling up the DagBag from /home/airflow/.local/lib/python3.7/site-packages/airflow/example_dags/tutorial.py
[2023-03-07T13:46:01.824+0000] {processor.py:753} INFO - DAG(s) dict_keys(['tutorial']) retrieved from /home/airflow/.local/lib/python3.7/site-packages/airflow/example_dags/tutorial.py
[2023-03-07T13:46:01.918+0000] {logging_mixin.py:137} INFO - [2023-03-07T13:46:01.917+0000] {dag.py:2690} INFO - Sync 1 DAGs
[2023-03-07T13:46:02.006+0000] {logging_mixin.py:137} INFO - [2023-03-07T13:46:02.006+0000] {dag.py:3441} INFO - Setting next_dagrun for tutorial to 2023-03-06T13:46:02.004853+00:00, run_after=2023-03-07T13:46:02.004853+00:00
[2023-03-07T13:46:02.063+0000] {processor.py:175} INFO - Processing /home/airflow/.local/lib/python3.7/site-packages/airflow/example_dags/tutorial.py took 0.571 seconds
