[2023-03-07T13:43:37.464+0000] {processor.py:153} INFO - Started process (PID=51) to work on /home/airflow/.local/lib/python3.7/site-packages/airflow/example_dags/tutorial_dag.py
[2023-03-07T13:43:37.466+0000] {processor.py:743} INFO - Processing file /home/airflow/.local/lib/python3.7/site-packages/airflow/example_dags/tutorial_dag.py for tasks to queue
[2023-03-07T13:43:37.468+0000] {logging_mixin.py:137} INFO - [2023-03-07T13:43:37.468+0000] {dagbag.py:538} INFO - Filling up the DagBag from /home/airflow/.local/lib/python3.7/site-packages/airflow/example_dags/tutorial_dag.py
[2023-03-07T13:43:37.565+0000] {processor.py:753} INFO - DAG(s) dict_keys(['tutorial_dag']) retrieved from /home/airflow/.local/lib/python3.7/site-packages/airflow/example_dags/tutorial_dag.py
[2023-03-07T13:43:37.681+0000] {logging_mixin.py:137} INFO - [2023-03-07T13:43:37.680+0000] {dag.py:2690} INFO - Sync 1 DAGs
[2023-03-07T13:43:37.770+0000] {logging_mixin.py:137} INFO - [2023-03-07T13:43:37.770+0000] {dag.py:3441} INFO - Setting next_dagrun for tutorial_dag to None, run_after=None
[2023-03-07T13:43:37.888+0000] {processor.py:175} INFO - Processing /home/airflow/.local/lib/python3.7/site-packages/airflow/example_dags/tutorial_dag.py took 0.435 seconds
[2023-03-07T13:44:08.616+0000] {processor.py:153} INFO - Started process (PID=101) to work on /home/airflow/.local/lib/python3.7/site-packages/airflow/example_dags/tutorial_dag.py
[2023-03-07T13:44:08.634+0000] {processor.py:743} INFO - Processing file /home/airflow/.local/lib/python3.7/site-packages/airflow/example_dags/tutorial_dag.py for tasks to queue
[2023-03-07T13:44:08.675+0000] {logging_mixin.py:137} INFO - [2023-03-07T13:44:08.674+0000] {dagbag.py:538} INFO - Filling up the DagBag from /home/airflow/.local/lib/python3.7/site-packages/airflow/example_dags/tutorial_dag.py
[2023-03-07T13:44:08.864+0000] {processor.py:753} INFO - DAG(s) dict_keys(['tutorial_dag']) retrieved from /home/airflow/.local/lib/python3.7/site-packages/airflow/example_dags/tutorial_dag.py
[2023-03-07T13:44:09.028+0000] {logging_mixin.py:137} INFO - [2023-03-07T13:44:09.028+0000] {dag.py:2690} INFO - Sync 1 DAGs
[2023-03-07T13:44:09.134+0000] {logging_mixin.py:137} INFO - [2023-03-07T13:44:09.134+0000] {dag.py:3441} INFO - Setting next_dagrun for tutorial_dag to None, run_after=None
[2023-03-07T13:44:09.250+0000] {processor.py:175} INFO - Processing /home/airflow/.local/lib/python3.7/site-packages/airflow/example_dags/tutorial_dag.py took 0.727 seconds
[2023-03-07T13:44:45.242+0000] {processor.py:153} INFO - Started process (PID=164) to work on /home/airflow/.local/lib/python3.7/site-packages/airflow/example_dags/tutorial_dag.py
[2023-03-07T13:44:45.301+0000] {processor.py:743} INFO - Processing file /home/airflow/.local/lib/python3.7/site-packages/airflow/example_dags/tutorial_dag.py for tasks to queue
[2023-03-07T13:44:45.355+0000] {logging_mixin.py:137} INFO - [2023-03-07T13:44:45.330+0000] {dagbag.py:538} INFO - Filling up the DagBag from /home/airflow/.local/lib/python3.7/site-packages/airflow/example_dags/tutorial_dag.py
[2023-03-07T13:44:46.138+0000] {processor.py:753} INFO - DAG(s) dict_keys(['tutorial_dag']) retrieved from /home/airflow/.local/lib/python3.7/site-packages/airflow/example_dags/tutorial_dag.py
[2023-03-07T13:44:47.200+0000] {logging_mixin.py:137} INFO - [2023-03-07T13:44:47.198+0000] {dag.py:2690} INFO - Sync 1 DAGs
[2023-03-07T13:44:47.718+0000] {logging_mixin.py:137} INFO - [2023-03-07T13:44:47.717+0000] {dag.py:3441} INFO - Setting next_dagrun for tutorial_dag to None, run_after=None
[2023-03-07T13:44:47.873+0000] {processor.py:175} INFO - Processing /home/airflow/.local/lib/python3.7/site-packages/airflow/example_dags/tutorial_dag.py took 2.762 seconds
[2023-03-07T13:45:41.240+0000] {processor.py:153} INFO - Started process (PID=235) to work on /home/airflow/.local/lib/python3.7/site-packages/airflow/example_dags/tutorial_dag.py
[2023-03-07T13:45:41.260+0000] {processor.py:743} INFO - Processing file /home/airflow/.local/lib/python3.7/site-packages/airflow/example_dags/tutorial_dag.py for tasks to queue
[2023-03-07T13:45:41.267+0000] {logging_mixin.py:137} INFO - [2023-03-07T13:45:41.267+0000] {dagbag.py:538} INFO - Filling up the DagBag from /home/airflow/.local/lib/python3.7/site-packages/airflow/example_dags/tutorial_dag.py
[2023-03-07T13:45:41.389+0000] {processor.py:753} INFO - DAG(s) dict_keys(['tutorial_dag']) retrieved from /home/airflow/.local/lib/python3.7/site-packages/airflow/example_dags/tutorial_dag.py
[2023-03-07T13:45:41.533+0000] {logging_mixin.py:137} INFO - [2023-03-07T13:45:41.532+0000] {dag.py:2690} INFO - Sync 1 DAGs
[2023-03-07T13:45:41.719+0000] {logging_mixin.py:137} INFO - [2023-03-07T13:45:41.719+0000] {dag.py:3441} INFO - Setting next_dagrun for tutorial_dag to None, run_after=None
[2023-03-07T13:45:41.956+0000] {processor.py:175} INFO - Processing /home/airflow/.local/lib/python3.7/site-packages/airflow/example_dags/tutorial_dag.py took 0.738 seconds
[2023-03-07T13:46:17.538+0000] {processor.py:153} INFO - Started process (PID=298) to work on /home/airflow/.local/lib/python3.7/site-packages/airflow/example_dags/tutorial_dag.py
[2023-03-07T13:46:17.547+0000] {processor.py:743} INFO - Processing file /home/airflow/.local/lib/python3.7/site-packages/airflow/example_dags/tutorial_dag.py for tasks to queue
[2023-03-07T13:46:17.580+0000] {logging_mixin.py:137} INFO - [2023-03-07T13:46:17.579+0000] {dagbag.py:538} INFO - Filling up the DagBag from /home/airflow/.local/lib/python3.7/site-packages/airflow/example_dags/tutorial_dag.py
[2023-03-07T13:46:17.749+0000] {processor.py:753} INFO - DAG(s) dict_keys(['tutorial_dag']) retrieved from /home/airflow/.local/lib/python3.7/site-packages/airflow/example_dags/tutorial_dag.py
[2023-03-07T13:46:17.832+0000] {logging_mixin.py:137} INFO - [2023-03-07T13:46:17.832+0000] {dag.py:2690} INFO - Sync 1 DAGs
[2023-03-07T13:46:17.893+0000] {logging_mixin.py:137} INFO - [2023-03-07T13:46:17.893+0000] {dag.py:3441} INFO - Setting next_dagrun for tutorial_dag to None, run_after=None
[2023-03-07T13:46:17.979+0000] {processor.py:175} INFO - Processing /home/airflow/.local/lib/python3.7/site-packages/airflow/example_dags/tutorial_dag.py took 0.457 seconds
